[ 2017-02-21T17:45:05+08:00 ] ::1 /zySystem/
INFO: [ app_init ] --START--
INFO: Run Behavior\BuildLiteBehavior [ RunTime:0.000012s ]
INFO: [ app_init ] --END-- [ RunTime:0.000642s ]
INFO: [ app_begin ] --START--
INFO: Run Behavior\ReadHtmlCacheBehavior [ RunTime:0.000542s ]
INFO: [ app_begin ] --END-- [ RunTime:0.000591s ]
INFO: [ view_parse ] --START--
INFO: [ template_filter ] --START--
INFO: Run Behavior\ContentReplaceBehavior [ RunTime:0.000043s ]
INFO: [ template_filter ] --END-- [ RunTime:0.000084s ]
INFO: Run Behavior\ParseTemplateBehavior [ RunTime:0.005433s ]
INFO: [ view_parse ] --END-- [ RunTime:0.005494s ]
INFO: [ view_filter ] --START--
INFO: Run Behavior\WriteHtmlCacheBehavior [ RunTime:0.000468s ]
INFO: [ view_filter ] --END-- [ RunTime:0.000499s ]
INFO: [ app_end ] --START--
INFO: Run Behavior\ShowPageTraceBehavior [ RunTime:0.000737s ]
INFO: [ app_end ] --END-- [ RunTime:0.000841s ]

[ 2017-02-21T17:45:09+08:00 ] ::1 /zySystem/index.php/Home/Login/Login.html
INFO: [ app_init ] --START--
INFO: Run Behavior\BuildLiteBehavior [ RunTime:0.000012s ]
INFO: [ app_init ] --END-- [ RunTime:0.000312s ]
INFO: [ app_begin ] --START--
INFO: Run Behavior\ReadHtmlCacheBehavior [ RunTime:0.001213s ]
INFO: [ app_begin ] --END-- [ RunTime:0.001461s ]
SQL: SHOW COLUMNS FROM `user-info-dict` [ RunTime:0.0043s ]
SQL: SELECT * FROM `user-info-dict` WHERE `userName` = '王昊' AND `passWord` = '' LIMIT 1   [ RunTime:0.0039s ]

[ 2017-02-21T17:45:09+08:00 ] ::1 /zySystem/index.php/Home/index/home/rev/1.html
INFO: [ app_init ] --START--
INFO: Run Behavior\BuildLiteBehavior [ RunTime:0.000009s ]
INFO: [ app_init ] --END-- [ RunTime:0.000273s ]
INFO: [ app_begin ] --START--
INFO: Run Behavior\ReadHtmlCacheBehavior [ RunTime:0.000342s ]
INFO: [ app_begin ] --END-- [ RunTime:0.000380s ]
INFO: [ view_parse ] --START--
INFO: [ template_filter ] --START--
INFO: Run Behavior\ContentReplaceBehavior [ RunTime:0.000209s ]
INFO: [ template_filter ] --END-- [ RunTime:0.000255s ]
INFO: Run Behavior\ParseTemplateBehavior [ RunTime:0.011287s ]
INFO: [ view_parse ] --END-- [ RunTime:0.011348s ]
INFO: [ view_filter ] --START--
INFO: Run Behavior\WriteHtmlCacheBehavior [ RunTime:0.000280s ]
INFO: [ view_filter ] --END-- [ RunTime:0.000308s ]
INFO: [ app_end ] --START--
INFO: Run Behavior\ShowPageTraceBehavior [ RunTime:0.001117s ]
INFO: [ app_end ] --END-- [ RunTime:0.001169s ]

[ 2017-02-21T17:45:09+08:00 ] ::1 /zySystem/index.php/Home/Index/jiezhen.html
INFO: [ app_init ] --START--
INFO: Run Behavior\BuildLiteBehavior [ RunTime:0.000010s ]
INFO: [ app_init ] --END-- [ RunTime:0.000332s ]
INFO: [ app_begin ] --START--
INFO: Run Behavior\ReadHtmlCacheBehavior [ RunTime:0.000402s ]
INFO: [ app_begin ] --END-- [ RunTime:0.000512s ]
SQL: SHOW COLUMNS FROM `station_p` [ RunTime:0.0046s ]
SQL: SELECT COUNT(*) AS tp_count FROM `station_p` WHERE ( jz_flag=1 ) LIMIT 1   [ RunTime:0.0044s ]
SQL: SELECT * FROM `station_p` WHERE ( jz_flag=1 ) ORDER BY p_date desc LIMIT 0,9   [ RunTime:0.0044s ]
INFO: [ view_parse ] --START--
INFO: [ template_filter ] --START--
INFO: Run Behavior\ContentReplaceBehavior [ RunTime:0.000108s ]
INFO: [ template_filter ] --END-- [ RunTime:0.000156s ]
NOTIC: [8] Use of undefined constant br_id - assumed 'br_id' F:\xampp\htdocs\zySystem\Application\Runtime\Cache\Home\f57058ef33cdbd30d34e0f5f8cf47eda.php 第 74 行.
NOTIC: [8] Use of undefined constant xh - assumed 'xh' F:\xampp\htdocs\zySystem\Application\Runtime\Cache\Home\f57058ef33cdbd30d34e0f5f8cf47eda.php 第 74 行.
NOTIC: [8] Use of undefined constant br_id - assumed 'br_id' F:\xampp\htdocs\zySystem\Application\Runtime\Cache\Home\f57058ef33cdbd30d34e0f5f8cf47eda.php 第 74 行.
NOTIC: [8] Use of undefined constant xh - assumed 'xh' F:\xampp\htdocs\zySystem\Application\Runtime\Cache\Home\f57058ef33cdbd30d34e0f5f8cf47eda.php 第 74 行.
NOTIC: [8] Use of undefined constant br_id - assumed 'br_id' F:\xampp\htdocs\zySystem\Application\Runtime\Cache\Home\f57058ef33cdbd30d34e0f5f8cf47eda.php 第 74 行.
NOTIC: [8] Use of undefined constant xh - assumed 'xh' F:\xampp\htdocs\zySystem\Application\Runtime\Cache\Home\f57058ef33cdbd30d34e0f5f8cf47eda.php 第 74 行.
NOTIC: [8] Use of undefined constant br_id - assumed 'br_id' F:\xampp\htdocs\zySystem\Application\Runtime\Cache\Home\f57058ef33cdbd30d34e0f5f8cf47eda.php 第 74 行.
NOTIC: [8] Use of undefined constant xh - assumed 'xh' F:\xampp\htdocs\zySystem\Application\Runtime\Cache\Home\f57058ef33cdbd30d34e0f5f8cf47eda.php 第 74 行.
NOTIC: [8] Use of undefined constant br_id - assumed 'br_id' F:\xampp\htdocs\zySystem\Application\Runtime\Cache\Home\f57058ef33cdbd30d34e0f5f8cf47eda.php 第 74 行.
NOTIC: [8] Use of undefined constant xh - assumed 'xh' F:\xampp\htdocs\zySystem\Application\Runtime\Cache\Home\f57058ef33cdbd30d34e0f5f8cf47eda.php 第 74 行.
NOTIC: [8] Use of undefined constant br_id - assumed 'br_id' F:\xampp\htdocs\zySystem\Application\Runtime\Cache\Home\f57058ef33cdbd30d34e0f5f8cf47eda.php 第 74 行.
NOTIC: [8] Use of undefined constant xh - assumed 'xh' F:\xampp\htdocs\zySystem\Application\Runtime\Cache\Home\f57058ef33cdbd30d34e0f5f8cf47eda.php 第 74 行.
NOTIC: [8] Use of undefined constant br_id - assumed 'br_id' F:\xampp\htdocs\zySystem\Application\Runtime\Cache\Home\f57058ef33cdbd30d34e0f5f8cf47eda.php 第 74 行.
NOTIC: [8] Use of undefined constant xh - assumed 'xh' F:\xampp\htdocs\zySystem\Application\Runtime\Cache\Home\f57058ef33cdbd30d34e0f5f8cf47eda.php 第 74 行.
NOTIC: [8] Use of undefined constant br_id - assumed 'br_id' F:\xampp\htdocs\zySystem\Application\Runtime\Cache\Home\f57058ef33cdbd30d34e0f5f8cf47eda.php 第 74 行.
NOTIC: [8] Use of undefined constant xh - assumed 'xh' F:\xampp\htdocs\zySystem\Application\Runtime\Cache\Home\f57058ef33cdbd30d34e0f5f8cf47eda.php 第 74 行.
NOTIC: [8] Use of undefined constant br_id - assumed 'br_id' F:\xampp\htdocs\zySystem\Application\Runtime\Cache\Home\f57058ef33cdbd30d34e0f5f8cf47eda.php 第 74 行.
NOTIC: [8] Use of undefined constant xh - assumed 'xh' F:\xampp\htdocs\zySystem\Application\Runtime\Cache\Home\f57058ef33cdbd30d34e0f5f8cf47eda.php 第 74 行.
INFO: Run Behavior\ParseTemplateBehavior [ RunTime:0.012090s ]
INFO: [ view_parse ] --END-- [ RunTime:0.012132s ]
INFO: [ view_filter ] --START--
INFO: Run Behavior\WriteHtmlCacheBehavior [ RunTime:0.000235s ]
INFO: [ view_filter ] --END-- [ RunTime:0.000262s ]
INFO: [ app_end ] --START--
INFO: Run Behavior\ShowPageTraceBehavior [ RunTime:0.000414s ]
INFO: [ app_end ] --END-- [ RunTime:0.000450s ]

[ 2017-02-21T17:45:09+08:00 ] ::1 /zySystem/index.php/Home/Index/jiezhen.html
INFO: [ app_init ] --START--
INFO: Run Behavior\BuildLiteBehavior [ RunTime:0.000016s ]
INFO: [ app_init ] --END-- [ RunTime:0.000523s ]
INFO: [ app_begin ] --START--
INFO: Run Behavior\ReadHtmlCacheBehavior [ RunTime:0.000479s ]
INFO: [ app_begin ] --END-- [ RunTime:0.000544s ]
SQL: SHOW COLUMNS FROM `station_p` [ RunTime:0.0045s ]
SQL: SELECT COUNT(*) AS tp_count FROM `station_p` WHERE ( jz_flag=1 ) LIMIT 1   [ RunTime:0.0036s ]
SQL: SELECT * FROM `station_p` WHERE ( jz_flag=1 ) ORDER BY p_date desc LIMIT 0,9   [ RunTime:0.0042s ]
INFO: [ view_parse ] --START--
INFO: [ template_filter ] --START--
INFO: Run Behavior\ContentReplaceBehavior [ RunTime:0.000097s ]
INFO: [ template_filter ] --END-- [ RunTime:0.000153s ]
NOTIC: [8] Use of undefined constant br_id - assumed 'br_id' F:\xampp\htdocs\zySystem\Application\Runtime\Cache\Home\f57058ef33cdbd30d34e0f5f8cf47eda.php 第 74 行.
NOTIC: [8] Use of undefined constant xh - assumed 'xh' F:\xampp\htdocs\zySystem\Application\Runtime\Cache\Home\f57058ef33cdbd30d34e0f5f8cf47eda.php 第 74 行.
NOTIC: [8] Use of undefined constant br_id - assumed 'br_id' F:\xampp\htdocs\zySystem\Application\Runtime\Cache\Home\f57058ef33cdbd30d34e0f5f8cf47eda.php 第 74 行.
NOTIC: [8] Use of undefined constant xh - assumed 'xh' F:\xampp\htdocs\zySystem\Application\Runtime\Cache\Home\f57058ef33cdbd30d34e0f5f8cf47eda.php 第 74 行.
NOTIC: [8] Use of undefined constant br_id - assumed 'br_id' F:\xampp\htdocs\zySystem\Application\Runtime\Cache\Home\f57058ef33cdbd30d34e0f5f8cf47eda.php 第 74 行.
NOTIC: [8] Use of undefined constant xh - assumed 'xh' F:\xampp\htdocs\zySystem\Application\Runtime\Cache\Home\f57058ef33cdbd30d34e0f5f8cf47eda.php 第 74 行.
NOTIC: [8] Use of undefined constant br_id - assumed 'br_id' F:\xampp\htdocs\zySystem\Application\Runtime\Cache\Home\f57058ef33cdbd30d34e0f5f8cf47eda.php 第 74 行.
NOTIC: [8] Use of undefined constant xh - assumed 'xh' F:\xampp\htdocs\zySystem\Application\Runtime\Cache\Home\f57058ef33cdbd30d34e0f5f8cf47eda.php 第 74 行.
NOTIC: [8] Use of undefined constant br_id - assumed 'br_id' F:\xampp\htdocs\zySystem\Application\Runtime\Cache\Home\f57058ef33cdbd30d34e0f5f8cf47eda.php 第 74 行.
NOTIC: [8] Use of undefined constant xh - assumed 'xh' F:\xampp\htdocs\zySystem\Application\Runtime\Cache\Home\f57058ef33cdbd30d34e0f5f8cf47eda.php 第 74 行.
NOTIC: [8] Use of undefined constant br_id - assumed 'br_id' F:\xampp\htdocs\zySystem\Application\Runtime\Cache\Home\f57058ef33cdbd30d34e0f5f8cf47eda.php 第 74 行.
NOTIC: [8] Use of undefined constant xh - assumed 'xh' F:\xampp\htdocs\zySystem\Application\Runtime\Cache\Home\f57058ef33cdbd30d34e0f5f8cf47eda.php 第 74 行.
NOTIC: [8] Use of undefined constant br_id - assumed 'br_id' F:\xampp\htdocs\zySystem\Application\Runtime\Cache\Home\f57058ef33cdbd30d34e0f5f8cf47eda.php 第 74 行.
NOTIC: [8] Use of undefined constant xh - assumed 'xh' F:\xampp\htdocs\zySystem\Application\Runtime\Cache\Home\f57058ef33cdbd30d34e0f5f8cf47eda.php 第 74 行.
NOTIC: [8] Use of undefined constant br_id - assumed 'br_id' F:\xampp\htdocs\zySystem\Application\Runtime\Cache\Home\f57058ef33cdbd30d34e0f5f8cf47eda.php 第 74 行.
NOTIC: [8] Use of undefined constant xh - assumed 'xh' F:\xampp\htdocs\zySystem\Application\Runtime\Cache\Home\f57058ef33cdbd30d34e0f5f8cf47eda.php 第 74 行.
NOTIC: [8] Use of undefined constant br_id - assumed 'br_id' F:\xampp\htdocs\zySystem\Application\Runtime\Cache\Home\f57058ef33cdbd30d34e0f5f8cf47eda.php 第 74 行.
NOTIC: [8] Use of undefined constant xh - assumed 'xh' F:\xampp\htdocs\zySystem\Application\Runtime\Cache\Home\f57058ef33cdbd30d34e0f5f8cf47eda.php 第 74 行.
INFO: Run Behavior\ParseTemplateBehavior [ RunTime:0.008955s ]
INFO: [ view_parse ] --END-- [ RunTime:0.008997s ]
INFO: [ view_filter ] --START--
INFO: Run Behavior\WriteHtmlCacheBehavior [ RunTime:0.000369s ]
INFO: [ view_filter ] --END-- [ RunTime:0.000406s ]
INFO: [ app_end ] --START--
INFO: Run Behavior\ShowPageTraceBehavior [ RunTime:0.000746s ]
INFO: [ app_end ] --END-- [ RunTime:0.000798s ]

[ 2017-02-21T17:45:12+08:00 ] ::1 /zySystem/index.php/Home/Login/userInfo.html
INFO: [ app_init ] --START--
INFO: Run Behavior\BuildLiteBehavior [ RunTime:0.000011s ]
INFO: [ app_init ] --END-- [ RunTime:0.000358s ]
INFO: [ app_begin ] --START--
INFO: Run Behavior\ReadHtmlCacheBehavior [ RunTime:0.000446s ]
INFO: [ app_begin ] --END-- [ RunTime:0.000493s ]
SQL: SHOW COLUMNS FROM `power-name` [ RunTime:0.0043s ]
SQL: SHOW COLUMNS FROM `user-info-dict` [ RunTime:0.0042s ]
SQL: SELECT `power` FROM `user-info-dict` WHERE ( id=7 ) LIMIT 1   [ RunTime:0.0037s ]
SQL: SELECT `name` FROM `power-name` WHERE ( id=1 ) LIMIT 1   [ RunTime:0.0048s ]
SQL: SELECT `userPhone` FROM `user-info-dict` WHERE ( id=7 ) LIMIT 1   [ RunTime:0.0038s ]
INFO: [ view_parse ] --START--
INFO: [ template_filter ] --START--
INFO: Run Behavior\ContentReplaceBehavior [ RunTime:0.000056s ]
INFO: [ template_filter ] --END-- [ RunTime:0.000098s ]
INFO: Run Behavior\ParseTemplateBehavior [ RunTime:0.007348s ]
INFO: [ view_parse ] --END-- [ RunTime:0.007406s ]
INFO: [ view_filter ] --START--
INFO: Run Behavior\WriteHtmlCacheBehavior [ RunTime:0.000335s ]
INFO: [ view_filter ] --END-- [ RunTime:0.000363s ]
INFO: [ app_end ] --START--
INFO: Run Behavior\ShowPageTraceBehavior [ RunTime:0.000781s ]
INFO: [ app_end ] --END-- [ RunTime:0.000828s ]

[ 2017-02-21T17:45:12+08:00 ] ::1 /zySystem/index.php/Home/Login/
INFO: [ app_init ] --START--
INFO: Run Behavior\BuildLiteBehavior [ RunTime:0.000012s ]
INFO: [ app_init ] --END-- [ RunTime:0.000324s ]
INFO: [ app_begin ] --START--
INFO: Run Behavior\ReadHtmlCacheBehavior [ RunTime:0.000403s ]
INFO: [ app_begin ] --END-- [ RunTime:0.000447s ]
ERR: 非法操作:index

[ 2017-02-21T17:45:21+08:00 ] ::1 /zySystem/index.php/Home/Kaifang/west.html
INFO: [ app_init ] --START--
INFO: Run Behavior\BuildLiteBehavior [ RunTime:0.000009s ]
INFO: [ app_init ] --END-- [ RunTime:0.000273s ]
INFO: [ app_begin ] --START--
INFO: Run Behavior\ReadHtmlCacheBehavior [ RunTime:0.000340s ]
INFO: [ app_begin ] --END-- [ RunTime:0.000375s ]
SQL: SHOW COLUMNS FROM `useage_table` [ RunTime:0.0042s ]
SQL: SHOW COLUMNS FROM `usepl_table` [ RunTime:0.0129s ]
SQL: SELECT * FROM `usepl_table`  [ RunTime:0.0058s ]
SQL: SELECT * FROM `useage_table`  [ RunTime:0.0179s ]
INFO: [ view_parse ] --START--
INFO: [ template_filter ] --START--
INFO: Run Behavior\ContentReplaceBehavior [ RunTime:0.000097s ]
INFO: [ template_filter ] --END-- [ RunTime:0.000155s ]
NOTIC: [8] Undefined variable: xyname F:\xampp\htdocs\zySystem\Application\Runtime\Cache\Home\52dae682b834f278ede62bc02a026de2.php 第 38 行.
INFO: Run Behavior\ParseTemplateBehavior [ RunTime:0.009426s ]
INFO: [ view_parse ] --END-- [ RunTime:0.009485s ]
INFO: [ view_filter ] --START--
INFO: Run Behavior\WriteHtmlCacheBehavior [ RunTime:0.000208s ]
INFO: [ view_filter ] --END-- [ RunTime:0.000234s ]
INFO: [ app_end ] --START--
INFO: Run Behavior\ShowPageTraceBehavior [ RunTime:0.000525s ]
INFO: [ app_end ] --END-- [ RunTime:0.000555s ]

[ 2017-02-21T17:45:24+08:00 ] ::1 /zySystem/index.php/Home/Kaifang/zyhome.html
INFO: [ app_init ] --START--
INFO: Run Behavior\BuildLiteBehavior [ RunTime:0.000009s ]
INFO: [ app_init ] --END-- [ RunTime:0.000320s ]
INFO: [ app_begin ] --START--
INFO: Run Behavior\ReadHtmlCacheBehavior [ RunTime:0.000338s ]
INFO: [ app_begin ] --END-- [ RunTime:0.000374s ]
SQL: SHOW COLUMNS FROM `bz_cf` [ RunTime:0.0043s ]
SQL: SELECT dict_drug_zy.drug_name,bz_cf.dw FROM `bz_cf` INNER JOIN dict_drug_zy on dict_drug_zy.drug_code=bz_cf.ypdm  WHERE bz_cf.cfdm = '1413.1001'  [ RunTime:0.0558s ]
INFO: [ view_parse ] --START--
INFO: [ template_filter ] --START--
INFO: Run Behavior\ContentReplaceBehavior [ RunTime:0.000048s ]
INFO: [ template_filter ] --END-- [ RunTime:0.000089s ]
INFO: Run Behavior\ParseTemplateBehavior [ RunTime:0.007559s ]
INFO: [ view_parse ] --END-- [ RunTime:0.007633s ]
INFO: [ view_filter ] --START--
INFO: Run Behavior\WriteHtmlCacheBehavior [ RunTime:0.000272s ]
INFO: [ view_filter ] --END-- [ RunTime:0.000315s ]
INFO: [ app_end ] --START--
INFO: Run Behavior\ShowPageTraceBehavior [ RunTime:0.000812s ]
INFO: [ app_end ] --END-- [ RunTime:0.000859s ]

