[ 2017-02-06T08:30:19+08:00 ] ::1 /zySystem/
INFO: [ app_init ] --START--
INFO: Run Behavior\BuildLiteBehavior [ RunTime:0.000000s ]
INFO: [ app_init ] --END-- [ RunTime:0.002000s ]
INFO: [ app_begin ] --START--
INFO: Run Behavior\ReadHtmlCacheBehavior [ RunTime:0.002000s ]
INFO: [ app_begin ] --END-- [ RunTime:0.002000s ]
INFO: [ view_parse ] --START--
INFO: [ template_filter ] --START--
INFO: Run Behavior\ContentReplaceBehavior [ RunTime:0.000000s ]
INFO: [ template_filter ] --END-- [ RunTime:0.000000s ]
INFO: Run Behavior\ParseTemplateBehavior [ RunTime:0.031001s ]
INFO: [ view_parse ] --END-- [ RunTime:0.031001s ]
INFO: [ view_filter ] --START--
INFO: Run Behavior\WriteHtmlCacheBehavior [ RunTime:0.002000s ]
INFO: [ view_filter ] --END-- [ RunTime:0.002000s ]
INFO: [ app_end ] --START--
INFO: Run Behavior\ShowPageTraceBehavior [ RunTime:0.002001s ]
INFO: [ app_end ] --END-- [ RunTime:0.002001s ]

[ 2017-02-06T08:30:21+08:00 ] ::1 /zySystem/index.php/Home/Index/home?
INFO: [ app_init ] --START--
INFO: Run Behavior\BuildLiteBehavior [ RunTime:0.000000s ]
INFO: [ app_init ] --END-- [ RunTime:0.002000s ]
INFO: [ app_begin ] --START--
INFO: Run Behavior\ReadHtmlCacheBehavior [ RunTime:0.002000s ]
INFO: [ app_begin ] --END-- [ RunTime:0.002000s ]
INFO: [ view_parse ] --START--
INFO: [ template_filter ] --START--
INFO: Run Behavior\ContentReplaceBehavior [ RunTime:0.001000s ]
INFO: [ template_filter ] --END-- [ RunTime:0.001000s ]
INFO: Run Behavior\ParseTemplateBehavior [ RunTime:0.026001s ]
INFO: [ view_parse ] --END-- [ RunTime:0.026001s ]
INFO: [ view_filter ] --START--
INFO: Run Behavior\WriteHtmlCacheBehavior [ RunTime:0.001000s ]
INFO: [ view_filter ] --END-- [ RunTime:0.001000s ]
INFO: [ app_end ] --START--
INFO: Run Behavior\ShowPageTraceBehavior [ RunTime:0.001000s ]
INFO: [ app_end ] --END-- [ RunTime:0.001000s ]

[ 2017-02-06T08:30:21+08:00 ] ::1 /zySystem/index.php/Home/Index/jiezhen.html
INFO: [ app_init ] --START--
INFO: Run Behavior\BuildLiteBehavior [ RunTime:0.000000s ]
INFO: [ app_init ] --END-- [ RunTime:0.001000s ]
INFO: [ app_begin ] --START--
INFO: Run Behavior\ReadHtmlCacheBehavior [ RunTime:0.002001s ]
INFO: [ app_begin ] --END-- [ RunTime:0.002001s ]
SQL: SHOW COLUMNS FROM `station_p` [ RunTime:0.0060s ]
SQL: SELECT * FROM `station_p` WHERE ( jz_flagjz=1 )  [ RunTime:0.0030s ]
INFO: [ view_parse ] --START--
INFO: [ template_filter ] --START--
INFO: Run Behavior\ContentReplaceBehavior [ RunTime:0.000000s ]
INFO: [ template_filter ] --END-- [ RunTime:0.000000s ]
NOTIC: [8] Use of undefined constant br_id - assumed 'br_id' C:\xampp\htdocs\zySystem\Application\Runtime\Cache\Home\f57058ef33cdbd30d34e0f5f8cf47eda.php 第 72 行.
NOTIC: [8] Use of undefined constant br_id - assumed 'br_id' C:\xampp\htdocs\zySystem\Application\Runtime\Cache\Home\f57058ef33cdbd30d34e0f5f8cf47eda.php 第 72 行.
NOTIC: [8] Use of undefined constant br_id - assumed 'br_id' C:\xampp\htdocs\zySystem\Application\Runtime\Cache\Home\f57058ef33cdbd30d34e0f5f8cf47eda.php 第 72 行.
NOTIC: [8] Use of undefined constant br_id - assumed 'br_id' C:\xampp\htdocs\zySystem\Application\Runtime\Cache\Home\f57058ef33cdbd30d34e0f5f8cf47eda.php 第 72 行.
NOTIC: [8] Use of undefined constant br_id - assumed 'br_id' C:\xampp\htdocs\zySystem\Application\Runtime\Cache\Home\f57058ef33cdbd30d34e0f5f8cf47eda.php 第 72 行.
NOTIC: [8] Use of undefined constant br_id - assumed 'br_id' C:\xampp\htdocs\zySystem\Application\Runtime\Cache\Home\f57058ef33cdbd30d34e0f5f8cf47eda.php 第 72 行.
INFO: Run Behavior\ParseTemplateBehavior [ RunTime:0.025001s ]
INFO: [ view_parse ] --END-- [ RunTime:0.025001s ]
INFO: [ view_filter ] --START--
INFO: Run Behavior\WriteHtmlCacheBehavior [ RunTime:0.001000s ]
INFO: [ view_filter ] --END-- [ RunTime:0.001000s ]
INFO: [ app_end ] --START--
INFO: Run Behavior\ShowPageTraceBehavior [ RunTime:0.001000s ]
INFO: [ app_end ] --END-- [ RunTime:0.002000s ]

[ 2017-02-06T08:30:22+08:00 ] ::1 /zySystem/index.php/Home/Index/jiezhen.html
INFO: [ app_init ] --START--
INFO: Run Behavior\BuildLiteBehavior [ RunTime:0.000000s ]
INFO: [ app_init ] --END-- [ RunTime:0.001000s ]
INFO: [ app_begin ] --START--
INFO: Run Behavior\ReadHtmlCacheBehavior [ RunTime:0.001000s ]
INFO: [ app_begin ] --END-- [ RunTime:0.001000s ]
SQL: SHOW COLUMNS FROM `station_p` [ RunTime:0.0060s ]
SQL: SELECT * FROM `station_p` WHERE ( jz_flagjz=1 )  [ RunTime:0.0030s ]
INFO: [ view_parse ] --START--
INFO: [ template_filter ] --START--
INFO: Run Behavior\ContentReplaceBehavior [ RunTime:0.000000s ]
INFO: [ template_filter ] --END-- [ RunTime:0.000000s ]
NOTIC: [8] Use of undefined constant br_id - assumed 'br_id' C:\xampp\htdocs\zySystem\Application\Runtime\Cache\Home\f57058ef33cdbd30d34e0f5f8cf47eda.php 第 72 行.
NOTIC: [8] Use of undefined constant br_id - assumed 'br_id' C:\xampp\htdocs\zySystem\Application\Runtime\Cache\Home\f57058ef33cdbd30d34e0f5f8cf47eda.php 第 72 行.
NOTIC: [8] Use of undefined constant br_id - assumed 'br_id' C:\xampp\htdocs\zySystem\Application\Runtime\Cache\Home\f57058ef33cdbd30d34e0f5f8cf47eda.php 第 72 行.
NOTIC: [8] Use of undefined constant br_id - assumed 'br_id' C:\xampp\htdocs\zySystem\Application\Runtime\Cache\Home\f57058ef33cdbd30d34e0f5f8cf47eda.php 第 72 行.
NOTIC: [8] Use of undefined constant br_id - assumed 'br_id' C:\xampp\htdocs\zySystem\Application\Runtime\Cache\Home\f57058ef33cdbd30d34e0f5f8cf47eda.php 第 72 行.
NOTIC: [8] Use of undefined constant br_id - assumed 'br_id' C:\xampp\htdocs\zySystem\Application\Runtime\Cache\Home\f57058ef33cdbd30d34e0f5f8cf47eda.php 第 72 行.
INFO: Run Behavior\ParseTemplateBehavior [ RunTime:0.026001s ]
INFO: [ view_parse ] --END-- [ RunTime:0.026001s ]
INFO: [ view_filter ] --START--
INFO: Run Behavior\WriteHtmlCacheBehavior [ RunTime:0.000000s ]
INFO: [ view_filter ] --END-- [ RunTime:0.001000s ]
INFO: [ app_end ] --START--
INFO: Run Behavior\ShowPageTraceBehavior [ RunTime:0.002001s ]
INFO: [ app_end ] --END-- [ RunTime:0.002001s ]

[ 2017-02-06T08:30:29+08:00 ] ::1 /zySystem/index.php/Home/Index/dengji.html
INFO: [ app_init ] --START--
INFO: Run Behavior\BuildLiteBehavior [ RunTime:0.000000s ]
INFO: [ app_init ] --END-- [ RunTime:0.001000s ]
INFO: [ app_begin ] --START--
INFO: Run Behavior\ReadHtmlCacheBehavior [ RunTime:0.002000s ]
INFO: [ app_begin ] --END-- [ RunTime:0.002000s ]
SQL: SHOW COLUMNS FROM `station_p` [ RunTime:0.0060s ]
SQL: SELECT `BR_ID` FROM `station_p`  [ RunTime:0.0020s ]
NOTIC: [8] Undefined offset: 20170206 C:\xampp\htdocs\zySystem\Application\Home\Controller\IndexController.class.php 第 36 行.
NOTIC: [8] Use of undefined constant id - assumed 'id' C:\xampp\htdocs\zySystem\Application\Home\Controller\IndexController.class.php 第 42 行.
INFO: [ view_parse ] --START--
INFO: [ template_filter ] --START--
INFO: Run Behavior\ContentReplaceBehavior [ RunTime:0.000000s ]
INFO: [ template_filter ] --END-- [ RunTime:0.000000s ]
INFO: Run Behavior\ParseTemplateBehavior [ RunTime:0.015001s ]
INFO: [ view_parse ] --END-- [ RunTime:0.015001s ]
INFO: [ view_filter ] --START--
INFO: Run Behavior\WriteHtmlCacheBehavior [ RunTime:0.001000s ]
INFO: [ view_filter ] --END-- [ RunTime:0.001000s ]
INFO: [ app_end ] --START--
INFO: Run Behavior\ShowPageTraceBehavior [ RunTime:0.001000s ]
INFO: [ app_end ] --END-- [ RunTime:0.001000s ]

[ 2017-02-06T08:30:52+08:00 ] ::1 /zySystem/index.php/Home/Index/jiankang.html
INFO: [ app_init ] --START--
INFO: Run Behavior\BuildLiteBehavior [ RunTime:0.000000s ]
INFO: [ app_init ] --END-- [ RunTime:0.001000s ]
INFO: [ app_begin ] --START--
INFO: Run Behavior\ReadHtmlCacheBehavior [ RunTime:0.002000s ]
INFO: [ app_begin ] --END-- [ RunTime:0.002000s ]
SQL: SHOW COLUMNS FROM `station_p` [ RunTime:0.0090s ]
SQL: INSERT INTO `station_p` (`br_id`,`br_name`,`xb`,`nl`,`cs_date`,`pass`,`tel`,`fax`,`e_mail`,`ghf`,`dw`,`jz_date`) VALUES ('201702061','gg','男','34','2017-02-01','234','234','234','234','234','撒地方
圣达菲','2017-02-06 08:30:51') [ RunTime:0.0310s ]
SQL: SELECT * FROM `station_p` WHERE ( br_id=201702061 )  [ RunTime:0.0020s ]
INFO: [ view_parse ] --START--
INFO: [ template_filter ] --START--
INFO: Run Behavior\ContentReplaceBehavior [ RunTime:0.000000s ]
INFO: [ template_filter ] --END-- [ RunTime:0.000000s ]
NOTIC: [8] Undefined index: BR_ID C:\xampp\htdocs\zySystem\Application\Runtime\Cache\Home\f3f951ef0fd5812dfb213c60ad954842.php 第 111 行.
NOTIC: [8] Undefined index: BR_NAME C:\xampp\htdocs\zySystem\Application\Runtime\Cache\Home\f3f951ef0fd5812dfb213c60ad954842.php 第 118 行.
NOTIC: [8] Undefined index: XB C:\xampp\htdocs\zySystem\Application\Runtime\Cache\Home\f3f951ef0fd5812dfb213c60ad954842.php 第 124 行.
NOTIC: [8] Undefined index: NL C:\xampp\htdocs\zySystem\Application\Runtime\Cache\Home\f3f951ef0fd5812dfb213c60ad954842.php 第 130 行.
NOTIC: [8] Undefined index: CS_DATE C:\xampp\htdocs\zySystem\Application\Runtime\Cache\Home\f3f951ef0fd5812dfb213c60ad954842.php 第 136 行.
NOTIC: [8] Undefined index: PASS C:\xampp\htdocs\zySystem\Application\Runtime\Cache\Home\f3f951ef0fd5812dfb213c60ad954842.php 第 144 行.
NOTIC: [8] Undefined index: TEL C:\xampp\htdocs\zySystem\Application\Runtime\Cache\Home\f3f951ef0fd5812dfb213c60ad954842.php 第 150 行.
NOTIC: [8] Undefined index: DW C:\xampp\htdocs\zySystem\Application\Runtime\Cache\Home\f3f951ef0fd5812dfb213c60ad954842.php 第 159 行.
INFO: Run Behavior\ParseTemplateBehavior [ RunTime:0.073004s ]
INFO: [ view_parse ] --END-- [ RunTime:0.073004s ]
INFO: [ view_filter ] --START--
INFO: Run Behavior\WriteHtmlCacheBehavior [ RunTime:0.001000s ]
INFO: [ view_filter ] --END-- [ RunTime:0.001000s ]
INFO: [ app_end ] --START--
INFO: Run Behavior\ShowPageTraceBehavior [ RunTime:0.002000s ]
INFO: [ app_end ] --END-- [ RunTime:0.002000s ]

[ 2017-02-06T08:31:10+08:00 ] ::1 /zySystem/index.php/Home/Index/jiezhen.html
INFO: [ app_init ] --START--
INFO: Run Behavior\BuildLiteBehavior [ RunTime:0.000000s ]
INFO: [ app_init ] --END-- [ RunTime:0.002001s ]
INFO: [ app_begin ] --START--
INFO: Run Behavior\ReadHtmlCacheBehavior [ RunTime:0.001000s ]
INFO: [ app_begin ] --END-- [ RunTime:0.001000s ]
SQL: SHOW COLUMNS FROM `station_p` [ RunTime:0.0170s ]
SQL: SELECT * FROM `station_p` WHERE ( jz_flagjz=1 )  [ RunTime:0.0060s ]
INFO: [ view_parse ] --START--
INFO: [ template_filter ] --START--
INFO: Run Behavior\ContentReplaceBehavior [ RunTime:0.000000s ]
INFO: [ template_filter ] --END-- [ RunTime:0.000000s ]
NOTIC: [8] Use of undefined constant br_id - assumed 'br_id' C:\xampp\htdocs\zySystem\Application\Runtime\Cache\Home\f57058ef33cdbd30d34e0f5f8cf47eda.php 第 72 行.
NOTIC: [8] Use of undefined constant br_id - assumed 'br_id' C:\xampp\htdocs\zySystem\Application\Runtime\Cache\Home\f57058ef33cdbd30d34e0f5f8cf47eda.php 第 72 行.
NOTIC: [8] Use of undefined constant br_id - assumed 'br_id' C:\xampp\htdocs\zySystem\Application\Runtime\Cache\Home\f57058ef33cdbd30d34e0f5f8cf47eda.php 第 72 行.
NOTIC: [8] Use of undefined constant br_id - assumed 'br_id' C:\xampp\htdocs\zySystem\Application\Runtime\Cache\Home\f57058ef33cdbd30d34e0f5f8cf47eda.php 第 72 行.
NOTIC: [8] Use of undefined constant br_id - assumed 'br_id' C:\xampp\htdocs\zySystem\Application\Runtime\Cache\Home\f57058ef33cdbd30d34e0f5f8cf47eda.php 第 72 行.
NOTIC: [8] Use of undefined constant br_id - assumed 'br_id' C:\xampp\htdocs\zySystem\Application\Runtime\Cache\Home\f57058ef33cdbd30d34e0f5f8cf47eda.php 第 72 行.
NOTIC: [8] Use of undefined constant br_id - assumed 'br_id' C:\xampp\htdocs\zySystem\Application\Runtime\Cache\Home\f57058ef33cdbd30d34e0f5f8cf47eda.php 第 72 行.
INFO: Run Behavior\ParseTemplateBehavior [ RunTime:0.025001s ]
INFO: [ view_parse ] --END-- [ RunTime:0.025001s ]
INFO: [ view_filter ] --START--
INFO: Run Behavior\WriteHtmlCacheBehavior [ RunTime:0.001000s ]
INFO: [ view_filter ] --END-- [ RunTime:0.001000s ]
INFO: [ app_end ] --START--
INFO: Run Behavior\ShowPageTraceBehavior [ RunTime:0.001000s ]
INFO: [ app_end ] --END-- [ RunTime:0.001000s ]

[ 2017-02-06T08:31:13+08:00 ] ::1 /zySystem/index.php/Home/Index/jiankang/id/201702061.html
INFO: [ app_init ] --START--
INFO: Run Behavior\BuildLiteBehavior [ RunTime:0.000000s ]
INFO: [ app_init ] --END-- [ RunTime:0.001000s ]
INFO: [ app_begin ] --START--
INFO: Run Behavior\ReadHtmlCacheBehavior [ RunTime:0.001000s ]
INFO: [ app_begin ] --END-- [ RunTime:0.001000s ]
SQL: SHOW COLUMNS FROM `station_p` [ RunTime:0.0070s ]
SQL: SELECT * FROM `station_p` WHERE ( br_id=201702061 )  [ RunTime:0.0040s ]
INFO: [ view_parse ] --START--
INFO: [ template_filter ] --START--
INFO: Run Behavior\ContentReplaceBehavior [ RunTime:0.000000s ]
INFO: [ template_filter ] --END-- [ RunTime:0.000000s ]
NOTIC: [8] Undefined index: BR_ID C:\xampp\htdocs\zySystem\Application\Runtime\Cache\Home\f3f951ef0fd5812dfb213c60ad954842.php 第 111 行.
NOTIC: [8] Undefined index: BR_NAME C:\xampp\htdocs\zySystem\Application\Runtime\Cache\Home\f3f951ef0fd5812dfb213c60ad954842.php 第 118 行.
NOTIC: [8] Undefined index: XB C:\xampp\htdocs\zySystem\Application\Runtime\Cache\Home\f3f951ef0fd5812dfb213c60ad954842.php 第 124 行.
NOTIC: [8] Undefined index: NL C:\xampp\htdocs\zySystem\Application\Runtime\Cache\Home\f3f951ef0fd5812dfb213c60ad954842.php 第 130 行.
NOTIC: [8] Undefined index: CS_DATE C:\xampp\htdocs\zySystem\Application\Runtime\Cache\Home\f3f951ef0fd5812dfb213c60ad954842.php 第 136 行.
NOTIC: [8] Undefined index: PASS C:\xampp\htdocs\zySystem\Application\Runtime\Cache\Home\f3f951ef0fd5812dfb213c60ad954842.php 第 144 行.
NOTIC: [8] Undefined index: TEL C:\xampp\htdocs\zySystem\Application\Runtime\Cache\Home\f3f951ef0fd5812dfb213c60ad954842.php 第 150 行.
NOTIC: [8] Undefined index: DW C:\xampp\htdocs\zySystem\Application\Runtime\Cache\Home\f3f951ef0fd5812dfb213c60ad954842.php 第 159 行.
INFO: Run Behavior\ParseTemplateBehavior [ RunTime:0.035002s ]
INFO: [ view_parse ] --END-- [ RunTime:0.035002s ]
INFO: [ view_filter ] --START--
INFO: Run Behavior\WriteHtmlCacheBehavior [ RunTime:0.001000s ]
INFO: [ view_filter ] --END-- [ RunTime:0.001000s ]
INFO: [ app_end ] --START--
INFO: Run Behavior\ShowPageTraceBehavior [ RunTime:0.001000s ]
INFO: [ app_end ] --END-- [ RunTime:0.002000s ]

