[ 2017-02-13T08:06:29+08:00 ] ::1 /zySystem/index.php/
INFO: [ app_init ] --START--
INFO: Run Behavior\BuildLiteBehavior [ RunTime:0.000089s ]
INFO: [ app_init ] --END-- [ RunTime:0.105934s ]
INFO: [ app_begin ] --START--
INFO: Run Behavior\ReadHtmlCacheBehavior [ RunTime:0.004455s ]
INFO: [ app_begin ] --END-- [ RunTime:0.004987s ]
INFO: [ view_parse ] --START--
INFO: [ template_filter ] --START--
INFO: Run Behavior\ContentReplaceBehavior [ RunTime:0.002285s ]
INFO: [ template_filter ] --END-- [ RunTime:0.002665s ]
INFO: Run Behavior\ParseTemplateBehavior [ RunTime:0.307143s ]
INFO: [ view_parse ] --END-- [ RunTime:0.307507s ]
INFO: [ view_filter ] --START--
INFO: Run Behavior\WriteHtmlCacheBehavior [ RunTime:0.054875s ]
INFO: [ view_filter ] --END-- [ RunTime:0.055156s ]
INFO: [ app_end ] --START--
INFO: Run Behavior\ShowPageTraceBehavior [ RunTime:0.001882s ]
INFO: [ app_end ] --END-- [ RunTime:0.002127s ]

[ 2017-02-13T08:06:58+08:00 ] ::1 /zySystem/index.php/Home/Login/Login.html
INFO: [ app_init ] --START--
INFO: Run Behavior\BuildLiteBehavior [ RunTime:0.000037s ]
INFO: [ app_init ] --END-- [ RunTime:0.000809s ]
INFO: [ app_begin ] --START--
INFO: Run Behavior\ReadHtmlCacheBehavior [ RunTime:0.000837s ]
INFO: [ app_begin ] --END-- [ RunTime:0.001021s ]
SQL: SHOW COLUMNS FROM `user-info-dict` [ RunTime:0.0095s ]
SQL: SELECT * FROM `user-info-dict` WHERE `userName` = 'xmr' AND `passWord` = '123456' LIMIT 1   [ RunTime:0.3796s ]

[ 2017-02-13T08:06:58+08:00 ] ::1 /zySystem/index.php/Home/index/home/rev/1.html
INFO: [ app_init ] --START--
INFO: Run Behavior\BuildLiteBehavior [ RunTime:0.000048s ]
INFO: [ app_init ] --END-- [ RunTime:0.000839s ]
INFO: [ app_begin ] --START--
INFO: Run Behavior\ReadHtmlCacheBehavior [ RunTime:0.000876s ]
INFO: [ app_begin ] --END-- [ RunTime:0.001096s ]
INFO: [ view_parse ] --START--
INFO: [ template_filter ] --START--
INFO: Run Behavior\ContentReplaceBehavior [ RunTime:0.000212s ]
INFO: [ template_filter ] --END-- [ RunTime:0.000448s ]
INFO: Run Behavior\ParseTemplateBehavior [ RunTime:0.068681s ]
INFO: [ view_parse ] --END-- [ RunTime:0.069036s ]
INFO: [ view_filter ] --START--
INFO: Run Behavior\WriteHtmlCacheBehavior [ RunTime:0.000975s ]
INFO: [ view_filter ] --END-- [ RunTime:0.001686s ]
INFO: [ app_end ] --START--
INFO: Run Behavior\ShowPageTraceBehavior [ RunTime:0.001351s ]
INFO: [ app_end ] --END-- [ RunTime:0.001643s ]

[ 2017-02-13T08:06:59+08:00 ] ::1 /zySystem/index.php/Home/Index/jiezhen.html
INFO: [ app_init ] --START--
INFO: Run Behavior\BuildLiteBehavior [ RunTime:0.000042s ]
INFO: [ app_init ] --END-- [ RunTime:0.000921s ]
INFO: [ app_begin ] --START--
INFO: Run Behavior\ReadHtmlCacheBehavior [ RunTime:0.000904s ]
INFO: [ app_begin ] --END-- [ RunTime:0.001097s ]
SQL: SHOW COLUMNS FROM `station_p` [ RunTime:0.0079s ]
SQL: SELECT COUNT(*) AS tp_count FROM `station_p` WHERE ( jz_flagjz=1 ) LIMIT 1   [ RunTime:0.0058s ]
SQL: SELECT * FROM `station_p` WHERE ( jz_flagjz=1 ) ORDER BY br_id LIMIT 0,10   [ RunTime:0.0097s ]
INFO: [ view_parse ] --START--
INFO: [ template_filter ] --START--
INFO: Run Behavior\ContentReplaceBehavior [ RunTime:0.000543s ]
INFO: [ template_filter ] --END-- [ RunTime:0.001315s ]
NOTIC: [8] Use of undefined constant br_id - assumed 'br_id' G:\wamp\www\zySystem\Application\Runtime\Cache\Home\f57058ef33cdbd30d34e0f5f8cf47eda.php 第 73 行.
NOTIC: [8] Use of undefined constant br_id - assumed 'br_id' G:\wamp\www\zySystem\Application\Runtime\Cache\Home\f57058ef33cdbd30d34e0f5f8cf47eda.php 第 73 行.
NOTIC: [8] Use of undefined constant br_id - assumed 'br_id' G:\wamp\www\zySystem\Application\Runtime\Cache\Home\f57058ef33cdbd30d34e0f5f8cf47eda.php 第 73 行.
NOTIC: [8] Use of undefined constant br_id - assumed 'br_id' G:\wamp\www\zySystem\Application\Runtime\Cache\Home\f57058ef33cdbd30d34e0f5f8cf47eda.php 第 73 行.
NOTIC: [8] Use of undefined constant br_id - assumed 'br_id' G:\wamp\www\zySystem\Application\Runtime\Cache\Home\f57058ef33cdbd30d34e0f5f8cf47eda.php 第 73 行.
NOTIC: [8] Use of undefined constant br_id - assumed 'br_id' G:\wamp\www\zySystem\Application\Runtime\Cache\Home\f57058ef33cdbd30d34e0f5f8cf47eda.php 第 73 行.
NOTIC: [8] Use of undefined constant br_id - assumed 'br_id' G:\wamp\www\zySystem\Application\Runtime\Cache\Home\f57058ef33cdbd30d34e0f5f8cf47eda.php 第 73 行.
NOTIC: [8] Use of undefined constant br_id - assumed 'br_id' G:\wamp\www\zySystem\Application\Runtime\Cache\Home\f57058ef33cdbd30d34e0f5f8cf47eda.php 第 73 行.
NOTIC: [8] Use of undefined constant br_id - assumed 'br_id' G:\wamp\www\zySystem\Application\Runtime\Cache\Home\f57058ef33cdbd30d34e0f5f8cf47eda.php 第 73 行.
NOTIC: [8] Use of undefined constant br_id - assumed 'br_id' G:\wamp\www\zySystem\Application\Runtime\Cache\Home\f57058ef33cdbd30d34e0f5f8cf47eda.php 第 73 行.
INFO: Run Behavior\ParseTemplateBehavior [ RunTime:0.255792s ]
INFO: [ view_parse ] --END-- [ RunTime:0.256168s ]
INFO: [ view_filter ] --START--
INFO: Run Behavior\WriteHtmlCacheBehavior [ RunTime:0.001360s ]
INFO: [ view_filter ] --END-- [ RunTime:0.001727s ]
INFO: [ app_end ] --START--
INFO: Run Behavior\ShowPageTraceBehavior [ RunTime:0.001851s ]
INFO: [ app_end ] --END-- [ RunTime:0.002265s ]

[ 2017-02-13T08:07:00+08:00 ] ::1 /zySystem/index.php/Home/Index/jiezhen.html
INFO: [ app_init ] --START--
INFO: Run Behavior\BuildLiteBehavior [ RunTime:0.000046s ]
INFO: [ app_init ] --END-- [ RunTime:0.000635s ]
INFO: [ app_begin ] --START--
INFO: Run Behavior\ReadHtmlCacheBehavior [ RunTime:0.000825s ]
INFO: [ app_begin ] --END-- [ RunTime:0.001062s ]
SQL: SHOW COLUMNS FROM `station_p` [ RunTime:0.0328s ]
SQL: SELECT COUNT(*) AS tp_count FROM `station_p` WHERE ( jz_flagjz=1 ) LIMIT 1   [ RunTime:0.0320s ]
SQL: SELECT * FROM `station_p` WHERE ( jz_flagjz=1 ) ORDER BY br_id LIMIT 0,10   [ RunTime:0.0290s ]
INFO: [ view_parse ] --START--
INFO: [ template_filter ] --START--
INFO: Run Behavior\ContentReplaceBehavior [ RunTime:0.000132s ]
INFO: [ template_filter ] --END-- [ RunTime:0.000287s ]
NOTIC: [8] Use of undefined constant br_id - assumed 'br_id' G:\wamp\www\zySystem\Application\Runtime\Cache\Home\f57058ef33cdbd30d34e0f5f8cf47eda.php 第 73 行.
NOTIC: [8] Use of undefined constant br_id - assumed 'br_id' G:\wamp\www\zySystem\Application\Runtime\Cache\Home\f57058ef33cdbd30d34e0f5f8cf47eda.php 第 73 行.
NOTIC: [8] Use of undefined constant br_id - assumed 'br_id' G:\wamp\www\zySystem\Application\Runtime\Cache\Home\f57058ef33cdbd30d34e0f5f8cf47eda.php 第 73 行.
NOTIC: [8] Use of undefined constant br_id - assumed 'br_id' G:\wamp\www\zySystem\Application\Runtime\Cache\Home\f57058ef33cdbd30d34e0f5f8cf47eda.php 第 73 行.
NOTIC: [8] Use of undefined constant br_id - assumed 'br_id' G:\wamp\www\zySystem\Application\Runtime\Cache\Home\f57058ef33cdbd30d34e0f5f8cf47eda.php 第 73 行.
NOTIC: [8] Use of undefined constant br_id - assumed 'br_id' G:\wamp\www\zySystem\Application\Runtime\Cache\Home\f57058ef33cdbd30d34e0f5f8cf47eda.php 第 73 行.
NOTIC: [8] Use of undefined constant br_id - assumed 'br_id' G:\wamp\www\zySystem\Application\Runtime\Cache\Home\f57058ef33cdbd30d34e0f5f8cf47eda.php 第 73 行.
NOTIC: [8] Use of undefined constant br_id - assumed 'br_id' G:\wamp\www\zySystem\Application\Runtime\Cache\Home\f57058ef33cdbd30d34e0f5f8cf47eda.php 第 73 行.
NOTIC: [8] Use of undefined constant br_id - assumed 'br_id' G:\wamp\www\zySystem\Application\Runtime\Cache\Home\f57058ef33cdbd30d34e0f5f8cf47eda.php 第 73 行.
NOTIC: [8] Use of undefined constant br_id - assumed 'br_id' G:\wamp\www\zySystem\Application\Runtime\Cache\Home\f57058ef33cdbd30d34e0f5f8cf47eda.php 第 73 行.
INFO: Run Behavior\ParseTemplateBehavior [ RunTime:0.018315s ]
INFO: [ view_parse ] --END-- [ RunTime:0.018524s ]
INFO: [ view_filter ] --START--
INFO: Run Behavior\WriteHtmlCacheBehavior [ RunTime:0.000645s ]
INFO: [ view_filter ] --END-- [ RunTime:0.000830s ]
INFO: [ app_end ] --START--
INFO: Run Behavior\ShowPageTraceBehavior [ RunTime:0.000982s ]
INFO: [ app_end ] --END-- [ RunTime:0.001211s ]

