[ 2017-02-22T16:51:02+08:00 ] ::1 /zySystem/index.php/Home/Login/userInfo.html
INFO: [ app_init ] --START--
INFO: Run Behavior\BuildLiteBehavior [ RunTime:0.000014s ]
INFO: [ app_init ] --END-- [ RunTime:0.000568s ]
INFO: [ app_begin ] --START--
INFO: Run Behavior\ReadHtmlCacheBehavior [ RunTime:0.000644s ]
INFO: [ app_begin ] --END-- [ RunTime:0.000693s ]
SQL: SHOW COLUMNS FROM `power-name` [ RunTime:0.0556s ]
SQL: SHOW COLUMNS FROM `user-info-dict` [ RunTime:0.0105s ]
SQL: SELECT `power` FROM `user-info-dict` WHERE ( id=7 ) LIMIT 1   [ RunTime:0.0046s ]
SQL: SELECT `name` FROM `power-name` WHERE ( id=1 ) LIMIT 1   [ RunTime:0.0041s ]
SQL: SELECT `userPhone` FROM `user-info-dict` WHERE ( id=7 ) LIMIT 1   [ RunTime:0.0038s ]
INFO: [ view_parse ] --START--
INFO: [ template_filter ] --START--
INFO: Run Behavior\ContentReplaceBehavior [ RunTime:0.000059s ]
INFO: [ template_filter ] --END-- [ RunTime:0.000100s ]
INFO: Run Behavior\ParseTemplateBehavior [ RunTime:0.007981s ]
INFO: [ view_parse ] --END-- [ RunTime:0.008020s ]
INFO: [ view_filter ] --START--
INFO: Run Behavior\WriteHtmlCacheBehavior [ RunTime:0.000317s ]
INFO: [ view_filter ] --END-- [ RunTime:0.000344s ]
INFO: [ app_end ] --START--
INFO: Run Behavior\ShowPageTraceBehavior [ RunTime:0.000433s ]
INFO: [ app_end ] --END-- [ RunTime:0.000461s ]

[ 2017-02-22T16:51:02+08:00 ] ::1 /zySystem/index.php/Home/Login/
INFO: [ app_init ] --START--
INFO: Run Behavior\BuildLiteBehavior [ RunTime:0.000011s ]
INFO: [ app_init ] --END-- [ RunTime:0.000308s ]
INFO: [ app_begin ] --START--
INFO: Run Behavior\ReadHtmlCacheBehavior [ RunTime:0.000452s ]
INFO: [ app_begin ] --END-- [ RunTime:0.000503s ]
ERR: 非法操作:index

[ 2017-02-22T16:51:04+08:00 ] ::1 /zySystem/index.php/Home/Ajax/updateU.html
INFO: [ app_init ] --START--
INFO: Run Behavior\BuildLiteBehavior [ RunTime:0.000030s ]
INFO: [ app_init ] --END-- [ RunTime:0.000534s ]
INFO: [ app_begin ] --START--
INFO: Run Behavior\ReadHtmlCacheBehavior [ RunTime:0.000684s ]
INFO: [ app_begin ] --END-- [ RunTime:0.000790s ]
NOTIC: [8] Use of undefined constant id - assumed 'id' F:\xampp\htdocs\zySystem\Application\Home\Controller\AjaxController.class.php 第 145 行.
SQL: SHOW COLUMNS FROM `user-info-dict` [ RunTime:0.0049s ]
SQL: SELECT * FROM `user-info-dict` WHERE ( id=7 ) LIMIT 1   [ RunTime:0.0048s ]

[ 2017-02-22T16:51:10+08:00 ] ::1 /zySystem/index.php/Home/Kaifang/zyhome.html
INFO: [ app_init ] --START--
INFO: Run Behavior\BuildLiteBehavior [ RunTime:0.000009s ]
INFO: [ app_init ] --END-- [ RunTime:0.000282s ]
INFO: [ app_begin ] --START--
INFO: Run Behavior\ReadHtmlCacheBehavior [ RunTime:0.000343s ]
INFO: [ app_begin ] --END-- [ RunTime:0.000404s ]
SQL: SHOW COLUMNS FROM `bz_cf` [ RunTime:0.0047s ]
SQL: SELECT dict_drug_zy.drug_name,bz_cf.dw,dict_drug_zy.drug_code,drug_dict.xw1 FROM `bz_cf` INNER JOIN dict_drug_zy on dict_drug_zy.drug_code=bz_cf.ypdm INNER JOIN drug_dict on dict_drug_zy.drug_code=drug_dict.drug_code  WHERE bz_cf.cfdm = '1413.1001'  [ RunTime:0.0551s ]
SQL: SHOW COLUMNS FROM `tcd_szjj` [ RunTime:0.0035s ]
SQL: SELECT * FROM `tcd_szjj` WHERE ( CF_TREE='1002.1006' )  [ RunTime:0.0107s ]
INFO: [ view_parse ] --START--
INFO: [ template_filter ] --START--
INFO: Run Behavior\ContentReplaceBehavior [ RunTime:0.000077s ]
INFO: [ template_filter ] --END-- [ RunTime:0.000139s ]
INFO: Run Behavior\ParseTemplateBehavior [ RunTime:0.010264s ]
INFO: [ view_parse ] --END-- [ RunTime:0.010308s ]
INFO: [ view_filter ] --START--
INFO: Run Behavior\WriteHtmlCacheBehavior [ RunTime:0.000288s ]
INFO: [ view_filter ] --END-- [ RunTime:0.000314s ]
INFO: [ app_end ] --START--
INFO: Run Behavior\ShowPageTraceBehavior [ RunTime:0.000737s ]
INFO: [ app_end ] --END-- [ RunTime:0.000773s ]

[ 2017-02-22T16:59:21+08:00 ] ::1 /zySystem/index.php/Home/Ajax/zysele.html
INFO: [ app_init ] --START--
INFO: Run Behavior\BuildLiteBehavior [ RunTime:0.000040s ]
INFO: [ app_init ] --END-- [ RunTime:0.001249s ]
INFO: [ app_begin ] --START--
INFO: Run Behavior\ReadHtmlCacheBehavior [ RunTime:0.002673s ]
INFO: [ app_begin ] --END-- [ RunTime:0.002909s ]
NOTIC: [8] Use of undefined constant val - assumed 'val' F:\xampp\htdocs\zySystem\Application\Home\Controller\AjaxController.class.php 第 167 行.
SQL: SHOW COLUMNS FROM `drug_dict` [ RunTime:0.0102s ]
SQL: SELECT `drug_name` FROM `drug_dict` WHERE `input_code` LIKE 'a%' AND `drug_indicator` = 2 AND ( drug_indicator=2 )  [ RunTime:0.0201s ]

[ 2017-02-22T17:00:13+08:00 ] ::1 /zySystem/
INFO: [ app_init ] --START--
INFO: Run Behavior\BuildLiteBehavior [ RunTime:0.000012s ]
INFO: [ app_init ] --END-- [ RunTime:0.000377s ]
INFO: [ app_begin ] --START--
INFO: Run Behavior\ReadHtmlCacheBehavior [ RunTime:0.000741s ]
INFO: [ app_begin ] --END-- [ RunTime:0.000798s ]
INFO: [ view_parse ] --START--
INFO: [ template_filter ] --START--
INFO: Run Behavior\ContentReplaceBehavior [ RunTime:0.000098s ]
INFO: [ template_filter ] --END-- [ RunTime:0.000166s ]
INFO: Run Behavior\ParseTemplateBehavior [ RunTime:0.008730s ]
INFO: [ view_parse ] --END-- [ RunTime:0.008789s ]
INFO: [ view_filter ] --START--
INFO: Run Behavior\WriteHtmlCacheBehavior [ RunTime:0.000449s ]
INFO: [ view_filter ] --END-- [ RunTime:0.000485s ]
INFO: [ app_end ] --START--
INFO: Run Behavior\ShowPageTraceBehavior [ RunTime:0.000622s ]
INFO: [ app_end ] --END-- [ RunTime:0.000662s ]

[ 2017-02-22T17:00:22+08:00 ] ::1 /zySystem/index.php/Home/Login/Login.html
INFO: [ app_init ] --START--
INFO: Run Behavior\BuildLiteBehavior [ RunTime:0.000014s ]
INFO: [ app_init ] --END-- [ RunTime:0.000617s ]
INFO: [ app_begin ] --START--
INFO: Run Behavior\ReadHtmlCacheBehavior [ RunTime:0.003628s ]
INFO: [ app_begin ] --END-- [ RunTime:0.003809s ]
SQL: SHOW COLUMNS FROM `user-info-dict` [ RunTime:0.0367s ]
SQL: SELECT * FROM `user-info-dict` WHERE `userName` = '王昊' AND `passWord` = '' LIMIT 1   [ RunTime:0.0038s ]

[ 2017-02-22T17:00:22+08:00 ] ::1 /zySystem/index.php/Home/index/home/rev/1.html
INFO: [ app_init ] --START--
INFO: Run Behavior\BuildLiteBehavior [ RunTime:0.000012s ]
INFO: [ app_init ] --END-- [ RunTime:0.000408s ]
INFO: [ app_begin ] --START--
INFO: Run Behavior\ReadHtmlCacheBehavior [ RunTime:0.000480s ]
INFO: [ app_begin ] --END-- [ RunTime:0.000542s ]
INFO: [ view_parse ] --START--
INFO: [ template_filter ] --START--
INFO: Run Behavior\ContentReplaceBehavior [ RunTime:0.000171s ]
INFO: [ template_filter ] --END-- [ RunTime:0.000215s ]
INFO: Run Behavior\ParseTemplateBehavior [ RunTime:0.010669s ]
INFO: [ view_parse ] --END-- [ RunTime:0.010712s ]
INFO: [ view_filter ] --START--
INFO: Run Behavior\WriteHtmlCacheBehavior [ RunTime:0.000610s ]
INFO: [ view_filter ] --END-- [ RunTime:0.000688s ]
INFO: [ app_end ] --START--
INFO: Run Behavior\ShowPageTraceBehavior [ RunTime:0.000725s ]
INFO: [ app_end ] --END-- [ RunTime:0.000781s ]

[ 2017-02-22T17:00:22+08:00 ] ::1 /zySystem/index.php/Home/Index/jiezhen.html
INFO: [ app_init ] --START--
INFO: Run Behavior\BuildLiteBehavior [ RunTime:0.000009s ]
INFO: [ app_init ] --END-- [ RunTime:0.000292s ]
INFO: [ app_begin ] --START--
INFO: Run Behavior\ReadHtmlCacheBehavior [ RunTime:0.000373s ]
INFO: [ app_begin ] --END-- [ RunTime:0.000413s ]
SQL: SHOW COLUMNS FROM `station_p` [ RunTime:0.0096s ]
SQL: SELECT COUNT(*) AS tp_count FROM `station_p` WHERE ( jz_flag=1 ) LIMIT 1   [ RunTime:0.0120s ]
SQL: SELECT * FROM `station_p` WHERE ( jz_flag=1 ) ORDER BY p_date desc LIMIT 0,9   [ RunTime:0.0057s ]
INFO: [ view_parse ] --START--
INFO: [ template_filter ] --START--
INFO: Run Behavior\ContentReplaceBehavior [ RunTime:0.000089s ]
INFO: [ template_filter ] --END-- [ RunTime:0.000164s ]
NOTIC: [8] Use of undefined constant br_id - assumed 'br_id' F:\xampp\htdocs\zySystem\Application\Runtime\Cache\Home\f57058ef33cdbd30d34e0f5f8cf47eda.php 第 74 行.
NOTIC: [8] Use of undefined constant xh - assumed 'xh' F:\xampp\htdocs\zySystem\Application\Runtime\Cache\Home\f57058ef33cdbd30d34e0f5f8cf47eda.php 第 74 行.
NOTIC: [8] Use of undefined constant br_id - assumed 'br_id' F:\xampp\htdocs\zySystem\Application\Runtime\Cache\Home\f57058ef33cdbd30d34e0f5f8cf47eda.php 第 74 行.
NOTIC: [8] Use of undefined constant xh - assumed 'xh' F:\xampp\htdocs\zySystem\Application\Runtime\Cache\Home\f57058ef33cdbd30d34e0f5f8cf47eda.php 第 74 行.
NOTIC: [8] Use of undefined constant br_id - assumed 'br_id' F:\xampp\htdocs\zySystem\Application\Runtime\Cache\Home\f57058ef33cdbd30d34e0f5f8cf47eda.php 第 74 行.
NOTIC: [8] Use of undefined constant xh - assumed 'xh' F:\xampp\htdocs\zySystem\Application\Runtime\Cache\Home\f57058ef33cdbd30d34e0f5f8cf47eda.php 第 74 行.
NOTIC: [8] Use of undefined constant br_id - assumed 'br_id' F:\xampp\htdocs\zySystem\Application\Runtime\Cache\Home\f57058ef33cdbd30d34e0f5f8cf47eda.php 第 74 行.
NOTIC: [8] Use of undefined constant xh - assumed 'xh' F:\xampp\htdocs\zySystem\Application\Runtime\Cache\Home\f57058ef33cdbd30d34e0f5f8cf47eda.php 第 74 行.
NOTIC: [8] Use of undefined constant br_id - assumed 'br_id' F:\xampp\htdocs\zySystem\Application\Runtime\Cache\Home\f57058ef33cdbd30d34e0f5f8cf47eda.php 第 74 行.
NOTIC: [8] Use of undefined constant xh - assumed 'xh' F:\xampp\htdocs\zySystem\Application\Runtime\Cache\Home\f57058ef33cdbd30d34e0f5f8cf47eda.php 第 74 行.
NOTIC: [8] Use of undefined constant br_id - assumed 'br_id' F:\xampp\htdocs\zySystem\Application\Runtime\Cache\Home\f57058ef33cdbd30d34e0f5f8cf47eda.php 第 74 行.
NOTIC: [8] Use of undefined constant xh - assumed 'xh' F:\xampp\htdocs\zySystem\Application\Runtime\Cache\Home\f57058ef33cdbd30d34e0f5f8cf47eda.php 第 74 行.
NOTIC: [8] Use of undefined constant br_id - assumed 'br_id' F:\xampp\htdocs\zySystem\Application\Runtime\Cache\Home\f57058ef33cdbd30d34e0f5f8cf47eda.php 第 74 行.
NOTIC: [8] Use of undefined constant xh - assumed 'xh' F:\xampp\htdocs\zySystem\Application\Runtime\Cache\Home\f57058ef33cdbd30d34e0f5f8cf47eda.php 第 74 行.
NOTIC: [8] Use of undefined constant br_id - assumed 'br_id' F:\xampp\htdocs\zySystem\Application\Runtime\Cache\Home\f57058ef33cdbd30d34e0f5f8cf47eda.php 第 74 行.
NOTIC: [8] Use of undefined constant xh - assumed 'xh' F:\xampp\htdocs\zySystem\Application\Runtime\Cache\Home\f57058ef33cdbd30d34e0f5f8cf47eda.php 第 74 行.
NOTIC: [8] Use of undefined constant br_id - assumed 'br_id' F:\xampp\htdocs\zySystem\Application\Runtime\Cache\Home\f57058ef33cdbd30d34e0f5f8cf47eda.php 第 74 行.
NOTIC: [8] Use of undefined constant xh - assumed 'xh' F:\xampp\htdocs\zySystem\Application\Runtime\Cache\Home\f57058ef33cdbd30d34e0f5f8cf47eda.php 第 74 行.
INFO: Run Behavior\ParseTemplateBehavior [ RunTime:0.010065s ]
INFO: [ view_parse ] --END-- [ RunTime:0.010108s ]
INFO: [ view_filter ] --START--
INFO: Run Behavior\WriteHtmlCacheBehavior [ RunTime:0.000351s ]
INFO: [ view_filter ] --END-- [ RunTime:0.000395s ]
INFO: [ app_end ] --START--
INFO: Run Behavior\ShowPageTraceBehavior [ RunTime:0.000636s ]
INFO: [ app_end ] --END-- [ RunTime:0.000679s ]

[ 2017-02-22T17:00:22+08:00 ] ::1 /zySystem/index.php/Home/Index/jiezhen.html
INFO: [ app_init ] --START--
INFO: Run Behavior\BuildLiteBehavior [ RunTime:0.000014s ]
INFO: [ app_init ] --END-- [ RunTime:0.000470s ]
INFO: [ app_begin ] --START--
INFO: Run Behavior\ReadHtmlCacheBehavior [ RunTime:0.000621s ]
INFO: [ app_begin ] --END-- [ RunTime:0.000672s ]
SQL: SHOW COLUMNS FROM `station_p` [ RunTime:0.0078s ]
SQL: SELECT COUNT(*) AS tp_count FROM `station_p` WHERE ( jz_flag=1 ) LIMIT 1   [ RunTime:0.0095s ]
SQL: SELECT * FROM `station_p` WHERE ( jz_flag=1 ) ORDER BY p_date desc LIMIT 0,9   [ RunTime:0.0072s ]
INFO: [ view_parse ] --START--
INFO: [ template_filter ] --START--
INFO: Run Behavior\ContentReplaceBehavior [ RunTime:0.000093s ]
INFO: [ template_filter ] --END-- [ RunTime:0.000138s ]
NOTIC: [8] Use of undefined constant br_id - assumed 'br_id' F:\xampp\htdocs\zySystem\Application\Runtime\Cache\Home\f57058ef33cdbd30d34e0f5f8cf47eda.php 第 74 行.
NOTIC: [8] Use of undefined constant xh - assumed 'xh' F:\xampp\htdocs\zySystem\Application\Runtime\Cache\Home\f57058ef33cdbd30d34e0f5f8cf47eda.php 第 74 行.
NOTIC: [8] Use of undefined constant br_id - assumed 'br_id' F:\xampp\htdocs\zySystem\Application\Runtime\Cache\Home\f57058ef33cdbd30d34e0f5f8cf47eda.php 第 74 行.
NOTIC: [8] Use of undefined constant xh - assumed 'xh' F:\xampp\htdocs\zySystem\Application\Runtime\Cache\Home\f57058ef33cdbd30d34e0f5f8cf47eda.php 第 74 行.
NOTIC: [8] Use of undefined constant br_id - assumed 'br_id' F:\xampp\htdocs\zySystem\Application\Runtime\Cache\Home\f57058ef33cdbd30d34e0f5f8cf47eda.php 第 74 行.
NOTIC: [8] Use of undefined constant xh - assumed 'xh' F:\xampp\htdocs\zySystem\Application\Runtime\Cache\Home\f57058ef33cdbd30d34e0f5f8cf47eda.php 第 74 行.
NOTIC: [8] Use of undefined constant br_id - assumed 'br_id' F:\xampp\htdocs\zySystem\Application\Runtime\Cache\Home\f57058ef33cdbd30d34e0f5f8cf47eda.php 第 74 行.
NOTIC: [8] Use of undefined constant xh - assumed 'xh' F:\xampp\htdocs\zySystem\Application\Runtime\Cache\Home\f57058ef33cdbd30d34e0f5f8cf47eda.php 第 74 行.
NOTIC: [8] Use of undefined constant br_id - assumed 'br_id' F:\xampp\htdocs\zySystem\Application\Runtime\Cache\Home\f57058ef33cdbd30d34e0f5f8cf47eda.php 第 74 行.
NOTIC: [8] Use of undefined constant xh - assumed 'xh' F:\xampp\htdocs\zySystem\Application\Runtime\Cache\Home\f57058ef33cdbd30d34e0f5f8cf47eda.php 第 74 行.
NOTIC: [8] Use of undefined constant br_id - assumed 'br_id' F:\xampp\htdocs\zySystem\Application\Runtime\Cache\Home\f57058ef33cdbd30d34e0f5f8cf47eda.php 第 74 行.
NOTIC: [8] Use of undefined constant xh - assumed 'xh' F:\xampp\htdocs\zySystem\Application\Runtime\Cache\Home\f57058ef33cdbd30d34e0f5f8cf47eda.php 第 74 行.
NOTIC: [8] Use of undefined constant br_id - assumed 'br_id' F:\xampp\htdocs\zySystem\Application\Runtime\Cache\Home\f57058ef33cdbd30d34e0f5f8cf47eda.php 第 74 行.
NOTIC: [8] Use of undefined constant xh - assumed 'xh' F:\xampp\htdocs\zySystem\Application\Runtime\Cache\Home\f57058ef33cdbd30d34e0f5f8cf47eda.php 第 74 行.
NOTIC: [8] Use of undefined constant br_id - assumed 'br_id' F:\xampp\htdocs\zySystem\Application\Runtime\Cache\Home\f57058ef33cdbd30d34e0f5f8cf47eda.php 第 74 行.
NOTIC: [8] Use of undefined constant xh - assumed 'xh' F:\xampp\htdocs\zySystem\Application\Runtime\Cache\Home\f57058ef33cdbd30d34e0f5f8cf47eda.php 第 74 行.
NOTIC: [8] Use of undefined constant br_id - assumed 'br_id' F:\xampp\htdocs\zySystem\Application\Runtime\Cache\Home\f57058ef33cdbd30d34e0f5f8cf47eda.php 第 74 行.
NOTIC: [8] Use of undefined constant xh - assumed 'xh' F:\xampp\htdocs\zySystem\Application\Runtime\Cache\Home\f57058ef33cdbd30d34e0f5f8cf47eda.php 第 74 行.
INFO: Run Behavior\ParseTemplateBehavior [ RunTime:0.010162s ]
INFO: [ view_parse ] --END-- [ RunTime:0.010211s ]
INFO: [ view_filter ] --START--
INFO: Run Behavior\WriteHtmlCacheBehavior [ RunTime:0.000479s ]
INFO: [ view_filter ] --END-- [ RunTime:0.000527s ]
INFO: [ app_end ] --START--
INFO: Run Behavior\ShowPageTraceBehavior [ RunTime:0.000624s ]
INFO: [ app_end ] --END-- [ RunTime:0.000677s ]

[ 2017-02-22T17:00:26+08:00 ] ::1 /zySystem/index.php/Home/Kaifang/bianZheng.html
INFO: [ app_init ] --START--
INFO: Run Behavior\BuildLiteBehavior [ RunTime:0.000011s ]
INFO: [ app_init ] --END-- [ RunTime:0.000561s ]
INFO: [ app_begin ] --START--
INFO: Run Behavior\ReadHtmlCacheBehavior [ RunTime:0.000391s ]
INFO: [ app_begin ] --END-- [ RunTime:0.000429s ]
INFO: [ view_parse ] --START--
INFO: [ template_filter ] --START--
INFO: Run Behavior\ContentReplaceBehavior [ RunTime:0.000210s ]
INFO: [ template_filter ] --END-- [ RunTime:0.000326s ]
INFO: Run Behavior\ParseTemplateBehavior [ RunTime:0.010800s ]
INFO: [ view_parse ] --END-- [ RunTime:0.010857s ]
INFO: [ view_filter ] --START--
INFO: Run Behavior\WriteHtmlCacheBehavior [ RunTime:0.000215s ]
INFO: [ view_filter ] --END-- [ RunTime:0.000241s ]
INFO: [ app_end ] --START--
INFO: Run Behavior\ShowPageTraceBehavior [ RunTime:0.000456s ]
INFO: [ app_end ] --END-- [ RunTime:0.000491s ]

[ 2017-02-22T17:00:27+08:00 ] ::1 /zySystem/index.php/Home/Kaifang/zyhome.html
INFO: [ app_init ] --START--
INFO: Run Behavior\BuildLiteBehavior [ RunTime:0.000014s ]
INFO: [ app_init ] --END-- [ RunTime:0.000508s ]
INFO: [ app_begin ] --START--
INFO: Run Behavior\ReadHtmlCacheBehavior [ RunTime:0.000523s ]
INFO: [ app_begin ] --END-- [ RunTime:0.000572s ]
SQL: SHOW COLUMNS FROM `bz_cf` [ RunTime:0.0044s ]
SQL: SELECT dict_drug_zy.drug_name,bz_cf.dw,dict_drug_zy.drug_code,drug_dict.xw1 FROM `bz_cf` INNER JOIN dict_drug_zy on dict_drug_zy.drug_code=bz_cf.ypdm INNER JOIN drug_dict on dict_drug_zy.drug_code=drug_dict.drug_code  WHERE bz_cf.cfdm = '1413.1001'  [ RunTime:0.0562s ]
SQL: SHOW COLUMNS FROM `tcd_szjj` [ RunTime:0.0135s ]
SQL: SELECT * FROM `tcd_szjj` WHERE ( CF_TREE='1002.1006' )  [ RunTime:0.0178s ]
INFO: [ view_parse ] --START--
INFO: [ template_filter ] --START--
INFO: Run Behavior\ContentReplaceBehavior [ RunTime:0.000074s ]
INFO: [ template_filter ] --END-- [ RunTime:0.000117s ]
INFO: Run Behavior\ParseTemplateBehavior [ RunTime:0.008871s ]
INFO: [ view_parse ] --END-- [ RunTime:0.008919s ]
INFO: [ view_filter ] --START--
INFO: Run Behavior\WriteHtmlCacheBehavior [ RunTime:0.000248s ]
INFO: [ view_filter ] --END-- [ RunTime:0.000280s ]
INFO: [ app_end ] --START--
INFO: Run Behavior\ShowPageTraceBehavior [ RunTime:0.000589s ]
INFO: [ app_end ] --END-- [ RunTime:0.000632s ]

[ 2017-02-22T17:00:54+08:00 ] 127.0.0.1 /zySystem/
INFO: [ app_init ] --START--
INFO: Run Behavior\BuildLiteBehavior [ RunTime:0.000012s ]
INFO: [ app_init ] --END-- [ RunTime:0.000351s ]
INFO: [ app_begin ] --START--
INFO: Run Behavior\ReadHtmlCacheBehavior [ RunTime:0.000553s ]
INFO: [ app_begin ] --END-- [ RunTime:0.000631s ]
INFO: [ view_parse ] --START--
INFO: [ template_filter ] --START--
INFO: Run Behavior\ContentReplaceBehavior [ RunTime:0.000041s ]
INFO: [ template_filter ] --END-- [ RunTime:0.000076s ]
INFO: Run Behavior\ParseTemplateBehavior [ RunTime:0.007716s ]
INFO: [ view_parse ] --END-- [ RunTime:0.007816s ]
INFO: [ view_filter ] --START--
INFO: Run Behavior\WriteHtmlCacheBehavior [ RunTime:0.001415s ]
INFO: [ view_filter ] --END-- [ RunTime:0.001504s ]
INFO: [ app_end ] --START--
INFO: Run Behavior\ShowPageTraceBehavior [ RunTime:0.001005s ]
INFO: [ app_end ] --END-- [ RunTime:0.001069s ]

[ 2017-02-22T17:00:59+08:00 ] 127.0.0.1 /zySystem/index.php/Home/Login/Login.html
INFO: [ app_init ] --START--
INFO: Run Behavior\BuildLiteBehavior [ RunTime:0.000011s ]
INFO: [ app_init ] --END-- [ RunTime:0.000339s ]
INFO: [ app_begin ] --START--
INFO: Run Behavior\ReadHtmlCacheBehavior [ RunTime:0.000751s ]
INFO: [ app_begin ] --END-- [ RunTime:0.000792s ]
SQL: SHOW COLUMNS FROM `user-info-dict` [ RunTime:0.0059s ]
SQL: SELECT * FROM `user-info-dict` WHERE `userName` = '王昊' AND `passWord` = '' LIMIT 1   [ RunTime:0.0078s ]

[ 2017-02-22T17:00:59+08:00 ] 127.0.0.1 /zySystem/index.php/Home/index/home/rev/1.html
INFO: [ app_init ] --START--
INFO: Run Behavior\BuildLiteBehavior [ RunTime:0.000009s ]
INFO: [ app_init ] --END-- [ RunTime:0.000274s ]
INFO: [ app_begin ] --START--
INFO: Run Behavior\ReadHtmlCacheBehavior [ RunTime:0.000447s ]
INFO: [ app_begin ] --END-- [ RunTime:0.000487s ]
INFO: [ view_parse ] --START--
INFO: [ template_filter ] --START--
INFO: Run Behavior\ContentReplaceBehavior [ RunTime:0.000163s ]
INFO: [ template_filter ] --END-- [ RunTime:0.000205s ]
INFO: Run Behavior\ParseTemplateBehavior [ RunTime:0.010728s ]
INFO: [ view_parse ] --END-- [ RunTime:0.010772s ]
INFO: [ view_filter ] --START--
INFO: Run Behavior\WriteHtmlCacheBehavior [ RunTime:0.000333s ]
INFO: [ view_filter ] --END-- [ RunTime:0.000361s ]
INFO: [ app_end ] --START--
INFO: Run Behavior\ShowPageTraceBehavior [ RunTime:0.000674s ]
INFO: [ app_end ] --END-- [ RunTime:0.000710s ]

[ 2017-02-22T17:00:59+08:00 ] 127.0.0.1 /zySystem/index.php/Home/Index/jiezhen.html
INFO: [ app_init ] --START--
INFO: Run Behavior\BuildLiteBehavior [ RunTime:0.000011s ]
INFO: [ app_init ] --END-- [ RunTime:0.000431s ]
INFO: [ app_begin ] --START--
INFO: Run Behavior\ReadHtmlCacheBehavior [ RunTime:0.000631s ]
INFO: [ app_begin ] --END-- [ RunTime:0.000688s ]
SQL: SHOW COLUMNS FROM `station_p` [ RunTime:0.0049s ]
SQL: SELECT COUNT(*) AS tp_count FROM `station_p` WHERE ( jz_flag=1 ) LIMIT 1   [ RunTime:0.0036s ]
SQL: SELECT * FROM `station_p` WHERE ( jz_flag=1 ) ORDER BY p_date desc LIMIT 0,9   [ RunTime:0.0094s ]
INFO: [ view_parse ] --START--
INFO: [ template_filter ] --START--
INFO: Run Behavior\ContentReplaceBehavior [ RunTime:0.000080s ]
INFO: [ template_filter ] --END-- [ RunTime:0.000119s ]
NOTIC: [8] Use of undefined constant br_id - assumed 'br_id' F:\xampp\htdocs\zySystem\Application\Runtime\Cache\Home\f57058ef33cdbd30d34e0f5f8cf47eda.php 第 74 行.
NOTIC: [8] Use of undefined constant xh - assumed 'xh' F:\xampp\htdocs\zySystem\Application\Runtime\Cache\Home\f57058ef33cdbd30d34e0f5f8cf47eda.php 第 74 行.
NOTIC: [8] Use of undefined constant br_id - assumed 'br_id' F:\xampp\htdocs\zySystem\Application\Runtime\Cache\Home\f57058ef33cdbd30d34e0f5f8cf47eda.php 第 74 行.
NOTIC: [8] Use of undefined constant xh - assumed 'xh' F:\xampp\htdocs\zySystem\Application\Runtime\Cache\Home\f57058ef33cdbd30d34e0f5f8cf47eda.php 第 74 行.
NOTIC: [8] Use of undefined constant br_id - assumed 'br_id' F:\xampp\htdocs\zySystem\Application\Runtime\Cache\Home\f57058ef33cdbd30d34e0f5f8cf47eda.php 第 74 行.
NOTIC: [8] Use of undefined constant xh - assumed 'xh' F:\xampp\htdocs\zySystem\Application\Runtime\Cache\Home\f57058ef33cdbd30d34e0f5f8cf47eda.php 第 74 行.
NOTIC: [8] Use of undefined constant br_id - assumed 'br_id' F:\xampp\htdocs\zySystem\Application\Runtime\Cache\Home\f57058ef33cdbd30d34e0f5f8cf47eda.php 第 74 行.
NOTIC: [8] Use of undefined constant xh - assumed 'xh' F:\xampp\htdocs\zySystem\Application\Runtime\Cache\Home\f57058ef33cdbd30d34e0f5f8cf47eda.php 第 74 行.
NOTIC: [8] Use of undefined constant br_id - assumed 'br_id' F:\xampp\htdocs\zySystem\Application\Runtime\Cache\Home\f57058ef33cdbd30d34e0f5f8cf47eda.php 第 74 行.
NOTIC: [8] Use of undefined constant xh - assumed 'xh' F:\xampp\htdocs\zySystem\Application\Runtime\Cache\Home\f57058ef33cdbd30d34e0f5f8cf47eda.php 第 74 行.
NOTIC: [8] Use of undefined constant br_id - assumed 'br_id' F:\xampp\htdocs\zySystem\Application\Runtime\Cache\Home\f57058ef33cdbd30d34e0f5f8cf47eda.php 第 74 行.
NOTIC: [8] Use of undefined constant xh - assumed 'xh' F:\xampp\htdocs\zySystem\Application\Runtime\Cache\Home\f57058ef33cdbd30d34e0f5f8cf47eda.php 第 74 行.
NOTIC: [8] Use of undefined constant br_id - assumed 'br_id' F:\xampp\htdocs\zySystem\Application\Runtime\Cache\Home\f57058ef33cdbd30d34e0f5f8cf47eda.php 第 74 行.
NOTIC: [8] Use of undefined constant xh - assumed 'xh' F:\xampp\htdocs\zySystem\Application\Runtime\Cache\Home\f57058ef33cdbd30d34e0f5f8cf47eda.php 第 74 行.
NOTIC: [8] Use of undefined constant br_id - assumed 'br_id' F:\xampp\htdocs\zySystem\Application\Runtime\Cache\Home\f57058ef33cdbd30d34e0f5f8cf47eda.php 第 74 行.
NOTIC: [8] Use of undefined constant xh - assumed 'xh' F:\xampp\htdocs\zySystem\Application\Runtime\Cache\Home\f57058ef33cdbd30d34e0f5f8cf47eda.php 第 74 行.
NOTIC: [8] Use of undefined constant br_id - assumed 'br_id' F:\xampp\htdocs\zySystem\Application\Runtime\Cache\Home\f57058ef33cdbd30d34e0f5f8cf47eda.php 第 74 行.
NOTIC: [8] Use of undefined constant xh - assumed 'xh' F:\xampp\htdocs\zySystem\Application\Runtime\Cache\Home\f57058ef33cdbd30d34e0f5f8cf47eda.php 第 74 行.
INFO: Run Behavior\ParseTemplateBehavior [ RunTime:0.009689s ]
INFO: [ view_parse ] --END-- [ RunTime:0.009728s ]
INFO: [ view_filter ] --START--
INFO: Run Behavior\WriteHtmlCacheBehavior [ RunTime:0.000367s ]
INFO: [ view_filter ] --END-- [ RunTime:0.000395s ]
INFO: [ app_end ] --START--
INFO: Run Behavior\ShowPageTraceBehavior [ RunTime:0.000707s ]
INFO: [ app_end ] --END-- [ RunTime:0.000746s ]

[ 2017-02-22T17:00:59+08:00 ] 127.0.0.1 /zySystem/index.php/Home/Index/jiezhen.html
INFO: [ app_init ] --START--
INFO: Run Behavior\BuildLiteBehavior [ RunTime:0.000011s ]
INFO: [ app_init ] --END-- [ RunTime:0.000393s ]
INFO: [ app_begin ] --START--
INFO: Run Behavior\ReadHtmlCacheBehavior [ RunTime:0.000755s ]
INFO: [ app_begin ] --END-- [ RunTime:0.000799s ]
SQL: SHOW COLUMNS FROM `station_p` [ RunTime:0.0051s ]
SQL: SELECT COUNT(*) AS tp_count FROM `station_p` WHERE ( jz_flag=1 ) LIMIT 1   [ RunTime:0.0040s ]
SQL: SELECT * FROM `station_p` WHERE ( jz_flag=1 ) ORDER BY p_date desc LIMIT 0,9   [ RunTime:0.0046s ]
INFO: [ view_parse ] --START--
INFO: [ template_filter ] --START--
INFO: Run Behavior\ContentReplaceBehavior [ RunTime:0.000091s ]
INFO: [ template_filter ] --END-- [ RunTime:0.000134s ]
NOTIC: [8] Use of undefined constant br_id - assumed 'br_id' F:\xampp\htdocs\zySystem\Application\Runtime\Cache\Home\f57058ef33cdbd30d34e0f5f8cf47eda.php 第 74 行.
NOTIC: [8] Use of undefined constant xh - assumed 'xh' F:\xampp\htdocs\zySystem\Application\Runtime\Cache\Home\f57058ef33cdbd30d34e0f5f8cf47eda.php 第 74 行.
NOTIC: [8] Use of undefined constant br_id - assumed 'br_id' F:\xampp\htdocs\zySystem\Application\Runtime\Cache\Home\f57058ef33cdbd30d34e0f5f8cf47eda.php 第 74 行.
NOTIC: [8] Use of undefined constant xh - assumed 'xh' F:\xampp\htdocs\zySystem\Application\Runtime\Cache\Home\f57058ef33cdbd30d34e0f5f8cf47eda.php 第 74 行.
NOTIC: [8] Use of undefined constant br_id - assumed 'br_id' F:\xampp\htdocs\zySystem\Application\Runtime\Cache\Home\f57058ef33cdbd30d34e0f5f8cf47eda.php 第 74 行.
NOTIC: [8] Use of undefined constant xh - assumed 'xh' F:\xampp\htdocs\zySystem\Application\Runtime\Cache\Home\f57058ef33cdbd30d34e0f5f8cf47eda.php 第 74 行.
NOTIC: [8] Use of undefined constant br_id - assumed 'br_id' F:\xampp\htdocs\zySystem\Application\Runtime\Cache\Home\f57058ef33cdbd30d34e0f5f8cf47eda.php 第 74 行.
NOTIC: [8] Use of undefined constant xh - assumed 'xh' F:\xampp\htdocs\zySystem\Application\Runtime\Cache\Home\f57058ef33cdbd30d34e0f5f8cf47eda.php 第 74 行.
NOTIC: [8] Use of undefined constant br_id - assumed 'br_id' F:\xampp\htdocs\zySystem\Application\Runtime\Cache\Home\f57058ef33cdbd30d34e0f5f8cf47eda.php 第 74 行.
NOTIC: [8] Use of undefined constant xh - assumed 'xh' F:\xampp\htdocs\zySystem\Application\Runtime\Cache\Home\f57058ef33cdbd30d34e0f5f8cf47eda.php 第 74 行.
NOTIC: [8] Use of undefined constant br_id - assumed 'br_id' F:\xampp\htdocs\zySystem\Application\Runtime\Cache\Home\f57058ef33cdbd30d34e0f5f8cf47eda.php 第 74 行.
NOTIC: [8] Use of undefined constant xh - assumed 'xh' F:\xampp\htdocs\zySystem\Application\Runtime\Cache\Home\f57058ef33cdbd30d34e0f5f8cf47eda.php 第 74 行.
NOTIC: [8] Use of undefined constant br_id - assumed 'br_id' F:\xampp\htdocs\zySystem\Application\Runtime\Cache\Home\f57058ef33cdbd30d34e0f5f8cf47eda.php 第 74 行.
NOTIC: [8] Use of undefined constant xh - assumed 'xh' F:\xampp\htdocs\zySystem\Application\Runtime\Cache\Home\f57058ef33cdbd30d34e0f5f8cf47eda.php 第 74 行.
NOTIC: [8] Use of undefined constant br_id - assumed 'br_id' F:\xampp\htdocs\zySystem\Application\Runtime\Cache\Home\f57058ef33cdbd30d34e0f5f8cf47eda.php 第 74 行.
NOTIC: [8] Use of undefined constant xh - assumed 'xh' F:\xampp\htdocs\zySystem\Application\Runtime\Cache\Home\f57058ef33cdbd30d34e0f5f8cf47eda.php 第 74 行.
NOTIC: [8] Use of undefined constant br_id - assumed 'br_id' F:\xampp\htdocs\zySystem\Application\Runtime\Cache\Home\f57058ef33cdbd30d34e0f5f8cf47eda.php 第 74 行.
NOTIC: [8] Use of undefined constant xh - assumed 'xh' F:\xampp\htdocs\zySystem\Application\Runtime\Cache\Home\f57058ef33cdbd30d34e0f5f8cf47eda.php 第 74 行.
INFO: Run Behavior\ParseTemplateBehavior [ RunTime:0.019834s ]
INFO: [ view_parse ] --END-- [ RunTime:0.019883s ]
INFO: [ view_filter ] --START--
INFO: Run Behavior\WriteHtmlCacheBehavior [ RunTime:0.000359s ]
INFO: [ view_filter ] --END-- [ RunTime:0.000389s ]
INFO: [ app_end ] --START--
INFO: Run Behavior\ShowPageTraceBehavior [ RunTime:0.000661s ]
INFO: [ app_end ] --END-- [ RunTime:0.000711s ]

[ 2017-02-22T17:01:05+08:00 ] 127.0.0.1 /zySystem/index.php/Home/Kaifang/zyhome.html
INFO: [ app_init ] --START--
INFO: Run Behavior\BuildLiteBehavior [ RunTime:0.000013s ]
INFO: [ app_init ] --END-- [ RunTime:0.000439s ]
INFO: [ app_begin ] --START--
INFO: Run Behavior\ReadHtmlCacheBehavior [ RunTime:0.000901s ]
INFO: [ app_begin ] --END-- [ RunTime:0.000960s ]
SQL: SHOW COLUMNS FROM `bz_cf` [ RunTime:0.0182s ]
SQL: SELECT dict_drug_zy.drug_name,bz_cf.dw,dict_drug_zy.drug_code,drug_dict.xw1 FROM `bz_cf` INNER JOIN dict_drug_zy on dict_drug_zy.drug_code=bz_cf.ypdm INNER JOIN drug_dict on dict_drug_zy.drug_code=drug_dict.drug_code  WHERE bz_cf.cfdm = '1413.1001'  [ RunTime:0.1840s ]
SQL: SHOW COLUMNS FROM `tcd_szjj` [ RunTime:0.0524s ]
SQL: SELECT * FROM `tcd_szjj` WHERE ( CF_TREE='1002.1006' )  [ RunTime:0.0298s ]
INFO: [ view_parse ] --START--
INFO: [ template_filter ] --START--
INFO: Run Behavior\ContentReplaceBehavior [ RunTime:0.000080s ]
INFO: [ template_filter ] --END-- [ RunTime:0.000128s ]
INFO: Run Behavior\ParseTemplateBehavior [ RunTime:0.011221s ]
INFO: [ view_parse ] --END-- [ RunTime:0.011294s ]
INFO: [ view_filter ] --START--
INFO: Run Behavior\WriteHtmlCacheBehavior [ RunTime:0.000219s ]
INFO: [ view_filter ] --END-- [ RunTime:0.000247s ]
INFO: [ app_end ] --START--
INFO: Run Behavior\ShowPageTraceBehavior [ RunTime:0.000491s ]
INFO: [ app_end ] --END-- [ RunTime:0.000542s ]

[ 2017-02-22T17:01:28+08:00 ] 127.0.0.1 /zySystem/index.php/Home/Kaifang/west.html
INFO: [ app_init ] --START--
INFO: Run Behavior\BuildLiteBehavior [ RunTime:0.000012s ]
INFO: [ app_init ] --END-- [ RunTime:0.000481s ]
INFO: [ app_begin ] --START--
INFO: Run Behavior\ReadHtmlCacheBehavior [ RunTime:0.000759s ]
INFO: [ app_begin ] --END-- [ RunTime:0.000799s ]
SQL: SHOW COLUMNS FROM `useage_table` [ RunTime:0.0055s ]
SQL: SHOW COLUMNS FROM `usepl_table` [ RunTime:0.0053s ]
SQL: SELECT * FROM `usepl_table`  [ RunTime:0.0198s ]
SQL: SELECT * FROM `useage_table`  [ RunTime:0.0045s ]
INFO: [ view_parse ] --START--
INFO: [ template_filter ] --START--
INFO: Run Behavior\ContentReplaceBehavior [ RunTime:0.000086s ]
INFO: [ template_filter ] --END-- [ RunTime:0.000128s ]
NOTIC: [8] Undefined variable: xyname F:\xampp\htdocs\zySystem\Application\Runtime\Cache\Home\52dae682b834f278ede62bc02a026de2.php 第 38 行.
INFO: Run Behavior\ParseTemplateBehavior [ RunTime:0.008912s ]
INFO: [ view_parse ] --END-- [ RunTime:0.008958s ]
INFO: [ view_filter ] --START--
INFO: Run Behavior\WriteHtmlCacheBehavior [ RunTime:0.000862s ]
INFO: [ view_filter ] --END-- [ RunTime:0.000890s ]
INFO: [ app_end ] --START--
INFO: Run Behavior\ShowPageTraceBehavior [ RunTime:0.000658s ]
INFO: [ app_end ] --END-- [ RunTime:0.000709s ]

[ 2017-02-22T17:01:50+08:00 ] 127.0.0.1 /zySystem/index.php/Home/Mynote
INFO: [ app_init ] --START--
INFO: Run Behavior\BuildLiteBehavior [ RunTime:0.000010s ]
INFO: [ app_init ] --END-- [ RunTime:0.000289s ]
INFO: [ app_begin ] --START--
INFO: Run Behavior\ReadHtmlCacheBehavior [ RunTime:0.000431s ]
INFO: [ app_begin ] --END-- [ RunTime:0.000471s ]
INFO: [ view_parse ] --START--
INFO: [ template_filter ] --START--
INFO: Run Behavior\ContentReplaceBehavior [ RunTime:0.000031s ]
INFO: [ template_filter ] --END-- [ RunTime:0.000074s ]
INFO: Run Behavior\ParseTemplateBehavior [ RunTime:0.007265s ]
INFO: [ view_parse ] --END-- [ RunTime:0.007420s ]
INFO: [ view_filter ] --START--
INFO: Run Behavior\WriteHtmlCacheBehavior [ RunTime:0.000214s ]
INFO: [ view_filter ] --END-- [ RunTime:0.000242s ]
INFO: [ app_end ] --START--
INFO: Run Behavior\ShowPageTraceBehavior [ RunTime:0.000396s ]
INFO: [ app_end ] --END-- [ RunTime:0.000426s ]

[ 2017-02-22T17:01:51+08:00 ] 127.0.0.1 /zySystem/index.php/Home/Mynote/mllist
INFO: [ app_init ] --START--
INFO: Run Behavior\BuildLiteBehavior [ RunTime:0.000013s ]
INFO: [ app_init ] --END-- [ RunTime:0.000360s ]
INFO: [ app_begin ] --START--
INFO: Run Behavior\ReadHtmlCacheBehavior [ RunTime:0.000398s ]
INFO: [ app_begin ] --END-- [ RunTime:0.000451s ]
SQL: SHOW COLUMNS FROM `nodes` [ RunTime:0.0131s ]
SQL: SELECT n1.*,n2.* FROM nodes as n1,note as n2 WHERE ( n2.p_id=n1.id )  [ RunTime:0.0218s ]
SQL: SHOW COLUMNS FROM `nodes` [ RunTime:0.0049s ]
SQL: SELECT * FROM `nodes`  [ RunTime:0.0049s ]
NOTIC: [8] Use of undefined constant userid - assumed 'userid' F:\xampp\htdocs\zySystem\Application\Home\Controller\MynoteController.class.php 第 56 行.
NOTIC: [8] Use of undefined constant wh_userId - assumed 'wh_userId' F:\xampp\htdocs\zySystem\Application\Home\Controller\MynoteController.class.php 第 56 行.
NOTIC: [8] Use of undefined constant userid - assumed 'userid' F:\xampp\htdocs\zySystem\Application\Home\Controller\MynoteController.class.php 第 56 行.
NOTIC: [8] Use of undefined constant wh_userId - assumed 'wh_userId' F:\xampp\htdocs\zySystem\Application\Home\Controller\MynoteController.class.php 第 56 行.
NOTIC: [8] Use of undefined constant userid - assumed 'userid' F:\xampp\htdocs\zySystem\Application\Home\Controller\MynoteController.class.php 第 56 行.
NOTIC: [8] Use of undefined constant wh_userId - assumed 'wh_userId' F:\xampp\htdocs\zySystem\Application\Home\Controller\MynoteController.class.php 第 56 行.
NOTIC: [8] Use of undefined constant userid - assumed 'userid' F:\xampp\htdocs\zySystem\Application\Home\Controller\MynoteController.class.php 第 56 行.
NOTIC: [8] Use of undefined constant wh_userId - assumed 'wh_userId' F:\xampp\htdocs\zySystem\Application\Home\Controller\MynoteController.class.php 第 56 行.
NOTIC: [8] Use of undefined constant userid - assumed 'userid' F:\xampp\htdocs\zySystem\Application\Home\Controller\MynoteController.class.php 第 56 行.
NOTIC: [8] Use of undefined constant wh_userId - assumed 'wh_userId' F:\xampp\htdocs\zySystem\Application\Home\Controller\MynoteController.class.php 第 56 行.
NOTIC: [8] Use of undefined constant userid - assumed 'userid' F:\xampp\htdocs\zySystem\Application\Home\Controller\MynoteController.class.php 第 56 行.
NOTIC: [8] Use of undefined constant wh_userId - assumed 'wh_userId' F:\xampp\htdocs\zySystem\Application\Home\Controller\MynoteController.class.php 第 56 行.
NOTIC: [8] Use of undefined constant userid - assumed 'userid' F:\xampp\htdocs\zySystem\Application\Home\Controller\MynoteController.class.php 第 56 行.
NOTIC: [8] Use of undefined constant wh_userId - assumed 'wh_userId' F:\xampp\htdocs\zySystem\Application\Home\Controller\MynoteController.class.php 第 56 行.
NOTIC: [8] Use of undefined constant userid - assumed 'userid' F:\xampp\htdocs\zySystem\Application\Home\Controller\MynoteController.class.php 第 56 行.
NOTIC: [8] Use of undefined constant wh_userId - assumed 'wh_userId' F:\xampp\htdocs\zySystem\Application\Home\Controller\MynoteController.class.php 第 56 行.
NOTIC: [8] Use of undefined constant userid - assumed 'userid' F:\xampp\htdocs\zySystem\Application\Home\Controller\MynoteController.class.php 第 56 行.
NOTIC: [8] Use of undefined constant wh_userId - assumed 'wh_userId' F:\xampp\htdocs\zySystem\Application\Home\Controller\MynoteController.class.php 第 56 行.
NOTIC: [8] Use of undefined constant userid - assumed 'userid' F:\xampp\htdocs\zySystem\Application\Home\Controller\MynoteController.class.php 第 56 行.
NOTIC: [8] Use of undefined constant wh_userId - assumed 'wh_userId' F:\xampp\htdocs\zySystem\Application\Home\Controller\MynoteController.class.php 第 56 行.
NOTIC: [8] Use of undefined constant userid - assumed 'userid' F:\xampp\htdocs\zySystem\Application\Home\Controller\MynoteController.class.php 第 56 行.
NOTIC: [8] Use of undefined constant wh_userId - assumed 'wh_userId' F:\xampp\htdocs\zySystem\Application\Home\Controller\MynoteController.class.php 第 56 行.
NOTIC: [8] Use of undefined constant userid - assumed 'userid' F:\xampp\htdocs\zySystem\Application\Home\Controller\MynoteController.class.php 第 56 行.
NOTIC: [8] Use of undefined constant wh_userId - assumed 'wh_userId' F:\xampp\htdocs\zySystem\Application\Home\Controller\MynoteController.class.php 第 56 行.
NOTIC: [8] Use of undefined constant userid - assumed 'userid' F:\xampp\htdocs\zySystem\Application\Home\Controller\MynoteController.class.php 第 56 行.
NOTIC: [8] Use of undefined constant wh_userId - assumed 'wh_userId' F:\xampp\htdocs\zySystem\Application\Home\Controller\MynoteController.class.php 第 56 行.
NOTIC: [8] Use of undefined constant userid - assumed 'userid' F:\xampp\htdocs\zySystem\Application\Home\Controller\MynoteController.class.php 第 61 行.
NOTIC: [8] Use of undefined constant wh_userId - assumed 'wh_userId' F:\xampp\htdocs\zySystem\Application\Home\Controller\MynoteController.class.php 第 61 行.
NOTIC: [8] Use of undefined constant userid - assumed 'userid' F:\xampp\htdocs\zySystem\Application\Home\Controller\MynoteController.class.php 第 61 行.
NOTIC: [8] Use of undefined constant wh_userId - assumed 'wh_userId' F:\xampp\htdocs\zySystem\Application\Home\Controller\MynoteController.class.php 第 61 行.
NOTIC: [8] Use of undefined constant userid - assumed 'userid' F:\xampp\htdocs\zySystem\Application\Home\Controller\MynoteController.class.php 第 61 行.
NOTIC: [8] Use of undefined constant wh_userId - assumed 'wh_userId' F:\xampp\htdocs\zySystem\Application\Home\Controller\MynoteController.class.php 第 61 行.
NOTIC: [8] Use of undefined constant userid - assumed 'userid' F:\xampp\htdocs\zySystem\Application\Home\Controller\MynoteController.class.php 第 61 行.
NOTIC: [8] Use of undefined constant wh_userId - assumed 'wh_userId' F:\xampp\htdocs\zySystem\Application\Home\Controller\MynoteController.class.php 第 61 行.
NOTIC: [8] Use of undefined constant userid - assumed 'userid' F:\xampp\htdocs\zySystem\Application\Home\Controller\MynoteController.class.php 第 61 行.
NOTIC: [8] Use of undefined constant wh_userId - assumed 'wh_userId' F:\xampp\htdocs\zySystem\Application\Home\Controller\MynoteController.class.php 第 61 行.
INFO: [ view_parse ] --START--
INFO: [ template_filter ] --START--
INFO: Run Behavior\ContentReplaceBehavior [ RunTime:0.000053s ]
INFO: [ template_filter ] --END-- [ RunTime:0.000114s ]
INFO: Run Behavior\ParseTemplateBehavior [ RunTime:0.006446s ]
INFO: [ view_parse ] --END-- [ RunTime:0.006516s ]
INFO: [ view_filter ] --START--
INFO: Run Behavior\WriteHtmlCacheBehavior [ RunTime:0.000406s ]
INFO: [ view_filter ] --END-- [ RunTime:0.000446s ]
INFO: [ app_end ] --START--
INFO: Run Behavior\ShowPageTraceBehavior [ RunTime:0.000430s ]
INFO: [ app_end ] --END-- [ RunTime:0.000535s ]

[ 2017-02-22T17:01:51+08:00 ] 127.0.0.1 /zySystem/index.php/Home/Mynote/rpro
INFO: [ app_init ] --START--
INFO: Run Behavior\BuildLiteBehavior [ RunTime:0.000013s ]
INFO: [ app_init ] --END-- [ RunTime:0.000413s ]
INFO: [ app_begin ] --START--
INFO: Run Behavior\ReadHtmlCacheBehavior [ RunTime:0.000705s ]
INFO: [ app_begin ] --END-- [ RunTime:0.000755s ]
INFO: [ view_parse ] --START--
INFO: [ template_filter ] --START--
INFO: Run Behavior\ContentReplaceBehavior [ RunTime:0.000057s ]
INFO: [ template_filter ] --END-- [ RunTime:0.000939s ]
INFO: Run Behavior\ParseTemplateBehavior [ RunTime:0.009481s ]
INFO: [ view_parse ] --END-- [ RunTime:0.009611s ]
INFO: [ view_filter ] --START--
INFO: Run Behavior\WriteHtmlCacheBehavior [ RunTime:0.000289s ]
INFO: [ view_filter ] --END-- [ RunTime:0.000332s ]
INFO: [ app_end ] --START--
INFO: Run Behavior\ShowPageTraceBehavior [ RunTime:0.000493s ]
INFO: [ app_end ] --END-- [ RunTime:0.000548s ]

[ 2017-02-22T17:01:55+08:00 ] 127.0.0.1 /zySystem/index.php/Home/Mynote/view?id=30
INFO: [ app_init ] --START--
INFO: Run Behavior\BuildLiteBehavior [ RunTime:0.000011s ]
INFO: [ app_init ] --END-- [ RunTime:0.000319s ]
INFO: [ app_begin ] --START--
INFO: Run Behavior\ReadHtmlCacheBehavior [ RunTime:0.000460s ]
INFO: [ app_begin ] --END-- [ RunTime:0.000501s ]
SQL: SHOW COLUMNS FROM `note` [ RunTime:0.0083s ]
SQL: SELECT * FROM `note` WHERE ( id='30' )  [ RunTime:0.0061s ]
INFO: [ view_parse ] --START--
INFO: [ template_filter ] --START--
INFO: Run Behavior\ContentReplaceBehavior [ RunTime:0.000035s ]
INFO: [ template_filter ] --END-- [ RunTime:0.000071s ]
INFO: Run Behavior\ParseTemplateBehavior [ RunTime:0.004570s ]
INFO: [ view_parse ] --END-- [ RunTime:0.004675s ]
INFO: [ view_filter ] --START--
INFO: Run Behavior\WriteHtmlCacheBehavior [ RunTime:0.000209s ]
INFO: [ view_filter ] --END-- [ RunTime:0.000234s ]
INFO: [ app_end ] --START--
INFO: Run Behavior\ShowPageTraceBehavior [ RunTime:0.000383s ]
INFO: [ app_end ] --END-- [ RunTime:0.000412s ]

[ 2017-02-22T17:01:58+08:00 ] 127.0.0.1 /zySystem/index.php/Home/Mynote/view?id=9
INFO: [ app_init ] --START--
INFO: Run Behavior\BuildLiteBehavior [ RunTime:0.000011s ]
INFO: [ app_init ] --END-- [ RunTime:0.000292s ]
INFO: [ app_begin ] --START--
INFO: Run Behavior\ReadHtmlCacheBehavior [ RunTime:0.000357s ]
INFO: [ app_begin ] --END-- [ RunTime:0.000393s ]
SQL: SHOW COLUMNS FROM `note` [ RunTime:0.0944s ]
SQL: SELECT * FROM `note` WHERE ( id='9' )  [ RunTime:0.0053s ]
INFO: [ view_parse ] --START--
INFO: [ template_filter ] --START--
INFO: Run Behavior\ContentReplaceBehavior [ RunTime:0.000043s ]
INFO: [ template_filter ] --END-- [ RunTime:0.000083s ]
INFO: Run Behavior\ParseTemplateBehavior [ RunTime:0.005487s ]
INFO: [ view_parse ] --END-- [ RunTime:0.005543s ]
INFO: [ view_filter ] --START--
INFO: Run Behavior\WriteHtmlCacheBehavior [ RunTime:0.000216s ]
INFO: [ view_filter ] --END-- [ RunTime:0.000245s ]
INFO: [ app_end ] --START--
INFO: Run Behavior\ShowPageTraceBehavior [ RunTime:0.000399s ]
INFO: [ app_end ] --END-- [ RunTime:0.000428s ]

[ 2017-02-22T17:02:01+08:00 ] 127.0.0.1 /zySystem/index.php/Home/Mynote/view?id=4
INFO: [ app_init ] --START--
INFO: Run Behavior\BuildLiteBehavior [ RunTime:0.000010s ]
INFO: [ app_init ] --END-- [ RunTime:0.000336s ]
INFO: [ app_begin ] --START--
INFO: Run Behavior\ReadHtmlCacheBehavior [ RunTime:0.000408s ]
INFO: [ app_begin ] --END-- [ RunTime:0.000448s ]
SQL: SHOW COLUMNS FROM `note` [ RunTime:0.0056s ]
SQL: SELECT * FROM `note` WHERE ( id='4' )  [ RunTime:0.0229s ]
INFO: [ view_parse ] --START--
INFO: [ template_filter ] --START--
INFO: Run Behavior\ContentReplaceBehavior [ RunTime:0.000039s ]
INFO: [ template_filter ] --END-- [ RunTime:0.000098s ]
INFO: Run Behavior\ParseTemplateBehavior [ RunTime:0.006442s ]
INFO: [ view_parse ] --END-- [ RunTime:0.006491s ]
INFO: [ view_filter ] --START--
INFO: Run Behavior\WriteHtmlCacheBehavior [ RunTime:0.000239s ]
INFO: [ view_filter ] --END-- [ RunTime:0.000288s ]
INFO: [ app_end ] --START--
INFO: Run Behavior\ShowPageTraceBehavior [ RunTime:0.000490s ]
INFO: [ app_end ] --END-- [ RunTime:0.000539s ]

[ 2017-02-22T17:02:04+08:00 ] 127.0.0.1 /zySystem/index.php/Home/Mynote/view?id=22
INFO: [ app_init ] --START--
INFO: Run Behavior\BuildLiteBehavior [ RunTime:0.000017s ]
INFO: [ app_init ] --END-- [ RunTime:0.000724s ]
INFO: [ app_begin ] --START--
INFO: Run Behavior\ReadHtmlCacheBehavior [ RunTime:0.000944s ]
INFO: [ app_begin ] --END-- [ RunTime:0.001079s ]
SQL: SHOW COLUMNS FROM `note` [ RunTime:0.0123s ]
SQL: SELECT * FROM `note` WHERE ( id='22' )  [ RunTime:0.0080s ]
INFO: [ view_parse ] --START--
INFO: [ template_filter ] --START--
INFO: Run Behavior\ContentReplaceBehavior [ RunTime:0.000035s ]
INFO: [ template_filter ] --END-- [ RunTime:0.000069s ]
INFO: Run Behavior\ParseTemplateBehavior [ RunTime:0.004271s ]
INFO: [ view_parse ] --END-- [ RunTime:0.004314s ]
INFO: [ view_filter ] --START--
INFO: Run Behavior\WriteHtmlCacheBehavior [ RunTime:0.000217s ]
INFO: [ view_filter ] --END-- [ RunTime:0.000244s ]
INFO: [ app_end ] --START--
INFO: Run Behavior\ShowPageTraceBehavior [ RunTime:0.000391s ]
INFO: [ app_end ] --END-- [ RunTime:0.000421s ]

[ 2017-02-22T17:02:05+08:00 ] 127.0.0.1 /zySystem/index.php/Home/Mynote/view?id=27
INFO: [ app_init ] --START--
INFO: Run Behavior\BuildLiteBehavior [ RunTime:0.000011s ]
INFO: [ app_init ] --END-- [ RunTime:0.000475s ]
INFO: [ app_begin ] --START--
INFO: Run Behavior\ReadHtmlCacheBehavior [ RunTime:0.000338s ]
INFO: [ app_begin ] --END-- [ RunTime:0.000373s ]
SQL: SHOW COLUMNS FROM `note` [ RunTime:0.0619s ]
SQL: SELECT * FROM `note` WHERE ( id='27' )  [ RunTime:0.0116s ]
INFO: [ view_parse ] --START--
INFO: [ template_filter ] --START--
INFO: Run Behavior\ContentReplaceBehavior [ RunTime:0.000044s ]
INFO: [ template_filter ] --END-- [ RunTime:0.000092s ]
INFO: Run Behavior\ParseTemplateBehavior [ RunTime:0.005122s ]
INFO: [ view_parse ] --END-- [ RunTime:0.005165s ]
INFO: [ view_filter ] --START--
INFO: Run Behavior\WriteHtmlCacheBehavior [ RunTime:0.000254s ]
INFO: [ view_filter ] --END-- [ RunTime:0.000280s ]
INFO: [ app_end ] --START--
INFO: Run Behavior\ShowPageTraceBehavior [ RunTime:0.000445s ]
INFO: [ app_end ] --END-- [ RunTime:0.000473s ]

[ 2017-02-22T17:02:09+08:00 ] 127.0.0.1 /zySystem/index.php/Home/Mynote/view?id=23
INFO: [ app_init ] --START--
INFO: Run Behavior\BuildLiteBehavior [ RunTime:0.000027s ]
INFO: [ app_init ] --END-- [ RunTime:0.000532s ]
INFO: [ app_begin ] --START--
INFO: Run Behavior\ReadHtmlCacheBehavior [ RunTime:0.000504s ]
INFO: [ app_begin ] --END-- [ RunTime:0.000553s ]
SQL: SHOW COLUMNS FROM `note` [ RunTime:0.0098s ]
SQL: SELECT * FROM `note` WHERE ( id='23' )  [ RunTime:0.0041s ]
INFO: [ view_parse ] --START--
INFO: [ template_filter ] --START--
INFO: Run Behavior\ContentReplaceBehavior [ RunTime:0.000040s ]
INFO: [ template_filter ] --END-- [ RunTime:0.000144s ]
INFO: Run Behavior\ParseTemplateBehavior [ RunTime:0.006012s ]
INFO: [ view_parse ] --END-- [ RunTime:0.006063s ]
INFO: [ view_filter ] --START--
INFO: Run Behavior\WriteHtmlCacheBehavior [ RunTime:0.000481s ]
INFO: [ view_filter ] --END-- [ RunTime:0.000511s ]
INFO: [ app_end ] --START--
INFO: Run Behavior\ShowPageTraceBehavior [ RunTime:0.000565s ]
INFO: [ app_end ] --END-- [ RunTime:0.000611s ]

[ 2017-02-22T17:02:13+08:00 ] 127.0.0.1 /zySystem/index.php/Home/Mynote/view?id=33
INFO: [ app_init ] --START--
INFO: Run Behavior\BuildLiteBehavior [ RunTime:0.000017s ]
INFO: [ app_init ] --END-- [ RunTime:0.000537s ]
INFO: [ app_begin ] --START--
INFO: Run Behavior\ReadHtmlCacheBehavior [ RunTime:0.000551s ]
INFO: [ app_begin ] --END-- [ RunTime:0.000611s ]
SQL: SHOW COLUMNS FROM `note` [ RunTime:0.0083s ]
SQL: SELECT * FROM `note` WHERE ( id='33' )  [ RunTime:0.0134s ]
INFO: [ view_parse ] --START--
INFO: [ template_filter ] --START--
INFO: Run Behavior\ContentReplaceBehavior [ RunTime:0.000052s ]
INFO: [ template_filter ] --END-- [ RunTime:0.000108s ]
INFO: Run Behavior\ParseTemplateBehavior [ RunTime:0.004592s ]
INFO: [ view_parse ] --END-- [ RunTime:0.004654s ]
INFO: [ view_filter ] --START--
INFO: Run Behavior\WriteHtmlCacheBehavior [ RunTime:0.000206s ]
INFO: [ view_filter ] --END-- [ RunTime:0.000233s ]
INFO: [ app_end ] --START--
INFO: Run Behavior\ShowPageTraceBehavior [ RunTime:0.000348s ]
INFO: [ app_end ] --END-- [ RunTime:0.000378s ]

[ 2017-02-22T17:02:18+08:00 ] 127.0.0.1 /zySystem/index.php/Home/Mynote/view?id=36
INFO: [ app_init ] --START--
INFO: Run Behavior\BuildLiteBehavior [ RunTime:0.000014s ]
INFO: [ app_init ] --END-- [ RunTime:0.000436s ]
INFO: [ app_begin ] --START--
INFO: Run Behavior\ReadHtmlCacheBehavior [ RunTime:0.000468s ]
INFO: [ app_begin ] --END-- [ RunTime:0.000516s ]
SQL: SHOW COLUMNS FROM `note` [ RunTime:0.0050s ]
SQL: SELECT * FROM `note` WHERE ( id='36' )  [ RunTime:0.0032s ]
INFO: [ view_parse ] --START--
INFO: [ template_filter ] --START--
INFO: Run Behavior\ContentReplaceBehavior [ RunTime:0.000044s ]
INFO: [ template_filter ] --END-- [ RunTime:0.000096s ]
INFO: Run Behavior\ParseTemplateBehavior [ RunTime:0.005226s ]
INFO: [ view_parse ] --END-- [ RunTime:0.005286s ]
INFO: [ view_filter ] --START--
INFO: Run Behavior\WriteHtmlCacheBehavior [ RunTime:0.000276s ]
INFO: [ view_filter ] --END-- [ RunTime:0.000312s ]
INFO: [ app_end ] --START--
INFO: Run Behavior\ShowPageTraceBehavior [ RunTime:0.000495s ]
INFO: [ app_end ] --END-- [ RunTime:0.000538s ]

[ 2017-02-22T17:02:19+08:00 ] 127.0.0.1 /zySystem/index.php/Home/Mynote/view?id=37
INFO: [ app_init ] --START--
INFO: Run Behavior\BuildLiteBehavior [ RunTime:0.000030s ]
INFO: [ app_init ] --END-- [ RunTime:0.000717s ]
INFO: [ app_begin ] --START--
INFO: Run Behavior\ReadHtmlCacheBehavior [ RunTime:0.000674s ]
INFO: [ app_begin ] --END-- [ RunTime:0.000736s ]
SQL: SHOW COLUMNS FROM `note` [ RunTime:0.0193s ]
SQL: SELECT * FROM `note` WHERE ( id='37' )  [ RunTime:0.0106s ]
INFO: [ view_parse ] --START--
INFO: [ template_filter ] --START--
INFO: Run Behavior\ContentReplaceBehavior [ RunTime:0.000037s ]
INFO: [ template_filter ] --END-- [ RunTime:0.000078s ]
INFO: Run Behavior\ParseTemplateBehavior [ RunTime:0.005027s ]
INFO: [ view_parse ] --END-- [ RunTime:0.005070s ]
INFO: [ view_filter ] --START--
INFO: Run Behavior\WriteHtmlCacheBehavior [ RunTime:0.000234s ]
INFO: [ view_filter ] --END-- [ RunTime:0.000260s ]
INFO: [ app_end ] --START--
INFO: Run Behavior\ShowPageTraceBehavior [ RunTime:0.000417s ]
INFO: [ app_end ] --END-- [ RunTime:0.000446s ]

[ 2017-02-22T17:02:21+08:00 ] 127.0.0.1 /zySystem/index.php/Home/Mynote/setml
INFO: [ app_init ] --START--
INFO: Run Behavior\BuildLiteBehavior [ RunTime:0.000010s ]
INFO: [ app_init ] --END-- [ RunTime:0.000286s ]
INFO: [ app_begin ] --START--
INFO: Run Behavior\ReadHtmlCacheBehavior [ RunTime:0.000533s ]
INFO: [ app_begin ] --END-- [ RunTime:0.000601s ]
INFO: [ view_parse ] --START--
INFO: [ template_filter ] --START--
INFO: Run Behavior\ContentReplaceBehavior [ RunTime:0.000029s ]
INFO: [ template_filter ] --END-- [ RunTime:0.000071s ]
INFO: Run Behavior\ParseTemplateBehavior [ RunTime:0.006920s ]
INFO: [ view_parse ] --END-- [ RunTime:0.007004s ]
INFO: [ view_filter ] --START--
INFO: Run Behavior\WriteHtmlCacheBehavior [ RunTime:0.000207s ]
INFO: [ view_filter ] --END-- [ RunTime:0.000233s ]
INFO: [ app_end ] --START--
INFO: Run Behavior\ShowPageTraceBehavior [ RunTime:0.000371s ]
INFO: [ app_end ] --END-- [ RunTime:0.000403s ]

[ 2017-02-22T17:02:22+08:00 ] 127.0.0.1 /zySystem/index.php/Home/Mynote/rpro
INFO: [ app_init ] --START--
INFO: Run Behavior\BuildLiteBehavior [ RunTime:0.000017s ]
INFO: [ app_init ] --END-- [ RunTime:0.000368s ]
INFO: [ app_begin ] --START--
INFO: Run Behavior\ReadHtmlCacheBehavior [ RunTime:0.000697s ]
INFO: [ app_begin ] --END-- [ RunTime:0.000771s ]
INFO: [ view_parse ] --START--
INFO: [ template_filter ] --START--
INFO: Run Behavior\ContentReplaceBehavior [ RunTime:0.000068s ]
INFO: [ template_filter ] --END-- [ RunTime:0.000150s ]
INFO: Run Behavior\ParseTemplateBehavior [ RunTime:0.004394s ]
INFO: [ view_parse ] --END-- [ RunTime:0.004436s ]
INFO: [ view_filter ] --START--
INFO: Run Behavior\WriteHtmlCacheBehavior [ RunTime:0.000214s ]
INFO: [ view_filter ] --END-- [ RunTime:0.000244s ]
INFO: [ app_end ] --START--
INFO: Run Behavior\ShowPageTraceBehavior [ RunTime:0.000459s ]
INFO: [ app_end ] --END-- [ RunTime:0.000489s ]

[ 2017-02-22T17:02:23+08:00 ] 127.0.0.1 /zySystem/index.php/Home/Mynote/delml
INFO: [ app_init ] --START--
INFO: Run Behavior\BuildLiteBehavior [ RunTime:0.000010s ]
INFO: [ app_init ] --END-- [ RunTime:0.000289s ]
INFO: [ app_begin ] --START--
INFO: Run Behavior\ReadHtmlCacheBehavior [ RunTime:0.000390s ]
INFO: [ app_begin ] --END-- [ RunTime:0.000447s ]
SQL: SHOW COLUMNS FROM `nodes` [ RunTime:0.0062s ]
SQL: SELECT * FROM `nodes`  [ RunTime:0.0065s ]
INFO: [ view_parse ] --START--
INFO: [ template_filter ] --START--
INFO: Run Behavior\ContentReplaceBehavior [ RunTime:0.000048s ]
INFO: [ template_filter ] --END-- [ RunTime:0.000091s ]
INFO: Run Behavior\ParseTemplateBehavior [ RunTime:0.014957s ]
INFO: [ view_parse ] --END-- [ RunTime:0.015029s ]
INFO: [ view_filter ] --START--
INFO: Run Behavior\WriteHtmlCacheBehavior [ RunTime:0.000276s ]
INFO: [ view_filter ] --END-- [ RunTime:0.000305s ]
INFO: [ app_end ] --START--
INFO: Run Behavior\ShowPageTraceBehavior [ RunTime:0.000392s ]
INFO: [ app_end ] --END-- [ RunTime:0.000439s ]

[ 2017-02-22T17:02:27+08:00 ] 127.0.0.1 /zySystem/index.php/Home/Mynote/rpro
INFO: [ app_init ] --START--
INFO: Run Behavior\BuildLiteBehavior [ RunTime:0.000012s ]
INFO: [ app_init ] --END-- [ RunTime:0.000315s ]
INFO: [ app_begin ] --START--
INFO: Run Behavior\ReadHtmlCacheBehavior [ RunTime:0.000518s ]
INFO: [ app_begin ] --END-- [ RunTime:0.000568s ]
INFO: [ view_parse ] --START--
INFO: [ template_filter ] --START--
INFO: Run Behavior\ContentReplaceBehavior [ RunTime:0.000086s ]
INFO: [ template_filter ] --END-- [ RunTime:0.000202s ]
INFO: Run Behavior\ParseTemplateBehavior [ RunTime:0.004901s ]
INFO: [ view_parse ] --END-- [ RunTime:0.004965s ]
INFO: [ view_filter ] --START--
INFO: Run Behavior\WriteHtmlCacheBehavior [ RunTime:0.000423s ]
INFO: [ view_filter ] --END-- [ RunTime:0.000470s ]
INFO: [ app_end ] --START--
INFO: Run Behavior\ShowPageTraceBehavior [ RunTime:0.000564s ]
INFO: [ app_end ] --END-- [ RunTime:0.000614s ]

[ 2017-02-22T17:02:38+08:00 ] 127.0.0.1 /zySystem/index.php/Home/Kaifang/zyhome.html
INFO: [ app_init ] --START--
INFO: Run Behavior\BuildLiteBehavior [ RunTime:0.000012s ]
INFO: [ app_init ] --END-- [ RunTime:0.000412s ]
INFO: [ app_begin ] --START--
INFO: Run Behavior\ReadHtmlCacheBehavior [ RunTime:0.000505s ]
INFO: [ app_begin ] --END-- [ RunTime:0.000581s ]
SQL: SHOW COLUMNS FROM `bz_cf` [ RunTime:0.0046s ]
SQL: SELECT dict_drug_zy.drug_name,bz_cf.dw,dict_drug_zy.drug_code,drug_dict.xw1 FROM `bz_cf` INNER JOIN dict_drug_zy on dict_drug_zy.drug_code=bz_cf.ypdm INNER JOIN drug_dict on dict_drug_zy.drug_code=drug_dict.drug_code  WHERE bz_cf.cfdm = '1413.1001'  [ RunTime:0.0625s ]
SQL: SHOW COLUMNS FROM `tcd_szjj` [ RunTime:0.0055s ]
SQL: SELECT * FROM `tcd_szjj` WHERE ( CF_TREE='1002.1006' )  [ RunTime:0.0132s ]
INFO: [ view_parse ] --START--
INFO: [ template_filter ] --START--
INFO: Run Behavior\ContentReplaceBehavior [ RunTime:0.000110s ]
INFO: [ template_filter ] --END-- [ RunTime:0.000156s ]
INFO: Run Behavior\ParseTemplateBehavior [ RunTime:0.010132s ]
INFO: [ view_parse ] --END-- [ RunTime:0.010176s ]
INFO: [ view_filter ] --START--
INFO: Run Behavior\WriteHtmlCacheBehavior [ RunTime:0.000261s ]
INFO: [ view_filter ] --END-- [ RunTime:0.000292s ]
INFO: [ app_end ] --START--
INFO: Run Behavior\ShowPageTraceBehavior [ RunTime:0.000551s ]
INFO: [ app_end ] --END-- [ RunTime:0.000598s ]

[ 2017-02-22T17:03:00+08:00 ] ::1 /zySystem/index.php/Home/index/home/rev/1.html
INFO: [ app_init ] --START--
INFO: Run Behavior\BuildLiteBehavior [ RunTime:0.000010s ]
INFO: [ app_init ] --END-- [ RunTime:0.000334s ]
INFO: [ app_begin ] --START--
INFO: Run Behavior\ReadHtmlCacheBehavior [ RunTime:0.000528s ]
INFO: [ app_begin ] --END-- [ RunTime:0.000566s ]
INFO: [ view_parse ] --START--
INFO: [ template_filter ] --START--
INFO: Run Behavior\ContentReplaceBehavior [ RunTime:0.000169s ]
INFO: [ template_filter ] --END-- [ RunTime:0.000216s ]
INFO: Run Behavior\ParseTemplateBehavior [ RunTime:0.011626s ]
INFO: [ view_parse ] --END-- [ RunTime:0.011668s ]
INFO: [ view_filter ] --START--
INFO: Run Behavior\WriteHtmlCacheBehavior [ RunTime:0.000522s ]
INFO: [ view_filter ] --END-- [ RunTime:0.000578s ]
INFO: [ app_end ] --START--
INFO: Run Behavior\ShowPageTraceBehavior [ RunTime:0.000471s ]
INFO: [ app_end ] --END-- [ RunTime:0.000505s ]

[ 2017-02-22T17:03:00+08:00 ] ::1 /zySystem/index.php/Home/Index/jiezhen.html
INFO: [ app_init ] --START--
INFO: Run Behavior\BuildLiteBehavior [ RunTime:0.000012s ]
INFO: [ app_init ] --END-- [ RunTime:0.000332s ]
INFO: [ app_begin ] --START--
INFO: Run Behavior\ReadHtmlCacheBehavior [ RunTime:0.000592s ]
INFO: [ app_begin ] --END-- [ RunTime:0.000643s ]
SQL: SHOW COLUMNS FROM `station_p` [ RunTime:0.0081s ]
SQL: SELECT COUNT(*) AS tp_count FROM `station_p` WHERE ( jz_flag=1 ) LIMIT 1   [ RunTime:0.0040s ]
SQL: SELECT * FROM `station_p` WHERE ( jz_flag=1 ) ORDER BY p_date desc LIMIT 0,9   [ RunTime:0.0055s ]
INFO: [ view_parse ] --START--
INFO: [ template_filter ] --START--
INFO: Run Behavior\ContentReplaceBehavior [ RunTime:0.000266s ]
INFO: [ template_filter ] --END-- [ RunTime:0.000385s ]
NOTIC: [8] Use of undefined constant br_id - assumed 'br_id' F:\xampp\htdocs\zySystem\Application\Runtime\Cache\Home\f57058ef33cdbd30d34e0f5f8cf47eda.php 第 74 行.
NOTIC: [8] Use of undefined constant xh - assumed 'xh' F:\xampp\htdocs\zySystem\Application\Runtime\Cache\Home\f57058ef33cdbd30d34e0f5f8cf47eda.php 第 74 行.
NOTIC: [8] Use of undefined constant br_id - assumed 'br_id' F:\xampp\htdocs\zySystem\Application\Runtime\Cache\Home\f57058ef33cdbd30d34e0f5f8cf47eda.php 第 74 行.
NOTIC: [8] Use of undefined constant xh - assumed 'xh' F:\xampp\htdocs\zySystem\Application\Runtime\Cache\Home\f57058ef33cdbd30d34e0f5f8cf47eda.php 第 74 行.
NOTIC: [8] Use of undefined constant br_id - assumed 'br_id' F:\xampp\htdocs\zySystem\Application\Runtime\Cache\Home\f57058ef33cdbd30d34e0f5f8cf47eda.php 第 74 行.
NOTIC: [8] Use of undefined constant xh - assumed 'xh' F:\xampp\htdocs\zySystem\Application\Runtime\Cache\Home\f57058ef33cdbd30d34e0f5f8cf47eda.php 第 74 行.
NOTIC: [8] Use of undefined constant br_id - assumed 'br_id' F:\xampp\htdocs\zySystem\Application\Runtime\Cache\Home\f57058ef33cdbd30d34e0f5f8cf47eda.php 第 74 行.
NOTIC: [8] Use of undefined constant xh - assumed 'xh' F:\xampp\htdocs\zySystem\Application\Runtime\Cache\Home\f57058ef33cdbd30d34e0f5f8cf47eda.php 第 74 行.
NOTIC: [8] Use of undefined constant br_id - assumed 'br_id' F:\xampp\htdocs\zySystem\Application\Runtime\Cache\Home\f57058ef33cdbd30d34e0f5f8cf47eda.php 第 74 行.
NOTIC: [8] Use of undefined constant xh - assumed 'xh' F:\xampp\htdocs\zySystem\Application\Runtime\Cache\Home\f57058ef33cdbd30d34e0f5f8cf47eda.php 第 74 行.
NOTIC: [8] Use of undefined constant br_id - assumed 'br_id' F:\xampp\htdocs\zySystem\Application\Runtime\Cache\Home\f57058ef33cdbd30d34e0f5f8cf47eda.php 第 74 行.
NOTIC: [8] Use of undefined constant xh - assumed 'xh' F:\xampp\htdocs\zySystem\Application\Runtime\Cache\Home\f57058ef33cdbd30d34e0f5f8cf47eda.php 第 74 行.
NOTIC: [8] Use of undefined constant br_id - assumed 'br_id' F:\xampp\htdocs\zySystem\Application\Runtime\Cache\Home\f57058ef33cdbd30d34e0f5f8cf47eda.php 第 74 行.
NOTIC: [8] Use of undefined constant xh - assumed 'xh' F:\xampp\htdocs\zySystem\Application\Runtime\Cache\Home\f57058ef33cdbd30d34e0f5f8cf47eda.php 第 74 行.
NOTIC: [8] Use of undefined constant br_id - assumed 'br_id' F:\xampp\htdocs\zySystem\Application\Runtime\Cache\Home\f57058ef33cdbd30d34e0f5f8cf47eda.php 第 74 行.
NOTIC: [8] Use of undefined constant xh - assumed 'xh' F:\xampp\htdocs\zySystem\Application\Runtime\Cache\Home\f57058ef33cdbd30d34e0f5f8cf47eda.php 第 74 行.
NOTIC: [8] Use of undefined constant br_id - assumed 'br_id' F:\xampp\htdocs\zySystem\Application\Runtime\Cache\Home\f57058ef33cdbd30d34e0f5f8cf47eda.php 第 74 行.
NOTIC: [8] Use of undefined constant xh - assumed 'xh' F:\xampp\htdocs\zySystem\Application\Runtime\Cache\Home\f57058ef33cdbd30d34e0f5f8cf47eda.php 第 74 行.
INFO: Run Behavior\ParseTemplateBehavior [ RunTime:0.011364s ]
INFO: [ view_parse ] --END-- [ RunTime:0.011409s ]
INFO: [ view_filter ] --START--
INFO: Run Behavior\WriteHtmlCacheBehavior [ RunTime:0.000292s ]
INFO: [ view_filter ] --END-- [ RunTime:0.000323s ]
INFO: [ app_end ] --START--
INFO: Run Behavior\ShowPageTraceBehavior [ RunTime:0.000558s ]
INFO: [ app_end ] --END-- [ RunTime:0.000649s ]

[ 2017-02-22T17:03:00+08:00 ] ::1 /zySystem/index.php/Home/Index/jiezhen.html
INFO: [ app_init ] --START--
INFO: Run Behavior\BuildLiteBehavior [ RunTime:0.000017s ]
INFO: [ app_init ] --END-- [ RunTime:0.001926s ]
INFO: [ app_begin ] --START--
INFO: Run Behavior\ReadHtmlCacheBehavior [ RunTime:0.000471s ]
INFO: [ app_begin ] --END-- [ RunTime:0.000520s ]
SQL: SHOW COLUMNS FROM `station_p` [ RunTime:0.0075s ]
SQL: SELECT COUNT(*) AS tp_count FROM `station_p` WHERE ( jz_flag=1 ) LIMIT 1   [ RunTime:0.0051s ]
SQL: SELECT * FROM `station_p` WHERE ( jz_flag=1 ) ORDER BY p_date desc LIMIT 0,9   [ RunTime:0.0066s ]
INFO: [ view_parse ] --START--
INFO: [ template_filter ] --START--
INFO: Run Behavior\ContentReplaceBehavior [ RunTime:0.000100s ]
INFO: [ template_filter ] --END-- [ RunTime:0.000157s ]
NOTIC: [8] Use of undefined constant br_id - assumed 'br_id' F:\xampp\htdocs\zySystem\Application\Runtime\Cache\Home\f57058ef33cdbd30d34e0f5f8cf47eda.php 第 74 行.
NOTIC: [8] Use of undefined constant xh - assumed 'xh' F:\xampp\htdocs\zySystem\Application\Runtime\Cache\Home\f57058ef33cdbd30d34e0f5f8cf47eda.php 第 74 行.
NOTIC: [8] Use of undefined constant br_id - assumed 'br_id' F:\xampp\htdocs\zySystem\Application\Runtime\Cache\Home\f57058ef33cdbd30d34e0f5f8cf47eda.php 第 74 行.
NOTIC: [8] Use of undefined constant xh - assumed 'xh' F:\xampp\htdocs\zySystem\Application\Runtime\Cache\Home\f57058ef33cdbd30d34e0f5f8cf47eda.php 第 74 行.
NOTIC: [8] Use of undefined constant br_id - assumed 'br_id' F:\xampp\htdocs\zySystem\Application\Runtime\Cache\Home\f57058ef33cdbd30d34e0f5f8cf47eda.php 第 74 行.
NOTIC: [8] Use of undefined constant xh - assumed 'xh' F:\xampp\htdocs\zySystem\Application\Runtime\Cache\Home\f57058ef33cdbd30d34e0f5f8cf47eda.php 第 74 行.
NOTIC: [8] Use of undefined constant br_id - assumed 'br_id' F:\xampp\htdocs\zySystem\Application\Runtime\Cache\Home\f57058ef33cdbd30d34e0f5f8cf47eda.php 第 74 行.
NOTIC: [8] Use of undefined constant xh - assumed 'xh' F:\xampp\htdocs\zySystem\Application\Runtime\Cache\Home\f57058ef33cdbd30d34e0f5f8cf47eda.php 第 74 行.
NOTIC: [8] Use of undefined constant br_id - assumed 'br_id' F:\xampp\htdocs\zySystem\Application\Runtime\Cache\Home\f57058ef33cdbd30d34e0f5f8cf47eda.php 第 74 行.
NOTIC: [8] Use of undefined constant xh - assumed 'xh' F:\xampp\htdocs\zySystem\Application\Runtime\Cache\Home\f57058ef33cdbd30d34e0f5f8cf47eda.php 第 74 行.
NOTIC: [8] Use of undefined constant br_id - assumed 'br_id' F:\xampp\htdocs\zySystem\Application\Runtime\Cache\Home\f57058ef33cdbd30d34e0f5f8cf47eda.php 第 74 行.
NOTIC: [8] Use of undefined constant xh - assumed 'xh' F:\xampp\htdocs\zySystem\Application\Runtime\Cache\Home\f57058ef33cdbd30d34e0f5f8cf47eda.php 第 74 行.
NOTIC: [8] Use of undefined constant br_id - assumed 'br_id' F:\xampp\htdocs\zySystem\Application\Runtime\Cache\Home\f57058ef33cdbd30d34e0f5f8cf47eda.php 第 74 行.
NOTIC: [8] Use of undefined constant xh - assumed 'xh' F:\xampp\htdocs\zySystem\Application\Runtime\Cache\Home\f57058ef33cdbd30d34e0f5f8cf47eda.php 第 74 行.
NOTIC: [8] Use of undefined constant br_id - assumed 'br_id' F:\xampp\htdocs\zySystem\Application\Runtime\Cache\Home\f57058ef33cdbd30d34e0f5f8cf47eda.php 第 74 行.
NOTIC: [8] Use of undefined constant xh - assumed 'xh' F:\xampp\htdocs\zySystem\Application\Runtime\Cache\Home\f57058ef33cdbd30d34e0f5f8cf47eda.php 第 74 行.
NOTIC: [8] Use of undefined constant br_id - assumed 'br_id' F:\xampp\htdocs\zySystem\Application\Runtime\Cache\Home\f57058ef33cdbd30d34e0f5f8cf47eda.php 第 74 行.
NOTIC: [8] Use of undefined constant xh - assumed 'xh' F:\xampp\htdocs\zySystem\Application\Runtime\Cache\Home\f57058ef33cdbd30d34e0f5f8cf47eda.php 第 74 行.
INFO: Run Behavior\ParseTemplateBehavior [ RunTime:0.009584s ]
INFO: [ view_parse ] --END-- [ RunTime:0.009631s ]
INFO: [ view_filter ] --START--
INFO: Run Behavior\WriteHtmlCacheBehavior [ RunTime:0.000285s ]
INFO: [ view_filter ] --END-- [ RunTime:0.000312s ]
INFO: [ app_end ] --START--
INFO: Run Behavior\ShowPageTraceBehavior [ RunTime:0.000427s ]
INFO: [ app_end ] --END-- [ RunTime:0.000463s ]

[ 2017-02-22T17:03:06+08:00 ] ::1 /zySystem/index.php/Home/Kaifang/zyhome.html
INFO: [ app_init ] --START--
INFO: Run Behavior\BuildLiteBehavior [ RunTime:0.000013s ]
INFO: [ app_init ] --END-- [ RunTime:0.000364s ]
INFO: [ app_begin ] --START--
INFO: Run Behavior\ReadHtmlCacheBehavior [ RunTime:0.000457s ]
INFO: [ app_begin ] --END-- [ RunTime:0.000504s ]
SQL: SHOW COLUMNS FROM `bz_cf` [ RunTime:0.0044s ]
SQL: SELECT dict_drug_zy.drug_name,bz_cf.dw,dict_drug_zy.drug_code,drug_dict.xw1 FROM `bz_cf` INNER JOIN dict_drug_zy on dict_drug_zy.drug_code=bz_cf.ypdm INNER JOIN drug_dict on dict_drug_zy.drug_code=drug_dict.drug_code  WHERE bz_cf.cfdm = '1413.1001'  [ RunTime:0.0538s ]
SQL: SHOW COLUMNS FROM `tcd_szjj` [ RunTime:0.0051s ]
SQL: SELECT * FROM `tcd_szjj` WHERE ( CF_TREE='1002.1006' )  [ RunTime:0.0140s ]
INFO: [ view_parse ] --START--
INFO: [ template_filter ] --START--
INFO: Run Behavior\ContentReplaceBehavior [ RunTime:0.000080s ]
INFO: [ template_filter ] --END-- [ RunTime:0.000124s ]
INFO: Run Behavior\ParseTemplateBehavior [ RunTime:0.013302s ]
INFO: [ view_parse ] --END-- [ RunTime:0.013364s ]
INFO: [ view_filter ] --START--
INFO: Run Behavior\WriteHtmlCacheBehavior [ RunTime:0.000302s ]
INFO: [ view_filter ] --END-- [ RunTime:0.000339s ]
INFO: [ app_end ] --START--
INFO: Run Behavior\ShowPageTraceBehavior [ RunTime:0.000456s ]
INFO: [ app_end ] --END-- [ RunTime:0.000495s ]

[ 2017-02-22T17:03:34+08:00 ] ::1 /zySystem/index.php/Home/Index/jiezhen.html
INFO: [ app_init ] --START--
INFO: Run Behavior\BuildLiteBehavior [ RunTime:0.000010s ]
INFO: [ app_init ] --END-- [ RunTime:0.000337s ]
INFO: [ app_begin ] --START--
INFO: Run Behavior\ReadHtmlCacheBehavior [ RunTime:0.000506s ]
INFO: [ app_begin ] --END-- [ RunTime:0.000545s ]
SQL: SHOW COLUMNS FROM `station_p` [ RunTime:0.0322s ]
SQL: SELECT COUNT(*) AS tp_count FROM `station_p` WHERE ( jz_flag=1 ) LIMIT 1   [ RunTime:0.0041s ]
SQL: SELECT * FROM `station_p` WHERE ( jz_flag=1 ) ORDER BY p_date desc LIMIT 0,9   [ RunTime:0.0135s ]
INFO: [ view_parse ] --START--
INFO: [ template_filter ] --START--
INFO: Run Behavior\ContentReplaceBehavior [ RunTime:0.000089s ]
INFO: [ template_filter ] --END-- [ RunTime:0.000125s ]
NOTIC: [8] Use of undefined constant br_id - assumed 'br_id' F:\xampp\htdocs\zySystem\Application\Runtime\Cache\Home\f57058ef33cdbd30d34e0f5f8cf47eda.php 第 74 行.
NOTIC: [8] Use of undefined constant xh - assumed 'xh' F:\xampp\htdocs\zySystem\Application\Runtime\Cache\Home\f57058ef33cdbd30d34e0f5f8cf47eda.php 第 74 行.
NOTIC: [8] Use of undefined constant br_id - assumed 'br_id' F:\xampp\htdocs\zySystem\Application\Runtime\Cache\Home\f57058ef33cdbd30d34e0f5f8cf47eda.php 第 74 行.
NOTIC: [8] Use of undefined constant xh - assumed 'xh' F:\xampp\htdocs\zySystem\Application\Runtime\Cache\Home\f57058ef33cdbd30d34e0f5f8cf47eda.php 第 74 行.
NOTIC: [8] Use of undefined constant br_id - assumed 'br_id' F:\xampp\htdocs\zySystem\Application\Runtime\Cache\Home\f57058ef33cdbd30d34e0f5f8cf47eda.php 第 74 行.
NOTIC: [8] Use of undefined constant xh - assumed 'xh' F:\xampp\htdocs\zySystem\Application\Runtime\Cache\Home\f57058ef33cdbd30d34e0f5f8cf47eda.php 第 74 行.
NOTIC: [8] Use of undefined constant br_id - assumed 'br_id' F:\xampp\htdocs\zySystem\Application\Runtime\Cache\Home\f57058ef33cdbd30d34e0f5f8cf47eda.php 第 74 行.
NOTIC: [8] Use of undefined constant xh - assumed 'xh' F:\xampp\htdocs\zySystem\Application\Runtime\Cache\Home\f57058ef33cdbd30d34e0f5f8cf47eda.php 第 74 行.
NOTIC: [8] Use of undefined constant br_id - assumed 'br_id' F:\xampp\htdocs\zySystem\Application\Runtime\Cache\Home\f57058ef33cdbd30d34e0f5f8cf47eda.php 第 74 行.
NOTIC: [8] Use of undefined constant xh - assumed 'xh' F:\xampp\htdocs\zySystem\Application\Runtime\Cache\Home\f57058ef33cdbd30d34e0f5f8cf47eda.php 第 74 行.
NOTIC: [8] Use of undefined constant br_id - assumed 'br_id' F:\xampp\htdocs\zySystem\Application\Runtime\Cache\Home\f57058ef33cdbd30d34e0f5f8cf47eda.php 第 74 行.
NOTIC: [8] Use of undefined constant xh - assumed 'xh' F:\xampp\htdocs\zySystem\Application\Runtime\Cache\Home\f57058ef33cdbd30d34e0f5f8cf47eda.php 第 74 行.
NOTIC: [8] Use of undefined constant br_id - assumed 'br_id' F:\xampp\htdocs\zySystem\Application\Runtime\Cache\Home\f57058ef33cdbd30d34e0f5f8cf47eda.php 第 74 行.
NOTIC: [8] Use of undefined constant xh - assumed 'xh' F:\xampp\htdocs\zySystem\Application\Runtime\Cache\Home\f57058ef33cdbd30d34e0f5f8cf47eda.php 第 74 行.
NOTIC: [8] Use of undefined constant br_id - assumed 'br_id' F:\xampp\htdocs\zySystem\Application\Runtime\Cache\Home\f57058ef33cdbd30d34e0f5f8cf47eda.php 第 74 行.
NOTIC: [8] Use of undefined constant xh - assumed 'xh' F:\xampp\htdocs\zySystem\Application\Runtime\Cache\Home\f57058ef33cdbd30d34e0f5f8cf47eda.php 第 74 行.
NOTIC: [8] Use of undefined constant br_id - assumed 'br_id' F:\xampp\htdocs\zySystem\Application\Runtime\Cache\Home\f57058ef33cdbd30d34e0f5f8cf47eda.php 第 74 行.
NOTIC: [8] Use of undefined constant xh - assumed 'xh' F:\xampp\htdocs\zySystem\Application\Runtime\Cache\Home\f57058ef33cdbd30d34e0f5f8cf47eda.php 第 74 行.
INFO: Run Behavior\ParseTemplateBehavior [ RunTime:0.009503s ]
INFO: [ view_parse ] --END-- [ RunTime:0.009540s ]
INFO: [ view_filter ] --START--
INFO: Run Behavior\WriteHtmlCacheBehavior [ RunTime:0.000325s ]
INFO: [ view_filter ] --END-- [ RunTime:0.000352s ]
INFO: [ app_end ] --START--
INFO: Run Behavior\ShowPageTraceBehavior [ RunTime:0.000473s ]
INFO: [ app_end ] --END-- [ RunTime:0.000506s ]

[ 2017-02-22T17:03:56+08:00 ] ::1 /zySystem/index.php/Home/Kaifang/zyhome.html
INFO: [ app_init ] --START--
INFO: Run Behavior\BuildLiteBehavior [ RunTime:0.000010s ]
INFO: [ app_init ] --END-- [ RunTime:0.000283s ]
INFO: [ app_begin ] --START--
INFO: Run Behavior\ReadHtmlCacheBehavior [ RunTime:0.000341s ]
INFO: [ app_begin ] --END-- [ RunTime:0.000377s ]
SQL: SHOW COLUMNS FROM `bz_cf` [ RunTime:0.0064s ]
SQL: SELECT dict_drug_zy.drug_name,bz_cf.dw,dict_drug_zy.drug_code,drug_dict.xw1 FROM `bz_cf` INNER JOIN dict_drug_zy on dict_drug_zy.drug_code=bz_cf.ypdm INNER JOIN drug_dict on dict_drug_zy.drug_code=drug_dict.drug_code  WHERE bz_cf.cfdm = '1413.1001'  [ RunTime:0.0568s ]
SQL: SHOW COLUMNS FROM `tcd_szjj` [ RunTime:0.0041s ]
SQL: SELECT * FROM `tcd_szjj` WHERE ( CF_TREE='1002.1006' )  [ RunTime:0.0123s ]
INFO: [ view_parse ] --START--
INFO: [ template_filter ] --START--
INFO: Run Behavior\ContentReplaceBehavior [ RunTime:0.000095s ]
INFO: [ template_filter ] --END-- [ RunTime:0.000146s ]
INFO: Run Behavior\ParseTemplateBehavior [ RunTime:0.010243s ]
INFO: [ view_parse ] --END-- [ RunTime:0.010297s ]
INFO: [ view_filter ] --START--
INFO: Run Behavior\WriteHtmlCacheBehavior [ RunTime:0.000335s ]
INFO: [ view_filter ] --END-- [ RunTime:0.000376s ]
INFO: [ app_end ] --START--
INFO: Run Behavior\ShowPageTraceBehavior [ RunTime:0.000532s ]
INFO: [ app_end ] --END-- [ RunTime:0.000579s ]

[ 2017-02-22T17:04:45+08:00 ] ::1 /zySystem/index.php/Home/Login/userManage.html
INFO: [ app_init ] --START--
INFO: Run Behavior\BuildLiteBehavior [ RunTime:0.000031s ]
INFO: [ app_init ] --END-- [ RunTime:0.000557s ]
INFO: [ app_begin ] --START--
INFO: Run Behavior\ReadHtmlCacheBehavior [ RunTime:0.000379s ]
INFO: [ app_begin ] --END-- [ RunTime:0.000419s ]
SQL: SHOW COLUMNS FROM `user-info-dict` [ RunTime:0.0063s ]
SQL: SHOW COLUMNS FROM `power-name` [ RunTime:0.0069s ]
SQL: SELECT * FROM `user-info-dict` WHERE ( code=10001 )  [ RunTime:0.0056s ]
SQL: SELECT `power` FROM `user-info-dict` WHERE ( code=10001 )  [ RunTime:0.0069s ]
SQL: SELECT `name` FROM `power-name` WHERE ( id=1 ) LIMIT 1   [ RunTime:0.0144s ]
SQL: SELECT `name` FROM `power-name` WHERE ( id=1 ) LIMIT 1   [ RunTime:0.0211s ]
SQL: SELECT `name` FROM `power-name` WHERE ( id=1 ) LIMIT 1   [ RunTime:0.0127s ]
SQL: SELECT `name` FROM `power-name` WHERE ( id=1 ) LIMIT 1   [ RunTime:0.0037s ]
SQL: SELECT `name` FROM `power-name` WHERE ( id=1 ) LIMIT 1   [ RunTime:0.0047s ]
SQL: SELECT `name` FROM `power-name` WHERE ( id=1 ) LIMIT 1   [ RunTime:0.0045s ]
SQL: SELECT `name` FROM `power-name` WHERE ( id=1 ) LIMIT 1   [ RunTime:0.0037s ]
SQL: SELECT `name` FROM `power-name` WHERE ( id=4 ) LIMIT 1   [ RunTime:0.0070s ]
SQL: SELECT `name` FROM `power-name` WHERE ( id=3 ) LIMIT 1   [ RunTime:0.0082s ]
SQL: SELECT * FROM `power-name` WHERE ( level=1 )  [ RunTime:0.0061s ]
INFO: [ view_parse ] --START--
INFO: [ template_filter ] --START--
INFO: Run Behavior\ContentReplaceBehavior [ RunTime:0.000089s ]
INFO: [ template_filter ] --END-- [ RunTime:0.000126s ]
INFO: Run Behavior\ParseTemplateBehavior [ RunTime:0.029112s ]
INFO: [ view_parse ] --END-- [ RunTime:0.029189s ]
INFO: [ view_filter ] --START--
INFO: Run Behavior\WriteHtmlCacheBehavior [ RunTime:0.000349s ]
INFO: [ view_filter ] --END-- [ RunTime:0.000418s ]
INFO: [ app_end ] --START--
INFO: Run Behavior\ShowPageTraceBehavior [ RunTime:0.000580s ]
INFO: [ app_end ] --END-- [ RunTime:0.000671s ]

[ 2017-02-22T17:04:57+08:00 ] ::1 /zySystem/index.php/Home/Ajax/upload.html
INFO: [ app_init ] --START--
INFO: Run Behavior\BuildLiteBehavior [ RunTime:0.000034s ]
INFO: [ app_init ] --END-- [ RunTime:0.000733s ]
INFO: [ app_begin ] --START--
INFO: Run Behavior\ReadHtmlCacheBehavior [ RunTime:0.000365s ]
INFO: [ app_begin ] --END-- [ RunTime:0.000403s ]
SQL: SHOW COLUMNS FROM `user-info-dict` [ RunTime:0.0085s ]
SQL: SELECT * FROM `user-info-dict` WHERE ( id=1 )  [ RunTime:0.0068s ]

[ 2017-02-22T17:05:04+08:00 ] ::1 /zySystem/index.php/Home/Login/userInfo.html
INFO: [ app_init ] --START--
INFO: Run Behavior\BuildLiteBehavior [ RunTime:0.000014s ]
INFO: [ app_init ] --END-- [ RunTime:0.000433s ]
INFO: [ app_begin ] --START--
INFO: Run Behavior\ReadHtmlCacheBehavior [ RunTime:0.000642s ]
INFO: [ app_begin ] --END-- [ RunTime:0.000691s ]
SQL: SHOW COLUMNS FROM `power-name` [ RunTime:0.0057s ]
SQL: SHOW COLUMNS FROM `user-info-dict` [ RunTime:0.0037s ]
SQL: SELECT `power` FROM `user-info-dict` WHERE ( id=7 ) LIMIT 1   [ RunTime:0.0055s ]
SQL: SELECT `name` FROM `power-name` WHERE ( id=1 ) LIMIT 1   [ RunTime:0.0040s ]
SQL: SELECT `userPhone` FROM `user-info-dict` WHERE ( id=7 ) LIMIT 1   [ RunTime:0.0036s ]
INFO: [ view_parse ] --START--
INFO: [ template_filter ] --START--
INFO: Run Behavior\ContentReplaceBehavior [ RunTime:0.000076s ]
INFO: [ template_filter ] --END-- [ RunTime:0.000120s ]
INFO: Run Behavior\ParseTemplateBehavior [ RunTime:0.008048s ]
INFO: [ view_parse ] --END-- [ RunTime:0.008103s ]
INFO: [ view_filter ] --START--
INFO: Run Behavior\WriteHtmlCacheBehavior [ RunTime:0.000757s ]
INFO: [ view_filter ] --END-- [ RunTime:0.000804s ]
INFO: [ app_end ] --START--
INFO: Run Behavior\ShowPageTraceBehavior [ RunTime:0.000704s ]
INFO: [ app_end ] --END-- [ RunTime:0.000749s ]

[ 2017-02-22T17:05:04+08:00 ] ::1 /zySystem/index.php/Home/Login/
INFO: [ app_init ] --START--
INFO: Run Behavior\BuildLiteBehavior [ RunTime:0.000028s ]
INFO: [ app_init ] --END-- [ RunTime:0.000395s ]
INFO: [ app_begin ] --START--
INFO: Run Behavior\ReadHtmlCacheBehavior [ RunTime:0.000464s ]
INFO: [ app_begin ] --END-- [ RunTime:0.000506s ]
ERR: 非法操作:index

[ 2017-02-22T17:05:06+08:00 ] ::1 /zySystem/index.php/Home/Ajax/updateU.html
INFO: [ app_init ] --START--
INFO: Run Behavior\BuildLiteBehavior [ RunTime:0.000026s ]
INFO: [ app_init ] --END-- [ RunTime:0.002046s ]
INFO: [ app_begin ] --START--
INFO: Run Behavior\ReadHtmlCacheBehavior [ RunTime:0.000512s ]
INFO: [ app_begin ] --END-- [ RunTime:0.000559s ]
NOTIC: [8] Use of undefined constant id - assumed 'id' F:\xampp\htdocs\zySystem\Application\Home\Controller\AjaxController.class.php 第 145 行.
SQL: SHOW COLUMNS FROM `user-info-dict` [ RunTime:0.0071s ]
SQL: SELECT * FROM `user-info-dict` WHERE ( id=7 ) LIMIT 1   [ RunTime:0.0049s ]

[ 2017-02-22T17:05:16+08:00 ] ::1 /zySystem/index.php/Home/Kaifang/bingMing.html
INFO: [ app_init ] --START--
INFO: Run Behavior\BuildLiteBehavior [ RunTime:0.000012s ]
INFO: [ app_init ] --END-- [ RunTime:0.000361s ]
INFO: [ app_begin ] --START--
INFO: Run Behavior\ReadHtmlCacheBehavior [ RunTime:0.000447s ]
INFO: [ app_begin ] --END-- [ RunTime:0.000496s ]
SQL: SHOW COLUMNS FROM `tcd_zybm` [ RunTime:0.0045s ]
SQL: SELECT DISTINCT  `name`,`code` FROM `tcd_zybm` WHERE `BM` = '000'  [ RunTime:0.0168s ]
INFO: [ view_parse ] --START--
INFO: [ template_filter ] --START--
INFO: Run Behavior\ContentReplaceBehavior [ RunTime:0.000078s ]
INFO: [ template_filter ] --END-- [ RunTime:0.000125s ]
NOTIC: [8] Undefined variable: yongfdata F:\xampp\htdocs\zySystem\Application\Runtime\Cache\Home\5335e53c5a1c27126bee16e236f1ebc6.php 第 119 行.
INFO: Run Behavior\ParseTemplateBehavior [ RunTime:0.009192s ]
INFO: [ view_parse ] --END-- [ RunTime:0.009241s ]
INFO: [ view_filter ] --START--
INFO: Run Behavior\WriteHtmlCacheBehavior [ RunTime:0.000257s ]
INFO: [ view_filter ] --END-- [ RunTime:0.000292s ]
INFO: [ app_end ] --START--
INFO: Run Behavior\ShowPageTraceBehavior [ RunTime:0.000467s ]
INFO: [ app_end ] --END-- [ RunTime:0.000511s ]

[ 2017-02-22T17:05:18+08:00 ] ::1 /zySystem/index.php/Home/Kaifang/ajaxgaibiyouzhi.html
INFO: [ app_init ] --START--
INFO: Run Behavior\BuildLiteBehavior [ RunTime:0.000018s ]
INFO: [ app_init ] --END-- [ RunTime:0.000378s ]
INFO: [ app_begin ] --START--
INFO: Run Behavior\ReadHtmlCacheBehavior [ RunTime:0.000462s ]
INFO: [ app_begin ] --END-- [ RunTime:0.000514s ]
SQL: SHOW COLUMNS FROM `tcd_zybm` [ RunTime:0.0044s ]
SQL: SELECT `zx`,`zf`,`cf_name`,`cf_tree` FROM `tcd_zybm` WHERE ( CODE = 1034 )  [ RunTime:0.0127s ]

[ 2017-02-22T17:05:19+08:00 ] ::1 /zySystem/index.php/Home/Kaifang/ajaxgaibiyouzhi.html
INFO: [ app_init ] --START--
INFO: Run Behavior\BuildLiteBehavior [ RunTime:0.000009s ]
INFO: [ app_init ] --END-- [ RunTime:0.000275s ]
INFO: [ app_begin ] --START--
INFO: Run Behavior\ReadHtmlCacheBehavior [ RunTime:0.000426s ]
INFO: [ app_begin ] --END-- [ RunTime:0.000461s ]
SQL: SHOW COLUMNS FROM `tcd_zybm` [ RunTime:0.0043s ]
SQL: SELECT `zx`,`zf`,`cf_name`,`cf_tree` FROM `tcd_zybm` WHERE ( CODE = 1070 )  [ RunTime:0.0074s ]

[ 2017-02-22T17:05:19+08:00 ] ::1 /zySystem/index.php/Home/Kaifang/ajaxgaibiyouzhi.html
INFO: [ app_init ] --START--
INFO: Run Behavior\BuildLiteBehavior [ RunTime:0.000009s ]
INFO: [ app_init ] --END-- [ RunTime:0.000280s ]
INFO: [ app_begin ] --START--
INFO: Run Behavior\ReadHtmlCacheBehavior [ RunTime:0.000340s ]
INFO: [ app_begin ] --END-- [ RunTime:0.000375s ]
SQL: SHOW COLUMNS FROM `tcd_zybm` [ RunTime:0.0073s ]
SQL: SELECT `zx`,`zf`,`cf_name`,`cf_tree` FROM `tcd_zybm` WHERE ( CODE = 1018 )  [ RunTime:0.0183s ]

[ 2017-02-22T17:05:22+08:00 ] ::1 /zySystem/index.php/Home/Kaifang/ajaxgaibiyouzhi.html
INFO: [ app_init ] --START--
INFO: Run Behavior\BuildLiteBehavior [ RunTime:0.000010s ]
INFO: [ app_init ] --END-- [ RunTime:0.000278s ]
INFO: [ app_begin ] --START--
INFO: Run Behavior\ReadHtmlCacheBehavior [ RunTime:0.000340s ]
INFO: [ app_begin ] --END-- [ RunTime:0.000374s ]
SQL: SHOW COLUMNS FROM `tcd_zybm` [ RunTime:0.0044s ]
SQL: SELECT `zx`,`zf`,`cf_name`,`cf_tree` FROM `tcd_zybm` WHERE ( CODE = 1152 )  [ RunTime:0.0088s ]

[ 2017-02-22T17:05:22+08:00 ] ::1 /zySystem/index.php/Home/Kaifang/ajaxgaibiyouzhi.html
INFO: [ app_init ] --START--
INFO: Run Behavior\BuildLiteBehavior [ RunTime:0.000013s ]
INFO: [ app_init ] --END-- [ RunTime:0.000368s ]
INFO: [ app_begin ] --START--
INFO: Run Behavior\ReadHtmlCacheBehavior [ RunTime:0.000461s ]
INFO: [ app_begin ] --END-- [ RunTime:0.000507s ]
SQL: SHOW COLUMNS FROM `tcd_zybm` [ RunTime:0.0047s ]
SQL: SELECT `zx`,`zf`,`cf_name`,`cf_tree` FROM `tcd_zybm` WHERE ( CODE = 1122 )  [ RunTime:0.0082s ]

[ 2017-02-22T17:05:23+08:00 ] ::1 /zySystem/index.php/Home/Kaifang/ajaxgaibiyouzhi.html
INFO: [ app_init ] --START--
INFO: Run Behavior\BuildLiteBehavior [ RunTime:0.000013s ]
INFO: [ app_init ] --END-- [ RunTime:0.000388s ]
INFO: [ app_begin ] --START--
INFO: Run Behavior\ReadHtmlCacheBehavior [ RunTime:0.000464s ]
INFO: [ app_begin ] --END-- [ RunTime:0.000509s ]
SQL: SHOW COLUMNS FROM `tcd_zybm` [ RunTime:0.0079s ]
SQL: SELECT `zx`,`zf`,`cf_name`,`cf_tree` FROM `tcd_zybm` WHERE ( CODE = 1053 )  [ RunTime:0.0074s ]

[ 2017-02-22T17:05:25+08:00 ] ::1 /zySystem/index.php/Home/Kaifang/zyhome.html
INFO: [ app_init ] --START--
INFO: Run Behavior\BuildLiteBehavior [ RunTime:0.000011s ]
INFO: [ app_init ] --END-- [ RunTime:0.000344s ]
INFO: [ app_begin ] --START--
INFO: Run Behavior\ReadHtmlCacheBehavior [ RunTime:0.000446s ]
INFO: [ app_begin ] --END-- [ RunTime:0.000483s ]
SQL: SHOW COLUMNS FROM `bz_cf` [ RunTime:0.0051s ]
SQL: SELECT dict_drug_zy.drug_name,bz_cf.dw,dict_drug_zy.drug_code,drug_dict.xw1 FROM `bz_cf` INNER JOIN dict_drug_zy on dict_drug_zy.drug_code=bz_cf.ypdm INNER JOIN drug_dict on dict_drug_zy.drug_code=drug_dict.drug_code  WHERE bz_cf.cfdm = '1413.1001'  [ RunTime:0.0535s ]
SQL: SHOW COLUMNS FROM `tcd_szjj` [ RunTime:0.0043s ]
SQL: SELECT * FROM `tcd_szjj` WHERE ( CF_TREE='1002.1006' )  [ RunTime:0.0113s ]
INFO: [ view_parse ] --START--
INFO: [ template_filter ] --START--
INFO: Run Behavior\ContentReplaceBehavior [ RunTime:0.000132s ]
INFO: [ template_filter ] --END-- [ RunTime:0.000171s ]
INFO: Run Behavior\ParseTemplateBehavior [ RunTime:0.008199s ]
INFO: [ view_parse ] --END-- [ RunTime:0.008234s ]
INFO: [ view_filter ] --START--
INFO: Run Behavior\WriteHtmlCacheBehavior [ RunTime:0.000271s ]
INFO: [ view_filter ] --END-- [ RunTime:0.000299s ]
INFO: [ app_end ] --START--
INFO: Run Behavior\ShowPageTraceBehavior [ RunTime:0.000510s ]
INFO: [ app_end ] --END-- [ RunTime:0.000560s ]

[ 2017-02-22T17:22:46+08:00 ] ::1 /zySystem/index.php/Home/Login/userInfo.html
INFO: [ app_init ] --START--
INFO: Run Behavior\BuildLiteBehavior [ RunTime:0.000012s ]
INFO: [ app_init ] --END-- [ RunTime:0.000600s ]
INFO: [ app_begin ] --START--
INFO: Run Behavior\ReadHtmlCacheBehavior [ RunTime:0.000590s ]
INFO: [ app_begin ] --END-- [ RunTime:0.000633s ]
SQL: SHOW COLUMNS FROM `power-name` [ RunTime:0.0082s ]
SQL: SHOW COLUMNS FROM `user-info-dict` [ RunTime:0.0041s ]
SQL: SELECT `power` FROM `user-info-dict` WHERE ( id=7 ) LIMIT 1   [ RunTime:0.0132s ]
SQL: SELECT `name` FROM `power-name` WHERE ( id=1 ) LIMIT 1   [ RunTime:0.0037s ]
SQL: SELECT `userPhone` FROM `user-info-dict` WHERE ( id=7 ) LIMIT 1   [ RunTime:0.0037s ]
INFO: [ view_parse ] --START--
INFO: [ template_filter ] --START--
INFO: Run Behavior\ContentReplaceBehavior [ RunTime:0.000061s ]
INFO: [ template_filter ] --END-- [ RunTime:0.000104s ]
INFO: Run Behavior\ParseTemplateBehavior [ RunTime:0.008034s ]
INFO: [ view_parse ] --END-- [ RunTime:0.008081s ]
INFO: [ view_filter ] --START--
INFO: Run Behavior\WriteHtmlCacheBehavior [ RunTime:0.000440s ]
INFO: [ view_filter ] --END-- [ RunTime:0.000472s ]
INFO: [ app_end ] --START--
INFO: Run Behavior\ShowPageTraceBehavior [ RunTime:0.000577s ]
INFO: [ app_end ] --END-- [ RunTime:0.000609s ]

[ 2017-02-22T17:22:46+08:00 ] ::1 /zySystem/index.php/Home/Login/
INFO: [ app_init ] --START--
INFO: Run Behavior\BuildLiteBehavior [ RunTime:0.000013s ]
INFO: [ app_init ] --END-- [ RunTime:0.000336s ]
INFO: [ app_begin ] --START--
INFO: Run Behavior\ReadHtmlCacheBehavior [ RunTime:0.000415s ]
INFO: [ app_begin ] --END-- [ RunTime:0.000459s ]
ERR: 非法操作:index

[ 2017-02-22T17:22:50+08:00 ] ::1 /zySystem/index.php/Home/Kaifang/zyhome.html
INFO: [ app_init ] --START--
INFO: Run Behavior\BuildLiteBehavior [ RunTime:0.000010s ]
INFO: [ app_init ] --END-- [ RunTime:0.000335s ]
INFO: [ app_begin ] --START--
INFO: Run Behavior\ReadHtmlCacheBehavior [ RunTime:0.000330s ]
INFO: [ app_begin ] --END-- [ RunTime:0.000366s ]
SQL: SHOW COLUMNS FROM `bz_cf` [ RunTime:0.0167s ]
SQL: SELECT dict_drug_zy.drug_name,bz_cf.dw,dict_drug_zy.drug_code,drug_dict.xw1 FROM `bz_cf` INNER JOIN dict_drug_zy on dict_drug_zy.drug_code=bz_cf.ypdm INNER JOIN drug_dict on dict_drug_zy.drug_code=drug_dict.drug_code  WHERE bz_cf.cfdm = '1413.1001'  [ RunTime:0.1178s ]
SQL: SHOW COLUMNS FROM `tcd_szjj` [ RunTime:0.0370s ]
SQL: SELECT * FROM `tcd_szjj` WHERE ( CF_TREE='1002.1006' )  [ RunTime:0.0223s ]
INFO: [ view_parse ] --START--
INFO: [ template_filter ] --START--
INFO: Run Behavior\ContentReplaceBehavior [ RunTime:0.000076s ]
INFO: [ template_filter ] --END-- [ RunTime:0.000135s ]
INFO: Run Behavior\ParseTemplateBehavior [ RunTime:0.009080s ]
INFO: [ view_parse ] --END-- [ RunTime:0.009134s ]
INFO: [ view_filter ] --START--
INFO: Run Behavior\WriteHtmlCacheBehavior [ RunTime:0.000246s ]
INFO: [ view_filter ] --END-- [ RunTime:0.000277s ]
INFO: [ app_end ] --START--
INFO: Run Behavior\ShowPageTraceBehavior [ RunTime:0.000487s ]
INFO: [ app_end ] --END-- [ RunTime:0.000524s ]

