[ 2017-02-25T13:52:00+08:00 ] ::1 /zySystem/
INFO: [ app_init ] --START--
INFO: Run Behavior\BuildLiteBehavior [ RunTime:0.000014s ]
INFO: [ app_init ] --END-- [ RunTime:0.009091s ]
INFO: [ app_begin ] --START--
INFO: Run Behavior\ReadHtmlCacheBehavior [ RunTime:0.001075s ]
INFO: [ app_begin ] --END-- [ RunTime:0.001148s ]
INFO: [ view_parse ] --START--
INFO: [ template_filter ] --START--
INFO: Run Behavior\ContentReplaceBehavior [ RunTime:0.007135s ]
INFO: [ template_filter ] --END-- [ RunTime:0.007207s ]
INFO: Run Behavior\ParseTemplateBehavior [ RunTime:0.032486s ]
INFO: [ view_parse ] --END-- [ RunTime:0.032549s ]
INFO: [ view_filter ] --START--
INFO: Run Behavior\WriteHtmlCacheBehavior [ RunTime:0.000646s ]
INFO: [ view_filter ] --END-- [ RunTime:0.000683s ]
INFO: [ app_end ] --START--
INFO: Run Behavior\ShowPageTraceBehavior [ RunTime:0.000846s ]
INFO: [ app_end ] --END-- [ RunTime:0.000887s ]

[ 2017-02-25T13:52:06+08:00 ] ::1 /zySystem/index.php/Home/Login/Login.html
INFO: [ app_init ] --START--
INFO: Run Behavior\BuildLiteBehavior [ RunTime:0.000011s ]
INFO: [ app_init ] --END-- [ RunTime:0.000344s ]
INFO: [ app_begin ] --START--
INFO: Run Behavior\ReadHtmlCacheBehavior [ RunTime:0.000595s ]
INFO: [ app_begin ] --END-- [ RunTime:0.000665s ]
SQL: SHOW COLUMNS FROM `user-info-dict` [ RunTime:0.0050s ]
SQL: SELECT * FROM `user-info-dict` WHERE `userName` = '王昊' AND `passWord` = '' LIMIT 1   [ RunTime:0.0062s ]

[ 2017-02-25T13:52:06+08:00 ] ::1 /zySystem/index.php/Home/index/home/rev/1.html
INFO: [ app_init ] --START--
INFO: Run Behavior\BuildLiteBehavior [ RunTime:0.000015s ]
INFO: [ app_init ] --END-- [ RunTime:0.000472s ]
INFO: [ app_begin ] --START--
INFO: Run Behavior\ReadHtmlCacheBehavior [ RunTime:0.000602s ]
INFO: [ app_begin ] --END-- [ RunTime:0.000664s ]
INFO: [ view_parse ] --START--
INFO: [ template_filter ] --START--
INFO: Run Behavior\ContentReplaceBehavior [ RunTime:0.000296s ]
INFO: [ template_filter ] --END-- [ RunTime:0.000371s ]
INFO: Run Behavior\ParseTemplateBehavior [ RunTime:0.037943s ]
INFO: [ view_parse ] --END-- [ RunTime:0.038014s ]
INFO: [ view_filter ] --START--
INFO: Run Behavior\WriteHtmlCacheBehavior [ RunTime:0.000353s ]
INFO: [ view_filter ] --END-- [ RunTime:0.000400s ]
INFO: [ app_end ] --START--
INFO: Run Behavior\ShowPageTraceBehavior [ RunTime:0.000616s ]
INFO: [ app_end ] --END-- [ RunTime:0.000675s ]

[ 2017-02-25T13:52:07+08:00 ] ::1 /zySystem/index.php/Home/Index/jiezhen.html
INFO: [ app_init ] --START--
INFO: Run Behavior\BuildLiteBehavior [ RunTime:0.000017s ]
INFO: [ app_init ] --END-- [ RunTime:0.000490s ]
INFO: [ app_begin ] --START--
INFO: Run Behavior\ReadHtmlCacheBehavior [ RunTime:0.000608s ]
INFO: [ app_begin ] --END-- [ RunTime:0.000673s ]
SQL: SHOW COLUMNS FROM `station_p` [ RunTime:0.0050s ]
SQL: SELECT COUNT(*) AS tp_count FROM `station_p` WHERE ( jz_flag=1 ) LIMIT 1   [ RunTime:0.0043s ]
SQL: SELECT * FROM `station_p` WHERE ( jz_flag=1 ) ORDER BY p_date desc LIMIT 0,9   [ RunTime:0.0052s ]
INFO: [ view_parse ] --START--
INFO: [ template_filter ] --START--
INFO: Run Behavior\ContentReplaceBehavior [ RunTime:0.000147s ]
INFO: [ template_filter ] --END-- [ RunTime:0.000236s ]
NOTIC: [8] Use of undefined constant br_id - assumed 'br_id' F:\xampp\htdocs\zySystem\Application\Runtime\Cache\Home\f57058ef33cdbd30d34e0f5f8cf47eda.php 第 74 行.
NOTIC: [8] Use of undefined constant xh - assumed 'xh' F:\xampp\htdocs\zySystem\Application\Runtime\Cache\Home\f57058ef33cdbd30d34e0f5f8cf47eda.php 第 74 行.
NOTIC: [8] Use of undefined constant br_id - assumed 'br_id' F:\xampp\htdocs\zySystem\Application\Runtime\Cache\Home\f57058ef33cdbd30d34e0f5f8cf47eda.php 第 74 行.
NOTIC: [8] Use of undefined constant xh - assumed 'xh' F:\xampp\htdocs\zySystem\Application\Runtime\Cache\Home\f57058ef33cdbd30d34e0f5f8cf47eda.php 第 74 行.
NOTIC: [8] Use of undefined constant br_id - assumed 'br_id' F:\xampp\htdocs\zySystem\Application\Runtime\Cache\Home\f57058ef33cdbd30d34e0f5f8cf47eda.php 第 74 行.
NOTIC: [8] Use of undefined constant xh - assumed 'xh' F:\xampp\htdocs\zySystem\Application\Runtime\Cache\Home\f57058ef33cdbd30d34e0f5f8cf47eda.php 第 74 行.
NOTIC: [8] Use of undefined constant br_id - assumed 'br_id' F:\xampp\htdocs\zySystem\Application\Runtime\Cache\Home\f57058ef33cdbd30d34e0f5f8cf47eda.php 第 74 行.
NOTIC: [8] Use of undefined constant xh - assumed 'xh' F:\xampp\htdocs\zySystem\Application\Runtime\Cache\Home\f57058ef33cdbd30d34e0f5f8cf47eda.php 第 74 行.
NOTIC: [8] Use of undefined constant br_id - assumed 'br_id' F:\xampp\htdocs\zySystem\Application\Runtime\Cache\Home\f57058ef33cdbd30d34e0f5f8cf47eda.php 第 74 行.
NOTIC: [8] Use of undefined constant xh - assumed 'xh' F:\xampp\htdocs\zySystem\Application\Runtime\Cache\Home\f57058ef33cdbd30d34e0f5f8cf47eda.php 第 74 行.
NOTIC: [8] Use of undefined constant br_id - assumed 'br_id' F:\xampp\htdocs\zySystem\Application\Runtime\Cache\Home\f57058ef33cdbd30d34e0f5f8cf47eda.php 第 74 行.
NOTIC: [8] Use of undefined constant xh - assumed 'xh' F:\xampp\htdocs\zySystem\Application\Runtime\Cache\Home\f57058ef33cdbd30d34e0f5f8cf47eda.php 第 74 行.
NOTIC: [8] Use of undefined constant br_id - assumed 'br_id' F:\xampp\htdocs\zySystem\Application\Runtime\Cache\Home\f57058ef33cdbd30d34e0f5f8cf47eda.php 第 74 行.
NOTIC: [8] Use of undefined constant xh - assumed 'xh' F:\xampp\htdocs\zySystem\Application\Runtime\Cache\Home\f57058ef33cdbd30d34e0f5f8cf47eda.php 第 74 行.
NOTIC: [8] Use of undefined constant br_id - assumed 'br_id' F:\xampp\htdocs\zySystem\Application\Runtime\Cache\Home\f57058ef33cdbd30d34e0f5f8cf47eda.php 第 74 行.
NOTIC: [8] Use of undefined constant xh - assumed 'xh' F:\xampp\htdocs\zySystem\Application\Runtime\Cache\Home\f57058ef33cdbd30d34e0f5f8cf47eda.php 第 74 行.
NOTIC: [8] Use of undefined constant br_id - assumed 'br_id' F:\xampp\htdocs\zySystem\Application\Runtime\Cache\Home\f57058ef33cdbd30d34e0f5f8cf47eda.php 第 74 行.
NOTIC: [8] Use of undefined constant xh - assumed 'xh' F:\xampp\htdocs\zySystem\Application\Runtime\Cache\Home\f57058ef33cdbd30d34e0f5f8cf47eda.php 第 74 行.
INFO: Run Behavior\ParseTemplateBehavior [ RunTime:0.050901s ]
INFO: [ view_parse ] --END-- [ RunTime:0.050966s ]
INFO: [ view_filter ] --START--
INFO: Run Behavior\WriteHtmlCacheBehavior [ RunTime:0.000345s ]
INFO: [ view_filter ] --END-- [ RunTime:0.000393s ]
INFO: [ app_end ] --START--
INFO: Run Behavior\ShowPageTraceBehavior [ RunTime:0.000642s ]
INFO: [ app_end ] --END-- [ RunTime:0.000699s ]

[ 2017-02-25T13:52:07+08:00 ] ::1 /zySystem/index.php/Home/Index/jiezhen.html
INFO: [ app_init ] --START--
INFO: Run Behavior\BuildLiteBehavior [ RunTime:0.000015s ]
INFO: [ app_init ] --END-- [ RunTime:0.000374s ]
INFO: [ app_begin ] --START--
INFO: Run Behavior\ReadHtmlCacheBehavior [ RunTime:0.000746s ]
INFO: [ app_begin ] --END-- [ RunTime:0.000855s ]
SQL: SHOW COLUMNS FROM `station_p` [ RunTime:0.0043s ]
SQL: SELECT COUNT(*) AS tp_count FROM `station_p` WHERE ( jz_flag=1 ) LIMIT 1   [ RunTime:0.0052s ]
SQL: SELECT * FROM `station_p` WHERE ( jz_flag=1 ) ORDER BY p_date desc LIMIT 0,9   [ RunTime:0.0055s ]
INFO: [ view_parse ] --START--
INFO: [ template_filter ] --START--
INFO: Run Behavior\ContentReplaceBehavior [ RunTime:0.000164s ]
INFO: [ template_filter ] --END-- [ RunTime:0.000232s ]
NOTIC: [8] Use of undefined constant br_id - assumed 'br_id' F:\xampp\htdocs\zySystem\Application\Runtime\Cache\Home\f57058ef33cdbd30d34e0f5f8cf47eda.php 第 74 行.
NOTIC: [8] Use of undefined constant xh - assumed 'xh' F:\xampp\htdocs\zySystem\Application\Runtime\Cache\Home\f57058ef33cdbd30d34e0f5f8cf47eda.php 第 74 行.
NOTIC: [8] Use of undefined constant br_id - assumed 'br_id' F:\xampp\htdocs\zySystem\Application\Runtime\Cache\Home\f57058ef33cdbd30d34e0f5f8cf47eda.php 第 74 行.
NOTIC: [8] Use of undefined constant xh - assumed 'xh' F:\xampp\htdocs\zySystem\Application\Runtime\Cache\Home\f57058ef33cdbd30d34e0f5f8cf47eda.php 第 74 行.
NOTIC: [8] Use of undefined constant br_id - assumed 'br_id' F:\xampp\htdocs\zySystem\Application\Runtime\Cache\Home\f57058ef33cdbd30d34e0f5f8cf47eda.php 第 74 行.
NOTIC: [8] Use of undefined constant xh - assumed 'xh' F:\xampp\htdocs\zySystem\Application\Runtime\Cache\Home\f57058ef33cdbd30d34e0f5f8cf47eda.php 第 74 行.
NOTIC: [8] Use of undefined constant br_id - assumed 'br_id' F:\xampp\htdocs\zySystem\Application\Runtime\Cache\Home\f57058ef33cdbd30d34e0f5f8cf47eda.php 第 74 行.
NOTIC: [8] Use of undefined constant xh - assumed 'xh' F:\xampp\htdocs\zySystem\Application\Runtime\Cache\Home\f57058ef33cdbd30d34e0f5f8cf47eda.php 第 74 行.
NOTIC: [8] Use of undefined constant br_id - assumed 'br_id' F:\xampp\htdocs\zySystem\Application\Runtime\Cache\Home\f57058ef33cdbd30d34e0f5f8cf47eda.php 第 74 行.
NOTIC: [8] Use of undefined constant xh - assumed 'xh' F:\xampp\htdocs\zySystem\Application\Runtime\Cache\Home\f57058ef33cdbd30d34e0f5f8cf47eda.php 第 74 行.
NOTIC: [8] Use of undefined constant br_id - assumed 'br_id' F:\xampp\htdocs\zySystem\Application\Runtime\Cache\Home\f57058ef33cdbd30d34e0f5f8cf47eda.php 第 74 行.
NOTIC: [8] Use of undefined constant xh - assumed 'xh' F:\xampp\htdocs\zySystem\Application\Runtime\Cache\Home\f57058ef33cdbd30d34e0f5f8cf47eda.php 第 74 行.
NOTIC: [8] Use of undefined constant br_id - assumed 'br_id' F:\xampp\htdocs\zySystem\Application\Runtime\Cache\Home\f57058ef33cdbd30d34e0f5f8cf47eda.php 第 74 行.
NOTIC: [8] Use of undefined constant xh - assumed 'xh' F:\xampp\htdocs\zySystem\Application\Runtime\Cache\Home\f57058ef33cdbd30d34e0f5f8cf47eda.php 第 74 行.
NOTIC: [8] Use of undefined constant br_id - assumed 'br_id' F:\xampp\htdocs\zySystem\Application\Runtime\Cache\Home\f57058ef33cdbd30d34e0f5f8cf47eda.php 第 74 行.
NOTIC: [8] Use of undefined constant xh - assumed 'xh' F:\xampp\htdocs\zySystem\Application\Runtime\Cache\Home\f57058ef33cdbd30d34e0f5f8cf47eda.php 第 74 行.
NOTIC: [8] Use of undefined constant br_id - assumed 'br_id' F:\xampp\htdocs\zySystem\Application\Runtime\Cache\Home\f57058ef33cdbd30d34e0f5f8cf47eda.php 第 74 行.
NOTIC: [8] Use of undefined constant xh - assumed 'xh' F:\xampp\htdocs\zySystem\Application\Runtime\Cache\Home\f57058ef33cdbd30d34e0f5f8cf47eda.php 第 74 行.
INFO: Run Behavior\ParseTemplateBehavior [ RunTime:0.016426s ]
INFO: [ view_parse ] --END-- [ RunTime:0.016515s ]
INFO: [ view_filter ] --START--
INFO: Run Behavior\WriteHtmlCacheBehavior [ RunTime:0.000491s ]
INFO: [ view_filter ] --END-- [ RunTime:0.000567s ]
INFO: [ app_end ] --START--
INFO: Run Behavior\ShowPageTraceBehavior [ RunTime:0.000693s ]
INFO: [ app_end ] --END-- [ RunTime:0.000751s ]

[ 2017-02-25T13:52:11+08:00 ] ::1 /zySystem/index.php/Home/Kaifang/zyhome.html
INFO: [ app_init ] --START--
INFO: Run Behavior\BuildLiteBehavior [ RunTime:0.000015s ]
INFO: [ app_init ] --END-- [ RunTime:0.000655s ]
INFO: [ app_begin ] --START--
INFO: Run Behavior\ReadHtmlCacheBehavior [ RunTime:0.000838s ]
INFO: [ app_begin ] --END-- [ RunTime:0.000974s ]
SQL: SHOW COLUMNS FROM `bz_cf` [ RunTime:0.0046s ]
SQL: SELECT dict_drug_zy.drug_name,bz_cf.dw,dict_drug_zy.drug_code,drug_dict.xw1 FROM `bz_cf` INNER JOIN dict_drug_zy on dict_drug_zy.drug_code=bz_cf.ypdm INNER JOIN drug_dict on dict_drug_zy.drug_code=drug_dict.drug_code  WHERE bz_cf.cfdm = '1413.1001'  [ RunTime:0.0522s ]
SQL: SHOW COLUMNS FROM `tcd_szjj` [ RunTime:0.0026s ]
SQL: SELECT * FROM `tcd_szjj` WHERE ( CF_TREE='1002.1006' )  [ RunTime:0.0119s ]
INFO: [ view_parse ] --START--
INFO: [ template_filter ] --START--
INFO: Run Behavior\ContentReplaceBehavior [ RunTime:0.000194s ]
INFO: [ template_filter ] --END-- [ RunTime:0.000268s ]
INFO: Run Behavior\ParseTemplateBehavior [ RunTime:0.025600s ]
INFO: [ view_parse ] --END-- [ RunTime:0.025684s ]
INFO: [ view_filter ] --START--
INFO: Run Behavior\WriteHtmlCacheBehavior [ RunTime:0.000385s ]
INFO: [ view_filter ] --END-- [ RunTime:0.000437s ]
INFO: [ app_end ] --START--
INFO: Run Behavior\ShowPageTraceBehavior [ RunTime:0.000678s ]
INFO: [ app_end ] --END-- [ RunTime:0.000745s ]

