[ 2017-02-24T17:51:13+08:00 ] ::1 /zySystem/
INFO: [ app_init ] --START--
INFO: Run Behavior\BuildLiteBehavior [ RunTime:0.000000s ]
INFO: [ app_init ] --END-- [ RunTime:0.001000s ]
INFO: [ app_begin ] --START--
INFO: Run Behavior\ReadHtmlCacheBehavior [ RunTime:0.002000s ]
INFO: [ app_begin ] --END-- [ RunTime:0.002000s ]
INFO: [ view_parse ] --START--
INFO: [ template_filter ] --START--
INFO: Run Behavior\ContentReplaceBehavior [ RunTime:0.001000s ]
INFO: [ template_filter ] --END-- [ RunTime:0.001000s ]
INFO: Run Behavior\ParseTemplateBehavior [ RunTime:0.017001s ]
INFO: [ view_parse ] --END-- [ RunTime:0.018001s ]
INFO: [ view_filter ] --START--
INFO: Run Behavior\WriteHtmlCacheBehavior [ RunTime:0.001000s ]
INFO: [ view_filter ] --END-- [ RunTime:0.001000s ]
INFO: [ app_end ] --START--
INFO: Run Behavior\ShowPageTraceBehavior [ RunTime:0.002000s ]
INFO: [ app_end ] --END-- [ RunTime:0.002000s ]

[ 2017-02-24T17:51:17+08:00 ] ::1 /zySystem/index.php/Home/Login/Login.html
INFO: [ app_init ] --START--
INFO: Run Behavior\BuildLiteBehavior [ RunTime:0.000000s ]
INFO: [ app_init ] --END-- [ RunTime:0.001000s ]
INFO: [ app_begin ] --START--
INFO: Run Behavior\ReadHtmlCacheBehavior [ RunTime:0.002000s ]
INFO: [ app_begin ] --END-- [ RunTime:0.002000s ]
SQL: SHOW COLUMNS FROM `user-info-dict` [ RunTime:0.0020s ]
SQL: SELECT * FROM `user-info-dict` WHERE `userName` = 'yxy' AND `passWord` = '' LIMIT 1   [ RunTime:0.0030s ]

[ 2017-02-24T17:51:17+08:00 ] ::1 /zySystem/index.php/Home/index/home/rev/1.html
INFO: [ app_init ] --START--
INFO: Run Behavior\BuildLiteBehavior [ RunTime:0.000000s ]
INFO: [ app_init ] --END-- [ RunTime:0.001000s ]
INFO: [ app_begin ] --START--
INFO: Run Behavior\ReadHtmlCacheBehavior [ RunTime:0.001000s ]
INFO: [ app_begin ] --END-- [ RunTime:0.001000s ]
INFO: [ view_parse ] --START--
INFO: [ template_filter ] --START--
INFO: Run Behavior\ContentReplaceBehavior [ RunTime:0.000000s ]
INFO: [ template_filter ] --END-- [ RunTime:0.000000s ]
INFO: Run Behavior\ParseTemplateBehavior [ RunTime:0.031002s ]
INFO: [ view_parse ] --END-- [ RunTime:0.031002s ]
INFO: [ view_filter ] --START--
INFO: Run Behavior\WriteHtmlCacheBehavior [ RunTime:0.001000s ]
INFO: [ view_filter ] --END-- [ RunTime:0.001000s ]
INFO: [ app_end ] --START--
INFO: Run Behavior\ShowPageTraceBehavior [ RunTime:0.002000s ]
INFO: [ app_end ] --END-- [ RunTime:0.002000s ]

[ 2017-02-24T17:51:18+08:00 ] ::1 /zySystem/index.php/Home/Index/jiezhen.html
INFO: [ app_init ] --START--
INFO: Run Behavior\BuildLiteBehavior [ RunTime:0.000000s ]
INFO: [ app_init ] --END-- [ RunTime:0.001001s ]
INFO: [ app_begin ] --START--
INFO: Run Behavior\ReadHtmlCacheBehavior [ RunTime:0.002000s ]
INFO: [ app_begin ] --END-- [ RunTime:0.002000s ]
SQL: SHOW COLUMNS FROM `station_p` [ RunTime:0.0020s ]
SQL: SELECT COUNT(*) AS tp_count FROM `station_p` WHERE ( jz_flag=1 ) LIMIT 1   [ RunTime:0.0040s ]
SQL: SELECT * FROM `station_p` WHERE ( jz_flag=1 ) ORDER BY p_date desc LIMIT 0,9   [ RunTime:0.0030s ]
INFO: [ view_parse ] --START--
INFO: [ template_filter ] --START--
INFO: Run Behavior\ContentReplaceBehavior [ RunTime:0.001000s ]
INFO: [ template_filter ] --END-- [ RunTime:0.001000s ]
NOTIC: [8] Use of undefined constant br_id - assumed 'br_id' C:\xampp\htdocs\zySystem\Application\Runtime\Cache\Home\f57058ef33cdbd30d34e0f5f8cf47eda.php 第 74 行.
NOTIC: [8] Use of undefined constant xh - assumed 'xh' C:\xampp\htdocs\zySystem\Application\Runtime\Cache\Home\f57058ef33cdbd30d34e0f5f8cf47eda.php 第 74 行.
NOTIC: [8] Use of undefined constant br_id - assumed 'br_id' C:\xampp\htdocs\zySystem\Application\Runtime\Cache\Home\f57058ef33cdbd30d34e0f5f8cf47eda.php 第 74 行.
NOTIC: [8] Use of undefined constant xh - assumed 'xh' C:\xampp\htdocs\zySystem\Application\Runtime\Cache\Home\f57058ef33cdbd30d34e0f5f8cf47eda.php 第 74 行.
NOTIC: [8] Use of undefined constant br_id - assumed 'br_id' C:\xampp\htdocs\zySystem\Application\Runtime\Cache\Home\f57058ef33cdbd30d34e0f5f8cf47eda.php 第 74 行.
NOTIC: [8] Use of undefined constant xh - assumed 'xh' C:\xampp\htdocs\zySystem\Application\Runtime\Cache\Home\f57058ef33cdbd30d34e0f5f8cf47eda.php 第 74 行.
NOTIC: [8] Use of undefined constant br_id - assumed 'br_id' C:\xampp\htdocs\zySystem\Application\Runtime\Cache\Home\f57058ef33cdbd30d34e0f5f8cf47eda.php 第 74 行.
NOTIC: [8] Use of undefined constant xh - assumed 'xh' C:\xampp\htdocs\zySystem\Application\Runtime\Cache\Home\f57058ef33cdbd30d34e0f5f8cf47eda.php 第 74 行.
NOTIC: [8] Use of undefined constant br_id - assumed 'br_id' C:\xampp\htdocs\zySystem\Application\Runtime\Cache\Home\f57058ef33cdbd30d34e0f5f8cf47eda.php 第 74 行.
NOTIC: [8] Use of undefined constant xh - assumed 'xh' C:\xampp\htdocs\zySystem\Application\Runtime\Cache\Home\f57058ef33cdbd30d34e0f5f8cf47eda.php 第 74 行.
NOTIC: [8] Use of undefined constant br_id - assumed 'br_id' C:\xampp\htdocs\zySystem\Application\Runtime\Cache\Home\f57058ef33cdbd30d34e0f5f8cf47eda.php 第 74 行.
NOTIC: [8] Use of undefined constant xh - assumed 'xh' C:\xampp\htdocs\zySystem\Application\Runtime\Cache\Home\f57058ef33cdbd30d34e0f5f8cf47eda.php 第 74 行.
NOTIC: [8] Use of undefined constant br_id - assumed 'br_id' C:\xampp\htdocs\zySystem\Application\Runtime\Cache\Home\f57058ef33cdbd30d34e0f5f8cf47eda.php 第 74 行.
NOTIC: [8] Use of undefined constant xh - assumed 'xh' C:\xampp\htdocs\zySystem\Application\Runtime\Cache\Home\f57058ef33cdbd30d34e0f5f8cf47eda.php 第 74 行.
NOTIC: [8] Use of undefined constant br_id - assumed 'br_id' C:\xampp\htdocs\zySystem\Application\Runtime\Cache\Home\f57058ef33cdbd30d34e0f5f8cf47eda.php 第 74 行.
NOTIC: [8] Use of undefined constant xh - assumed 'xh' C:\xampp\htdocs\zySystem\Application\Runtime\Cache\Home\f57058ef33cdbd30d34e0f5f8cf47eda.php 第 74 行.
NOTIC: [8] Use of undefined constant br_id - assumed 'br_id' C:\xampp\htdocs\zySystem\Application\Runtime\Cache\Home\f57058ef33cdbd30d34e0f5f8cf47eda.php 第 74 行.
NOTIC: [8] Use of undefined constant xh - assumed 'xh' C:\xampp\htdocs\zySystem\Application\Runtime\Cache\Home\f57058ef33cdbd30d34e0f5f8cf47eda.php 第 74 行.
INFO: Run Behavior\ParseTemplateBehavior [ RunTime:0.028002s ]
INFO: [ view_parse ] --END-- [ RunTime:0.028002s ]
INFO: [ view_filter ] --START--
INFO: Run Behavior\WriteHtmlCacheBehavior [ RunTime:0.002000s ]
INFO: [ view_filter ] --END-- [ RunTime:0.002000s ]
INFO: [ app_end ] --START--
INFO: Run Behavior\ShowPageTraceBehavior [ RunTime:0.007001s ]
INFO: [ app_end ] --END-- [ RunTime:0.007001s ]

[ 2017-02-24T17:51:18+08:00 ] ::1 /zySystem/index.php/Home/Index/jiezhen.html
INFO: [ app_init ] --START--
INFO: Run Behavior\BuildLiteBehavior [ RunTime:0.000000s ]
INFO: [ app_init ] --END-- [ RunTime:0.001000s ]
INFO: [ app_begin ] --START--
INFO: Run Behavior\ReadHtmlCacheBehavior [ RunTime:0.001000s ]
INFO: [ app_begin ] --END-- [ RunTime:0.002000s ]
SQL: SHOW COLUMNS FROM `station_p` [ RunTime:0.0060s ]
SQL: SELECT COUNT(*) AS tp_count FROM `station_p` WHERE ( jz_flag=1 ) LIMIT 1   [ RunTime:0.0020s ]
SQL: SELECT * FROM `station_p` WHERE ( jz_flag=1 ) ORDER BY p_date desc LIMIT 0,9   [ RunTime:0.0070s ]
INFO: [ view_parse ] --START--
INFO: [ template_filter ] --START--
INFO: Run Behavior\ContentReplaceBehavior [ RunTime:0.000000s ]
INFO: [ template_filter ] --END-- [ RunTime:0.001000s ]
NOTIC: [8] Use of undefined constant br_id - assumed 'br_id' C:\xampp\htdocs\zySystem\Application\Runtime\Cache\Home\f57058ef33cdbd30d34e0f5f8cf47eda.php 第 74 行.
NOTIC: [8] Use of undefined constant xh - assumed 'xh' C:\xampp\htdocs\zySystem\Application\Runtime\Cache\Home\f57058ef33cdbd30d34e0f5f8cf47eda.php 第 74 行.
NOTIC: [8] Use of undefined constant br_id - assumed 'br_id' C:\xampp\htdocs\zySystem\Application\Runtime\Cache\Home\f57058ef33cdbd30d34e0f5f8cf47eda.php 第 74 行.
NOTIC: [8] Use of undefined constant xh - assumed 'xh' C:\xampp\htdocs\zySystem\Application\Runtime\Cache\Home\f57058ef33cdbd30d34e0f5f8cf47eda.php 第 74 行.
NOTIC: [8] Use of undefined constant br_id - assumed 'br_id' C:\xampp\htdocs\zySystem\Application\Runtime\Cache\Home\f57058ef33cdbd30d34e0f5f8cf47eda.php 第 74 行.
NOTIC: [8] Use of undefined constant xh - assumed 'xh' C:\xampp\htdocs\zySystem\Application\Runtime\Cache\Home\f57058ef33cdbd30d34e0f5f8cf47eda.php 第 74 行.
NOTIC: [8] Use of undefined constant br_id - assumed 'br_id' C:\xampp\htdocs\zySystem\Application\Runtime\Cache\Home\f57058ef33cdbd30d34e0f5f8cf47eda.php 第 74 行.
NOTIC: [8] Use of undefined constant xh - assumed 'xh' C:\xampp\htdocs\zySystem\Application\Runtime\Cache\Home\f57058ef33cdbd30d34e0f5f8cf47eda.php 第 74 行.
NOTIC: [8] Use of undefined constant br_id - assumed 'br_id' C:\xampp\htdocs\zySystem\Application\Runtime\Cache\Home\f57058ef33cdbd30d34e0f5f8cf47eda.php 第 74 行.
NOTIC: [8] Use of undefined constant xh - assumed 'xh' C:\xampp\htdocs\zySystem\Application\Runtime\Cache\Home\f57058ef33cdbd30d34e0f5f8cf47eda.php 第 74 行.
NOTIC: [8] Use of undefined constant br_id - assumed 'br_id' C:\xampp\htdocs\zySystem\Application\Runtime\Cache\Home\f57058ef33cdbd30d34e0f5f8cf47eda.php 第 74 行.
NOTIC: [8] Use of undefined constant xh - assumed 'xh' C:\xampp\htdocs\zySystem\Application\Runtime\Cache\Home\f57058ef33cdbd30d34e0f5f8cf47eda.php 第 74 行.
NOTIC: [8] Use of undefined constant br_id - assumed 'br_id' C:\xampp\htdocs\zySystem\Application\Runtime\Cache\Home\f57058ef33cdbd30d34e0f5f8cf47eda.php 第 74 行.
NOTIC: [8] Use of undefined constant xh - assumed 'xh' C:\xampp\htdocs\zySystem\Application\Runtime\Cache\Home\f57058ef33cdbd30d34e0f5f8cf47eda.php 第 74 行.
NOTIC: [8] Use of undefined constant br_id - assumed 'br_id' C:\xampp\htdocs\zySystem\Application\Runtime\Cache\Home\f57058ef33cdbd30d34e0f5f8cf47eda.php 第 74 行.
NOTIC: [8] Use of undefined constant xh - assumed 'xh' C:\xampp\htdocs\zySystem\Application\Runtime\Cache\Home\f57058ef33cdbd30d34e0f5f8cf47eda.php 第 74 行.
NOTIC: [8] Use of undefined constant br_id - assumed 'br_id' C:\xampp\htdocs\zySystem\Application\Runtime\Cache\Home\f57058ef33cdbd30d34e0f5f8cf47eda.php 第 74 行.
NOTIC: [8] Use of undefined constant xh - assumed 'xh' C:\xampp\htdocs\zySystem\Application\Runtime\Cache\Home\f57058ef33cdbd30d34e0f5f8cf47eda.php 第 74 行.
INFO: Run Behavior\ParseTemplateBehavior [ RunTime:0.028002s ]
INFO: [ view_parse ] --END-- [ RunTime:0.028002s ]
INFO: [ view_filter ] --START--
INFO: Run Behavior\WriteHtmlCacheBehavior [ RunTime:0.000000s ]
INFO: [ view_filter ] --END-- [ RunTime:0.001000s ]
INFO: [ app_end ] --START--
INFO: Run Behavior\ShowPageTraceBehavior [ RunTime:0.002000s ]
INFO: [ app_end ] --END-- [ RunTime:0.002000s ]

[ 2017-02-24T17:52:51+08:00 ] ::1 /zySystem/index.php/Home/Index/jiezhen.html
INFO: [ app_init ] --START--
INFO: Run Behavior\BuildLiteBehavior [ RunTime:0.000000s ]
INFO: [ app_init ] --END-- [ RunTime:0.001000s ]
INFO: [ app_begin ] --START--
INFO: Run Behavior\ReadHtmlCacheBehavior [ RunTime:0.002000s ]
INFO: [ app_begin ] --END-- [ RunTime:0.002000s ]
SQL: SHOW COLUMNS FROM `station_p` [ RunTime:0.0140s ]
SQL: SELECT COUNT(*) AS tp_count FROM `station_p` WHERE ( jz_flag=1 ) LIMIT 1   [ RunTime:0.0020s ]
SQL: SELECT * FROM `station_p` WHERE ( jz_flag=1 ) ORDER BY p_date desc LIMIT 0,9   [ RunTime:0.0090s ]
INFO: [ view_parse ] --START--
INFO: [ template_filter ] --START--
INFO: Run Behavior\ContentReplaceBehavior [ RunTime:0.000000s ]
INFO: [ template_filter ] --END-- [ RunTime:0.000000s ]
NOTIC: [8] Use of undefined constant br_id - assumed 'br_id' C:\xampp\htdocs\zySystem\Application\Runtime\Cache\Home\f57058ef33cdbd30d34e0f5f8cf47eda.php 第 74 行.
NOTIC: [8] Use of undefined constant xh - assumed 'xh' C:\xampp\htdocs\zySystem\Application\Runtime\Cache\Home\f57058ef33cdbd30d34e0f5f8cf47eda.php 第 74 行.
NOTIC: [8] Use of undefined constant br_id - assumed 'br_id' C:\xampp\htdocs\zySystem\Application\Runtime\Cache\Home\f57058ef33cdbd30d34e0f5f8cf47eda.php 第 74 行.
NOTIC: [8] Use of undefined constant xh - assumed 'xh' C:\xampp\htdocs\zySystem\Application\Runtime\Cache\Home\f57058ef33cdbd30d34e0f5f8cf47eda.php 第 74 行.
NOTIC: [8] Use of undefined constant br_id - assumed 'br_id' C:\xampp\htdocs\zySystem\Application\Runtime\Cache\Home\f57058ef33cdbd30d34e0f5f8cf47eda.php 第 74 行.
NOTIC: [8] Use of undefined constant xh - assumed 'xh' C:\xampp\htdocs\zySystem\Application\Runtime\Cache\Home\f57058ef33cdbd30d34e0f5f8cf47eda.php 第 74 行.
NOTIC: [8] Use of undefined constant br_id - assumed 'br_id' C:\xampp\htdocs\zySystem\Application\Runtime\Cache\Home\f57058ef33cdbd30d34e0f5f8cf47eda.php 第 74 行.
NOTIC: [8] Use of undefined constant xh - assumed 'xh' C:\xampp\htdocs\zySystem\Application\Runtime\Cache\Home\f57058ef33cdbd30d34e0f5f8cf47eda.php 第 74 行.
NOTIC: [8] Use of undefined constant br_id - assumed 'br_id' C:\xampp\htdocs\zySystem\Application\Runtime\Cache\Home\f57058ef33cdbd30d34e0f5f8cf47eda.php 第 74 行.
NOTIC: [8] Use of undefined constant xh - assumed 'xh' C:\xampp\htdocs\zySystem\Application\Runtime\Cache\Home\f57058ef33cdbd30d34e0f5f8cf47eda.php 第 74 行.
NOTIC: [8] Use of undefined constant br_id - assumed 'br_id' C:\xampp\htdocs\zySystem\Application\Runtime\Cache\Home\f57058ef33cdbd30d34e0f5f8cf47eda.php 第 74 行.
NOTIC: [8] Use of undefined constant xh - assumed 'xh' C:\xampp\htdocs\zySystem\Application\Runtime\Cache\Home\f57058ef33cdbd30d34e0f5f8cf47eda.php 第 74 行.
NOTIC: [8] Use of undefined constant br_id - assumed 'br_id' C:\xampp\htdocs\zySystem\Application\Runtime\Cache\Home\f57058ef33cdbd30d34e0f5f8cf47eda.php 第 74 行.
NOTIC: [8] Use of undefined constant xh - assumed 'xh' C:\xampp\htdocs\zySystem\Application\Runtime\Cache\Home\f57058ef33cdbd30d34e0f5f8cf47eda.php 第 74 行.
NOTIC: [8] Use of undefined constant br_id - assumed 'br_id' C:\xampp\htdocs\zySystem\Application\Runtime\Cache\Home\f57058ef33cdbd30d34e0f5f8cf47eda.php 第 74 行.
NOTIC: [8] Use of undefined constant xh - assumed 'xh' C:\xampp\htdocs\zySystem\Application\Runtime\Cache\Home\f57058ef33cdbd30d34e0f5f8cf47eda.php 第 74 行.
NOTIC: [8] Use of undefined constant br_id - assumed 'br_id' C:\xampp\htdocs\zySystem\Application\Runtime\Cache\Home\f57058ef33cdbd30d34e0f5f8cf47eda.php 第 74 行.
NOTIC: [8] Use of undefined constant xh - assumed 'xh' C:\xampp\htdocs\zySystem\Application\Runtime\Cache\Home\f57058ef33cdbd30d34e0f5f8cf47eda.php 第 74 行.
INFO: Run Behavior\ParseTemplateBehavior [ RunTime:0.029001s ]
INFO: [ view_parse ] --END-- [ RunTime:0.029001s ]
INFO: [ view_filter ] --START--
INFO: Run Behavior\WriteHtmlCacheBehavior [ RunTime:0.001000s ]
INFO: [ view_filter ] --END-- [ RunTime:0.001000s ]
INFO: [ app_end ] --START--
INFO: Run Behavior\ShowPageTraceBehavior [ RunTime:0.002000s ]
INFO: [ app_end ] --END-- [ RunTime:0.002000s ]

[ 2017-02-24T17:52:57+08:00 ] ::1 /zySystem/index.php/Home/Index/jiankang/id/2017022400001/xh/1.html
INFO: [ app_init ] --START--
INFO: Run Behavior\BuildLiteBehavior [ RunTime:0.000000s ]
INFO: [ app_init ] --END-- [ RunTime:0.001000s ]
INFO: [ app_begin ] --START--
INFO: Run Behavior\ReadHtmlCacheBehavior [ RunTime:0.001000s ]
INFO: [ app_begin ] --END-- [ RunTime:0.001000s ]
SQL: SHOW COLUMNS FROM `station_p` [ RunTime:0.0070s ]
NOTIC: [8] Use of undefined constant id - assumed 'id' C:\xampp\htdocs\zySystem\Application\Home\Controller\IndexController.class.php 第 344 行.
NOTIC: [8] Use of undefined constant xh - assumed 'xh' C:\xampp\htdocs\zySystem\Application\Home\Controller\IndexController.class.php 第 345 行.
NOTIC: [8] Use of undefined constant id - assumed 'id' C:\xampp\htdocs\zySystem\Application\Home\Controller\IndexController.class.php 第 348 行.
NOTIC: [8] Use of undefined constant xh - assumed 'xh' C:\xampp\htdocs\zySystem\Application\Home\Controller\IndexController.class.php 第 349 行.
SQL: SELECT * FROM `station_p` WHERE ( br_id=2017022400001 and xh=1 )  [ RunTime:0.0090s ]
NOTIC: [8] Use of undefined constant tzbsInf - assumed 'tzbsInf' C:\xampp\htdocs\zySystem\Application\Home\Controller\IndexController.class.php 第 358 行.
NOTIC: [2] array_slice() expects parameter 1 to be array, null given C:\xampp\htdocs\zySystem\Application\Home\Controller\IndexController.class.php 第 359 行.
NOTIC: [2] implode(): Invalid arguments passed C:\xampp\htdocs\zySystem\Application\Home\Controller\IndexController.class.php 第 360 行.
SQL: SHOW COLUMNS FROM `jkda_xx` [ RunTime:0.0070s ]
SQL: SHOW COLUMNS FROM `bqxx` [ RunTime:0.0040s ]
SQL: SELECT * FROM `jkda_xx` WHERE ( br_id=2017022400001 and xh=1 ) LIMIT 1   [ RunTime:0.0100s ]
SQL: SELECT * FROM `bqxx` WHERE ( br_id=2017022400001 and xh=1 ) LIMIT 1   [ RunTime:0.0080s ]
NOTIC: [8] Use of undefined constant xh - assumed 'xh' C:\xampp\htdocs\zySystem\Application\Home\Controller\IndexController.class.php 第 377 行.
SQL: SELECT bqxx.BR_ID,bqxx.XH,bqxx.jz_date FROM `bqxx` INNER JOIN station_p on bqxx.BR_ID=station_p.br_id and bqxx.XH=station_p.xh  WHERE ( bqxx.BR_ID=2017022400001 and station_p.jz_flag=2 and bqxx.XH!=1 )  [ RunTime:0.0030s ]
SQL: SHOW COLUMNS FROM `jkda_bl` [ RunTime:0.0050s ]
SQL: SELECT * FROM `jkda_bl`  [ RunTime:0.0780s ]
INFO: [ view_parse ] --START--
INFO: [ template_filter ] --START--
INFO: Run Behavior\ContentReplaceBehavior [ RunTime:0.001000s ]
INFO: [ template_filter ] --END-- [ RunTime:0.001000s ]
NOTIC: [8] Undefined variable: jk1 C:\xampp\htdocs\zySystem\Application\Runtime\Cache\Home\f3f951ef0fd5812dfb213c60ad954842.php 第 195 行.
NOTIC: [8] Undefined variable: jk1 C:\xampp\htdocs\zySystem\Application\Runtime\Cache\Home\f3f951ef0fd5812dfb213c60ad954842.php 第 203 行.
NOTIC: [8] Undefined variable: jk1 C:\xampp\htdocs\zySystem\Application\Runtime\Cache\Home\f3f951ef0fd5812dfb213c60ad954842.php 第 218 行.
NOTIC: [8] Undefined variable: jk1 C:\xampp\htdocs\zySystem\Application\Runtime\Cache\Home\f3f951ef0fd5812dfb213c60ad954842.php 第 222 行.
NOTIC: [8] Undefined variable: jk1 C:\xampp\htdocs\zySystem\Application\Runtime\Cache\Home\f3f951ef0fd5812dfb213c60ad954842.php 第 236 行.
NOTIC: [8] Undefined variable: jk1 C:\xampp\htdocs\zySystem\Application\Runtime\Cache\Home\f3f951ef0fd5812dfb213c60ad954842.php 第 248 行.
NOTIC: [8] Undefined variable: jk1 C:\xampp\htdocs\zySystem\Application\Runtime\Cache\Home\f3f951ef0fd5812dfb213c60ad954842.php 第 253 行.
NOTIC: [8] Undefined variable: jk1 C:\xampp\htdocs\zySystem\Application\Runtime\Cache\Home\f3f951ef0fd5812dfb213c60ad954842.php 第 283 行.
NOTIC: [8] Undefined variable: jk1 C:\xampp\htdocs\zySystem\Application\Runtime\Cache\Home\f3f951ef0fd5812dfb213c60ad954842.php 第 288 行.
NOTIC: [8] Undefined variable: jk1 C:\xampp\htdocs\zySystem\Application\Runtime\Cache\Home\f3f951ef0fd5812dfb213c60ad954842.php 第 320 行.
NOTIC: [8] Undefined variable: jk1 C:\xampp\htdocs\zySystem\Application\Runtime\Cache\Home\f3f951ef0fd5812dfb213c60ad954842.php 第 325 行.
NOTIC: [8] Undefined variable: jk1 C:\xampp\htdocs\zySystem\Application\Runtime\Cache\Home\f3f951ef0fd5812dfb213c60ad954842.php 第 355 行.
NOTIC: [8] Undefined variable: jk1 C:\xampp\htdocs\zySystem\Application\Runtime\Cache\Home\f3f951ef0fd5812dfb213c60ad954842.php 第 360 行.
NOTIC: [8] Undefined variable: jk1 C:\xampp\htdocs\zySystem\Application\Runtime\Cache\Home\f3f951ef0fd5812dfb213c60ad954842.php 第 389 行.
NOTIC: [8] Undefined variable: jk1 C:\xampp\htdocs\zySystem\Application\Runtime\Cache\Home\f3f951ef0fd5812dfb213c60ad954842.php 第 405 行.
NOTIC: [8] Undefined variable: jk1 C:\xampp\htdocs\zySystem\Application\Runtime\Cache\Home\f3f951ef0fd5812dfb213c60ad954842.php 第 415 行.
NOTIC: [8] Undefined variable: jk1 C:\xampp\htdocs\zySystem\Application\Runtime\Cache\Home\f3f951ef0fd5812dfb213c60ad954842.php 第 422 行.
NOTIC: [8] Undefined variable: jk1 C:\xampp\htdocs\zySystem\Application\Runtime\Cache\Home\f3f951ef0fd5812dfb213c60ad954842.php 第 429 行.
NOTIC: [8] Undefined variable: jk1 C:\xampp\htdocs\zySystem\Application\Runtime\Cache\Home\f3f951ef0fd5812dfb213c60ad954842.php 第 436 行.
NOTIC: [8] Undefined variable: jk1 C:\xampp\htdocs\zySystem\Application\Runtime\Cache\Home\f3f951ef0fd5812dfb213c60ad954842.php 第 439 行.
NOTIC: [8] Undefined variable: jk1 C:\xampp\htdocs\zySystem\Application\Runtime\Cache\Home\f3f951ef0fd5812dfb213c60ad954842.php 第 449 行.
NOTIC: [8] Undefined variable: jk1 C:\xampp\htdocs\zySystem\Application\Runtime\Cache\Home\f3f951ef0fd5812dfb213c60ad954842.php 第 467 行.
NOTIC: [8] Undefined variable: jk1 C:\xampp\htdocs\zySystem\Application\Runtime\Cache\Home\f3f951ef0fd5812dfb213c60ad954842.php 第 486 行.
NOTIC: [8] Undefined variable: jk1 C:\xampp\htdocs\zySystem\Application\Runtime\Cache\Home\f3f951ef0fd5812dfb213c60ad954842.php 第 502 行.
NOTIC: [8] Undefined variable: jk1 C:\xampp\htdocs\zySystem\Application\Runtime\Cache\Home\f3f951ef0fd5812dfb213c60ad954842.php 第 522 行.
NOTIC: [8] Undefined variable: jk1 C:\xampp\htdocs\zySystem\Application\Runtime\Cache\Home\f3f951ef0fd5812dfb213c60ad954842.php 第 538 行.
NOTIC: [8] Undefined variable: jk1 C:\xampp\htdocs\zySystem\Application\Runtime\Cache\Home\f3f951ef0fd5812dfb213c60ad954842.php 第 556 行.
NOTIC: [8] Undefined variable: jk1 C:\xampp\htdocs\zySystem\Application\Runtime\Cache\Home\f3f951ef0fd5812dfb213c60ad954842.php 第 574 行.
NOTIC: [8] Undefined variable: jk1 C:\xampp\htdocs\zySystem\Application\Runtime\Cache\Home\f3f951ef0fd5812dfb213c60ad954842.php 第 593 行.
NOTIC: [8] Undefined variable: jk1 C:\xampp\htdocs\zySystem\Application\Runtime\Cache\Home\f3f951ef0fd5812dfb213c60ad954842.php 第 609 行.
NOTIC: [8] Undefined variable: jk1 C:\xampp\htdocs\zySystem\Application\Runtime\Cache\Home\f3f951ef0fd5812dfb213c60ad954842.php 第 628 行.
NOTIC: [8] Undefined variable: jk1 C:\xampp\htdocs\zySystem\Application\Runtime\Cache\Home\f3f951ef0fd5812dfb213c60ad954842.php 第 644 行.
NOTIC: [8] Undefined variable: jk1 C:\xampp\htdocs\zySystem\Application\Runtime\Cache\Home\f3f951ef0fd5812dfb213c60ad954842.php 第 663 行.
NOTIC: [8] Undefined variable: jk1 C:\xampp\htdocs\zySystem\Application\Runtime\Cache\Home\f3f951ef0fd5812dfb213c60ad954842.php 第 679 行.
NOTIC: [8] Undefined variable: jk1 C:\xampp\htdocs\zySystem\Application\Runtime\Cache\Home\f3f951ef0fd5812dfb213c60ad954842.php 第 715 行.
NOTIC: [8] Undefined variable: jk1 C:\xampp\htdocs\zySystem\Application\Runtime\Cache\Home\f3f951ef0fd5812dfb213c60ad954842.php 第 731 行.
NOTIC: [8] Undefined variable: jk1 C:\xampp\htdocs\zySystem\Application\Runtime\Cache\Home\f3f951ef0fd5812dfb213c60ad954842.php 第 747 行.
NOTIC: [8] Undefined variable: jk1 C:\xampp\htdocs\zySystem\Application\Runtime\Cache\Home\f3f951ef0fd5812dfb213c60ad954842.php 第 765 行.
NOTIC: [8] Undefined variable: jk1 C:\xampp\htdocs\zySystem\Application\Runtime\Cache\Home\f3f951ef0fd5812dfb213c60ad954842.php 第 781 行.
NOTIC: [8] Undefined variable: jk1 C:\xampp\htdocs\zySystem\Application\Runtime\Cache\Home\f3f951ef0fd5812dfb213c60ad954842.php 第 799 行.
NOTIC: [8] Undefined variable: jk2 C:\xampp\htdocs\zySystem\Application\Runtime\Cache\Home\f3f951ef0fd5812dfb213c60ad954842.php 第 825 行.
NOTIC: [8] Undefined variable: jk2 C:\xampp\htdocs\zySystem\Application\Runtime\Cache\Home\f3f951ef0fd5812dfb213c60ad954842.php 第 841 行.
NOTIC: [8] Undefined variable: jk2 C:\xampp\htdocs\zySystem\Application\Runtime\Cache\Home\f3f951ef0fd5812dfb213c60ad954842.php 第 859 行.
NOTIC: [8] Undefined variable: jk2 C:\xampp\htdocs\zySystem\Application\Runtime\Cache\Home\f3f951ef0fd5812dfb213c60ad954842.php 第 865 行.
INFO: Run Behavior\ParseTemplateBehavior [ RunTime:0.122007s ]
INFO: [ view_parse ] --END-- [ RunTime:0.122007s ]
INFO: [ view_filter ] --START--
INFO: Run Behavior\WriteHtmlCacheBehavior [ RunTime:0.005000s ]
INFO: [ view_filter ] --END-- [ RunTime:0.005000s ]
INFO: [ app_end ] --START--
INFO: Run Behavior\ShowPageTraceBehavior [ RunTime:0.004001s ]
INFO: [ app_end ] --END-- [ RunTime:0.005001s ]

